This file contains any messages produced by compilers while
running configure, to aid debugging if configure makes a mistake.

It was created by RHYPTON Core configure 1.0.0, which was
generated by GNU Autoconf 2.69.  Invocation command line was

  $ ./configure --disable-tests --disable-bench

## --------- ##
## Platform. ##
## --------- ##

hostname = bld
uname -m = x86_64
uname -r = 4.15.0-70-generic
uname -s = Linux
uname -v = #79-Ubuntu SMP Tue Nov 12 10:36:11 UTC 2019

/usr/bin/uname -p = unknown
/bin/uname -X     = unknown

/bin/arch              = unknown
/usr/bin/arch -k       = unknown
/usr/convex/getsysinfo = unknown
/usr/bin/hostinfo      = unknown
/bin/machine           = unknown
/usr/bin/oslevel       = unknown
/bin/universe          = unknown

PATH: /usr/bin
PATH: /bin


## ----------- ##
## Core tests. ##
## ----------- ##

configure:2865: loading site script /home/administrator/walletbuilders/build_environment/dash/0.14.0.2/depends/x86_64-w64-linux/share/config.site
| depends_prefix="`dirname ${ac_site_file}`/.."
| 
| cross_compiling=maybe
| host_alias=x86_64-w64-linux
| ac_tool_prefix=${host_alias}-
| 
| if test -z $with_boost; then
|   with_boost=$depends_prefix
| fi
| if test -z $with_qt_plugindir; then
|   with_qt_plugindir=$depends_prefix/plugins
| fi
| if test -z $with_qt_translationdir; then
|   with_qt_translationdir=$depends_prefix/translations
| fi
| if test -z $with_qt_bindir; then
|   with_qt_bindir=$depends_prefix/native/bin
| fi
| if test -z $with_protoc_bindir; then
|   with_protoc_bindir=$depends_prefix/native/bin
| fi
| 
| 
| if test -z $enable_wallet && test -n ""; then
|   enable_wallet=no
| fi
| 
| if test -z $with_miniupnpc && test -n ""; then
|   with_miniupnpc=no
| fi
| 
| if test -z $with_gui && test -n ""; then
|   with_gui=no
| fi
| 
| if test xlinux = xdarwin; then
|   BREW=no
|   PORT=no
| fi
| 
| if test xlinux = xmingw32; then
|   if test -z $with_qt_incdir; then
|     with_qt_incdir=$depends_prefix/include
|   fi
|   if test -z $with_qt_libdir; then
|     with_qt_libdir=$depends_prefix/lib
|   fi
| fi
| 
| PATH=$depends_prefix/native/bin:$PATH
| PKG_CONFIG="`which pkg-config` --static"
| 
| # These two need to remain exported because pkg-config does not see them
| # otherwise. That means they must be unexported at the end of configure.ac to
| # avoid ruining the cache. Sigh.
| 
| export PKG_CONFIG_LIBDIR=$depends_prefix/lib/pkgconfig
| export PKG_CONFIG_PATH=$depends_prefix/share/pkgconfig
| 
| CPPFLAGS="-I$depends_prefix/include/ $CPPFLAGS"
| LDFLAGS="-L$depends_prefix/lib $LDFLAGS"
| 
| CC="gcc -m64"
| CXX="g++ -m64"
| OBJC="${CC}"
| CCACHE=$depends_prefix/native/bin/ccache
| PYTHONPATH=$depends_prefix/native/lib/python/dist-packages:$PYTHONPATH
| 
| if test -n "ar"; then
|   AR=ar
|   ac_cv_path_ac_pt_AR=${AR}
| fi
| 
| if test -n "ranlib"; then
|   RANLIB=ranlib
|   ac_cv_path_ac_pt_RANLIB=${RANLIB}
| fi
| 
| if test -n "nm"; then
|   NM=nm
|   ac_cv_path_ac_pt_NM=${NM}
| fi
| 
| if test -n ""; then
|   enable_reduce_exports=no
| fi
| 
| if test -n "-pipe -O2"; then
|   CFLAGS="-pipe -O2 $CFLAGS"
| fi
| if test -n "-pipe -static-libstdc++ -O2"; then
|   CXXFLAGS="-pipe -static-libstdc++ -O2 $CXXFLAGS"
| fi
| if test -n ""; then
|   CPPFLAGS=" $CPPFLAGS"
| fi
| if test -n ""; then
|   LDFLAGS=" $LDFLAGS"
| fi
configure:3004: checking build system type
configure:3018: result: x86_64-pc-linux-gnu
configure:3038: checking host system type
configure:3051: result: x86_64-w64-linux-gnu
configure:3094: checking for a BSD-compatible install
configure:3162: result: /usr/bin/install -c
configure:3173: checking whether build environment is sane
configure:3228: result: yes
configure:3287: checking for x86_64-w64-linux-strip
configure:3317: result: no
configure:3327: checking for strip
configure:3343: found /usr/bin/strip
configure:3354: result: strip
configure:3379: checking for a thread-safe mkdir -p
configure:3418: result: /bin/mkdir -p
configure:3425: checking for gawk
configure:3441: found /usr/bin/gawk
configure:3452: result: gawk
configure:3463: checking whether make sets $(MAKE)
configure:3485: result: yes
configure:3514: checking whether make supports nested variables
configure:3531: result: yes
configure:3650: checking whether to enable maintainer-specific portions of Makefiles
configure:3659: result: yes
configure:3684: checking whether make supports nested variables
configure:3701: result: yes
configure:3830: checking for C++ compiler version
configure:3839: g++ -m64 --version >&5
g++ (Ubuntu 7.4.0-1ubuntu1~18.04.1) 7.4.0
Copyright (C) 2017 Free Software Foundation, Inc.
This is free software; see the source for copying conditions.  There is NO
warranty; not even for MERCHANTABILITY or FITNESS FOR A PARTICULAR PURPOSE.

configure:3850: $? = 0
configure:3839: g++ -m64 -v >&5
Using built-in specs.
COLLECT_GCC=g++
COLLECT_LTO_WRAPPER=/usr/lib/gcc/x86_64-linux-gnu/7/lto-wrapper
OFFLOAD_TARGET_NAMES=nvptx-none
OFFLOAD_TARGET_DEFAULT=1
Target: x86_64-linux-gnu
Configured with: ../src/configure -v --with-pkgversion='Ubuntu 7.4.0-1ubuntu1~18.04.1' --with-bugurl=file:///usr/share/doc/gcc-7/README.Bugs --enable-languages=c,ada,c++,go,brig,d,fortran,objc,obj-c++ --prefix=/usr --with-gcc-major-version-only --program-suffix=-7 --program-prefix=x86_64-linux-gnu- --enable-shared --enable-linker-build-id --libexecdir=/usr/lib --without-included-gettext --enable-threads=posix --libdir=/usr/lib --enable-nls --with-sysroot=/ --enable-clocale=gnu --enable-libstdcxx-debug --enable-libstdcxx-time=yes --with-default-libstdcxx-abi=new --enable-gnu-unique-object --disable-vtable-verify --enable-libmpx --enable-plugin --enable-default-pie --with-system-zlib --with-target-system-zlib --enable-objc-gc=auto --enable-multiarch --disable-werror --with-arch-32=i686 --with-abi=m64 --with-multilib-list=m32,m64,mx32 --enable-multilib --with-tune=generic --enable-offload-targets=nvptx-none --without-cuda-driver --enable-checking=release --build=x86_64-linux-gnu --host=x86_64-linux-gnu --target=x86_64-linux-gnu
Thread model: posix
gcc version 7.4.0 (Ubuntu 7.4.0-1ubuntu1~18.04.1) 
configure:3850: $? = 0
configure:3839: g++ -m64 -V >&5
g++: error: unrecognized command line option '-V'
g++: fatal error: no input files
compilation terminated.
configure:3850: $? = 1
configure:3839: g++ -m64 -qversion >&5
g++: error: unrecognized command line option '-qversion'; did you mean '--version'?
g++: fatal error: no input files
compilation terminated.
configure:3850: $? = 1
configure:3870: checking whether the C++ compiler works
configure:3892: g++ -m64 -pipe -static-libstdc++ -O2  -I/home/administrator/walletbuilders/build_environment/dash/0.14.0.2/depends/x86_64-w64-linux/share/../include/  -L/home/administrator/walletbuilders/build_environment/dash/0.14.0.2/depends/x86_64-w64-linux/share/../lib  conftest.cpp  >&5
configure:3896: $? = 0
configure:3944: result: yes
configure:3947: checking for C++ compiler default output file name
configure:3949: result: a.out
configure:3955: checking for suffix of executables
configure:3962: g++ -m64 -o conftest -pipe -static-libstdc++ -O2  -I/home/administrator/walletbuilders/build_environment/dash/0.14.0.2/depends/x86_64-w64-linux/share/../include/  -L/home/administrator/walletbuilders/build_environment/dash/0.14.0.2/depends/x86_64-w64-linux/share/../lib  conftest.cpp  >&5
configure:3966: $? = 0
configure:3988: result: 
configure:4010: checking whether we are cross compiling
configure:4018: g++ -m64 -o conftest -pipe -static-libstdc++ -O2  -I/home/administrator/walletbuilders/build_environment/dash/0.14.0.2/depends/x86_64-w64-linux/share/../include/  -L/home/administrator/walletbuilders/build_environment/dash/0.14.0.2/depends/x86_64-w64-linux/share/../lib  conftest.cpp  >&5
configure:4022: $? = 0
configure:4029: ./conftest
configure:4033: $? = 0
configure:4048: result: no
configure:4053: checking for suffix of object files
configure:4075: g++ -m64 -c -pipe -static-libstdc++ -O2  -I/home/administrator/walletbuilders/build_environment/dash/0.14.0.2/depends/x86_64-w64-linux/share/../include/  conftest.cpp >&5
configure:4079: $? = 0
configure:4100: result: o
configure:4104: checking whether we are using the GNU C++ compiler
configure:4123: g++ -m64 -c -pipe -static-libstdc++ -O2  -I/home/administrator/walletbuilders/build_environment/dash/0.14.0.2/depends/x86_64-w64-linux/share/../include/  conftest.cpp >&5
configure:4123: $? = 0
configure:4132: result: yes
configure:4141: checking whether g++ -m64 accepts -g
configure:4161: g++ -m64 -c -g -I/home/administrator/walletbuilders/build_environment/dash/0.14.0.2/depends/x86_64-w64-linux/share/../include/  conftest.cpp >&5
configure:4161: $? = 0
configure:4202: result: yes
configure:4236: checking for style of include used by make
configure:4264: result: GNU
configure:4290: checking dependency style of g++ -m64
configure:4401: result: gcc3
configure:4439: checking whether g++ -m64 supports C++14 features with -std=c++14
configure:4855: g++ -m64 -std=c++14 -c -pipe -static-libstdc++ -O2  -I/home/administrator/walletbuilders/build_environment/dash/0.14.0.2/depends/x86_64-w64-linux/share/../include/  conftest.cpp >&5
configure:4855: $? = 0
configure:4864: result: yes
configure:4908: checking whether std::atomic can be used without link library
configure:4926: g++ -m64 -std=c++14 -o conftest -pipe -static-libstdc++ -O2  -I/home/administrator/walletbuilders/build_environment/dash/0.14.0.2/depends/x86_64-w64-linux/share/../include/  -L/home/administrator/walletbuilders/build_environment/dash/0.14.0.2/depends/x86_64-w64-linux/share/../lib  conftest.cpp  >&5
configure:4926: $? = 0
configure:4928: result: yes
configure:4997: checking for x86_64-w64-linux-g++
configure:5024: result: g++ -m64 -std=c++14
configure:5093: checking for Objective C++ compiler version
configure:5102: g++ -m64 -std=c++14 --version >&5
g++ (Ubuntu 7.4.0-1ubuntu1~18.04.1) 7.4.0
Copyright (C) 2017 Free Software Foundation, Inc.
This is free software; see the source for copying conditions.  There is NO
warranty; not even for MERCHANTABILITY or FITNESS FOR A PARTICULAR PURPOSE.

configure:5113: $? = 0
configure:5102: g++ -m64 -std=c++14 -v >&5
Using built-in specs.
COLLECT_GCC=g++
COLLECT_LTO_WRAPPER=/usr/lib/gcc/x86_64-linux-gnu/7/lto-wrapper
OFFLOAD_TARGET_NAMES=nvptx-none
OFFLOAD_TARGET_DEFAULT=1
Target: x86_64-linux-gnu
Configured with: ../src/configure -v --with-pkgversion='Ubuntu 7.4.0-1ubuntu1~18.04.1' --with-bugurl=file:///usr/share/doc/gcc-7/README.Bugs --enable-languages=c,ada,c++,go,brig,d,fortran,objc,obj-c++ --prefix=/usr --with-gcc-major-version-only --program-suffix=-7 --program-prefix=x86_64-linux-gnu- --enable-shared --enable-linker-build-id --libexecdir=/usr/lib --without-included-gettext --enable-threads=posix --libdir=/usr/lib --enable-nls --with-sysroot=/ --enable-clocale=gnu --enable-libstdcxx-debug --enable-libstdcxx-time=yes --with-default-libstdcxx-abi=new --enable-gnu-unique-object --disable-vtable-verify --enable-libmpx --enable-plugin --enable-default-pie --with-system-zlib --with-target-system-zlib --enable-objc-gc=auto --enable-multiarch --disable-werror --with-arch-32=i686 --with-abi=m64 --with-multilib-list=m32,m64,mx32 --enable-multilib --with-tune=generic --enable-offload-targets=nvptx-none --without-cuda-driver --enable-checking=release --build=x86_64-linux-gnu --host=x86_64-linux-gnu --target=x86_64-linux-gnu
Thread model: posix
gcc version 7.4.0 (Ubuntu 7.4.0-1ubuntu1~18.04.1) 
configure:5113: $? = 0
configure:5102: g++ -m64 -std=c++14 -V >&5
g++: error: unrecognized command line option '-V'
g++: fatal error: no input files
compilation terminated.
configure:5113: $? = 1
configure:5102: g++ -m64 -std=c++14 -qversion >&5
g++: error: unrecognized command line option '-qversion'; did you mean '--version'?
g++: fatal error: no input files
compilation terminated.
configure:5113: $? = 1
configure:5117: checking whether we are using the GNU Objective C++ compiler
configure:5136: g++ -m64 -std=c++14 -c  -I/home/administrator/walletbuilders/build_environment/dash/0.14.0.2/depends/x86_64-w64-linux/share/../include/  conftest.mm >&5
g++: error trying to exec 'cc1objplus': execvp: No such file or directory
configure:5136: $? = 1
configure: failed program was:
| /* confdefs.h */
| #define PACKAGE_NAME "RHYPTON Core"
| #define PACKAGE_TARNAME "rhyptoncore"
| #define PACKAGE_VERSION "1.0.0"
| #define PACKAGE_STRING "RHYPTON Core 1.0.0"
| #define PACKAGE_BUGREPORT "https://github.com/rhyptonpay/rhypton/issues"
| #define PACKAGE_URL "https://rhypton.org/"
| #define HAVE_CXX14 1
| /* end confdefs.h.  */
| 
| int
| main ()
| {
| #ifndef __GNUC__
|        choke me
| #endif
| 
|   ;
|   return 0;
| }
configure:5145: result: no
configure:5154: checking whether g++ -m64 -std=c++14 accepts -g
configure:5174: g++ -m64 -std=c++14 -c -g -I/home/administrator/walletbuilders/build_environment/dash/0.14.0.2/depends/x86_64-w64-linux/share/../include/  conftest.mm >&5
g++: error trying to exec 'cc1objplus': execvp: No such file or directory
configure:5174: $? = 1
configure: failed program was:
| /* confdefs.h */
| #define PACKAGE_NAME "RHYPTON Core"
| #define PACKAGE_TARNAME "rhyptoncore"
| #define PACKAGE_VERSION "1.0.0"
| #define PACKAGE_STRING "RHYPTON Core 1.0.0"
| #define PACKAGE_BUGREPORT "https://github.com/rhyptonpay/rhypton/issues"
| #define PACKAGE_URL "https://rhypton.org/"
| #define HAVE_CXX14 1
| /* end confdefs.h.  */
| 
| int
| main ()
| {
| 
|   ;
|   return 0;
| }
configure:5189: g++ -m64 -std=c++14 -c  -I/home/administrator/walletbuilders/build_environment/dash/0.14.0.2/depends/x86_64-w64-linux/share/../include/  conftest.mm >&5
g++: error trying to exec 'cc1objplus': execvp: No such file or directory
configure:5189: $? = 1
configure: failed program was:
| /* confdefs.h */
| #define PACKAGE_NAME "RHYPTON Core"
| #define PACKAGE_TARNAME "rhyptoncore"
| #define PACKAGE_VERSION "1.0.0"
| #define PACKAGE_STRING "RHYPTON Core 1.0.0"
| #define PACKAGE_BUGREPORT "https://github.com/rhyptonpay/rhypton/issues"
| #define PACKAGE_URL "https://rhypton.org/"
| #define HAVE_CXX14 1
| /* end confdefs.h.  */
| 
| int
| main ()
| {
| 
|   ;
|   return 0;
| }
configure:5205: g++ -m64 -std=c++14 -c -g -I/home/administrator/walletbuilders/build_environment/dash/0.14.0.2/depends/x86_64-w64-linux/share/../include/  conftest.mm >&5
g++: error trying to exec 'cc1objplus': execvp: No such file or directory
configure:5205: $? = 1
configure: failed program was:
| /* confdefs.h */
| #define PACKAGE_NAME "RHYPTON Core"
| #define PACKAGE_TARNAME "rhyptoncore"
| #define PACKAGE_VERSION "1.0.0"
| #define PACKAGE_STRING "RHYPTON Core 1.0.0"
| #define PACKAGE_BUGREPORT "https://github.com/rhyptonpay/rhypton/issues"
| #define PACKAGE_URL "https://rhypton.org/"
| #define HAVE_CXX14 1
| /* end confdefs.h.  */
| 
| int
| main ()
| {
| 
|   ;
|   return 0;
| }
configure:5215: result: no
configure:5240: checking dependency style of g++ -m64 -std=c++14
configure:5349: result: gcc3
configure:5412: checking how to print strings
configure:5439: result: printf
configure:5468: checking for x86_64-w64-linux-gcc
configure:5495: result: gcc -m64
configure:5764: checking for C compiler version
configure:5773: gcc -m64 --version >&5
gcc (Ubuntu 7.4.0-1ubuntu1~18.04.1) 7.4.0
Copyright (C) 2017 Free Software Foundation, Inc.
This is free software; see the source for copying conditions.  There is NO
warranty; not even for MERCHANTABILITY or FITNESS FOR A PARTICULAR PURPOSE.

configure:5784: $? = 0
configure:5773: gcc -m64 -v >&5
Using built-in specs.
COLLECT_GCC=gcc
COLLECT_LTO_WRAPPER=/usr/lib/gcc/x86_64-linux-gnu/7/lto-wrapper
OFFLOAD_TARGET_NAMES=nvptx-none
OFFLOAD_TARGET_DEFAULT=1
Target: x86_64-linux-gnu
Configured with: ../src/configure -v --with-pkgversion='Ubuntu 7.4.0-1ubuntu1~18.04.1' --with-bugurl=file:///usr/share/doc/gcc-7/README.Bugs --enable-languages=c,ada,c++,go,brig,d,fortran,objc,obj-c++ --prefix=/usr --with-gcc-major-version-only --program-suffix=-7 --program-prefix=x86_64-linux-gnu- --enable-shared --enable-linker-build-id --libexecdir=/usr/lib --without-included-gettext --enable-threads=posix --libdir=/usr/lib --enable-nls --with-sysroot=/ --enable-clocale=gnu --enable-libstdcxx-debug --enable-libstdcxx-time=yes --with-default-libstdcxx-abi=new --enable-gnu-unique-object --disable-vtable-verify --enable-libmpx --enable-plugin --enable-default-pie --with-system-zlib --with-target-system-zlib --enable-objc-gc=auto --enable-multiarch --disable-werror --with-arch-32=i686 --with-abi=m64 --with-multilib-list=m32,m64,mx32 --enable-multilib --with-tune=generic --enable-offload-targets=nvptx-none --without-cuda-driver --enable-checking=release --build=x86_64-linux-gnu --host=x86_64-linux-gnu --target=x86_64-linux-gnu
Thread model: posix
gcc version 7.4.0 (Ubuntu 7.4.0-1ubuntu1~18.04.1) 
configure:5784: $? = 0
configure:5773: gcc -m64 -V >&5
gcc: error: unrecognized command line option '-V'
gcc: fatal error: no input files
compilation terminated.
configure:5784: $? = 1
configure:5773: gcc -m64 -qversion >&5
gcc: error: unrecognized command line option '-qversion'; did you mean '--version'?
gcc: fatal error: no input files
compilation terminated.
configure:5784: $? = 1
configure:5788: checking whether we are using the GNU C compiler
configure:5807: gcc -m64 -c -pipe -O2  -I/home/administrator/walletbuilders/build_environment/dash/0.14.0.2/depends/x86_64-w64-linux/share/../include/  conftest.c >&5
configure:5807: $? = 0
configure:5816: result: yes
configure:5825: checking whether gcc -m64 accepts -g
configure:5845: gcc -m64 -c -g -I/home/administrator/walletbuilders/build_environment/dash/0.14.0.2/depends/x86_64-w64-linux/share/../include/  conftest.c >&5
configure:5845: $? = 0
configure:5886: result: yes
configure:5903: checking for gcc -m64 option to accept ISO C89
configure:5966: gcc -m64  -c -pipe -O2  -I/home/administrator/walletbuilders/build_environment/dash/0.14.0.2/depends/x86_64-w64-linux/share/../include/  conftest.c >&5
configure:5966: $? = 0
configure:5979: result: none needed
configure:6004: checking whether gcc -m64 understands -c and -o together
configure:6026: gcc -m64 -c conftest.c -o conftest2.o
configure:6029: $? = 0
configure:6026: gcc -m64 -c conftest.c -o conftest2.o
configure:6029: $? = 0
configure:6041: result: yes
configure:6060: checking dependency style of gcc -m64
configure:6171: result: gcc3
configure:6186: checking for a sed that does not truncate output
configure:6250: result: /bin/sed
configure:6268: checking for grep that handles long lines and -e
configure:6326: result: /bin/grep
configure:6331: checking for egrep
configure:6393: result: /bin/grep -E
configure:6398: checking for fgrep
configure:6460: result: /bin/grep -F
configure:6495: checking for ld used by gcc -m64
configure:6562: result: /usr/bin/ld
configure:6569: checking if the linker (/usr/bin/ld) is GNU ld
configure:6584: result: yes
configure:6596: checking for BSD- or MS-compatible name lister (nm)
configure:6650: result: nm
configure:6780: checking the name lister (nm) interface
configure:6787: gcc -m64 -c -pipe -O2  -I/home/administrator/walletbuilders/build_environment/dash/0.14.0.2/depends/x86_64-w64-linux/share/../include/  conftest.c >&5
configure:6790: nm "conftest.o"
configure:6793: output
0000000000000000 B some_variable
configure:6800: result: BSD nm
configure:6803: checking whether ln -s works
configure:6807: result: yes
configure:6815: checking the maximum length of command line arguments
configure:6946: result: 1572864
configure:6994: checking how to convert x86_64-pc-linux-gnu file names to x86_64-w64-linux-gnu format
configure:7034: result: func_convert_file_noop
configure:7041: checking how to convert x86_64-pc-linux-gnu file names to toolchain format
configure:7061: result: func_convert_file_noop
configure:7068: checking for /usr/bin/ld option to reload object files
configure:7075: result: -r
configure:7109: checking for x86_64-w64-linux-objdump
configure:7139: result: no
configure:7149: checking for objdump
configure:7165: found /usr/bin/objdump
configure:7176: result: objdump
configure:7208: checking how to recognize dependent libraries
configure:7408: result: pass_all
configure:7453: checking for x86_64-w64-linux-dlltool
configure:7483: result: no
configure:7493: checking for dlltool
configure:7523: result: no
configure:7553: checking how to associate runtime and link libraries
configure:7580: result: printf %s\n
configure:7597: checking for x86_64-w64-linux-ar
configure:7624: result: ar
configure:7705: checking for archiver @FILE support
configure:7722: gcc -m64 -c -pipe -O2  -I/home/administrator/walletbuilders/build_environment/dash/0.14.0.2/depends/x86_64-w64-linux/share/../include/  conftest.c >&5
configure:7722: $? = 0
configure:7725: ar cru libconftest.a @conftest.lst >&5
ar: `u' modifier ignored since `D' is the default (see `U')
configure:7728: $? = 0
configure:7733: ar cru libconftest.a @conftest.lst >&5
ar: `u' modifier ignored since `D' is the default (see `U')
ar: conftest.o: No such file or directory
configure:7736: $? = 1
configure:7748: result: @
configure:7766: checking for x86_64-w64-linux-strip
configure:7793: result: strip
configure:7865: checking for x86_64-w64-linux-ranlib
configure:7892: result: ranlib
configure:8034: checking command to parse nm output from gcc -m64 object
configure:8187: gcc -m64 -c -pipe -O2  -I/home/administrator/walletbuilders/build_environment/dash/0.14.0.2/depends/x86_64-w64-linux/share/../include/  conftest.c >&5
configure:8190: $? = 0
configure:8194: nm conftest.o \| sed -n -e 's/^.*[ ]\([ABCDGIRSTW][ABCDGIRSTW]*\)[ ][ ]*\([_A-Za-z][_A-Za-z0-9]*\)$/\1 \2 \2/p' | sed '/ __gnu_lto/d' \> conftest.nm
configure:8197: $? = 0
configure:8263: gcc -m64 -o conftest -pipe -O2  -I/home/administrator/walletbuilders/build_environment/dash/0.14.0.2/depends/x86_64-w64-linux/share/../include/  -L/home/administrator/walletbuilders/build_environment/dash/0.14.0.2/depends/x86_64-w64-linux/share/../lib  conftest.c conftstm.o >&5
configure:8266: $? = 0
configure:8304: result: ok
configure:8351: checking for sysroot
configure:8381: result: no
configure:8388: checking for a working dd
configure:8426: result: /bin/dd
configure:8430: checking how to truncate binary pipes
configure:8445: result: /bin/dd bs=4096 count=1
configure:8581: gcc -m64 -c -pipe -O2  -I/home/administrator/walletbuilders/build_environment/dash/0.14.0.2/depends/x86_64-w64-linux/share/../include/  conftest.c >&5
configure:8584: $? = 0
configure:8734: checking for x86_64-w64-linux-mt
configure:8764: result: no
configure:8774: checking for mt
configure:8790: found /bin/mt
configure:8801: result: mt
configure:8824: checking if mt is a manifest tool
configure:8830: mt '-?'
configure:8838: result: no
configure:9515: checking how to run the C preprocessor
configure:9546: gcc -m64 -E -I/home/administrator/walletbuilders/build_environment/dash/0.14.0.2/depends/x86_64-w64-linux/share/../include/  conftest.c
configure:9546: $? = 0
configure:9560: gcc -m64 -E -I/home/administrator/walletbuilders/build_environment/dash/0.14.0.2/depends/x86_64-w64-linux/share/../include/  conftest.c
conftest.c:10:10: fatal error: ac_nonexistent.h: No such file or directory
 #include <ac_nonexistent.h>
          ^~~~~~~~~~~~~~~~~~
compilation terminated.
configure:9560: $? = 1
configure: failed program was:
| /* confdefs.h */
| #define PACKAGE_NAME "RHYPTON Core"
| #define PACKAGE_TARNAME "rhyptoncore"
| #define PACKAGE_VERSION "1.0.0"
| #define PACKAGE_STRING "RHYPTON Core 1.0.0"
| #define PACKAGE_BUGREPORT "https://github.com/rhyptonpay/rhypton/issues"
| #define PACKAGE_URL "https://rhypton.org/"
| #define HAVE_CXX14 1
| /* end confdefs.h.  */
| #include <ac_nonexistent.h>
configure:9585: result: gcc -m64 -E
configure:9605: gcc -m64 -E -I/home/administrator/walletbuilders/build_environment/dash/0.14.0.2/depends/x86_64-w64-linux/share/../include/  conftest.c
configure:9605: $? = 0
configure:9619: gcc -m64 -E -I/home/administrator/walletbuilders/build_environment/dash/0.14.0.2/depends/x86_64-w64-linux/share/../include/  conftest.c
conftest.c:10:10: fatal error: ac_nonexistent.h: No such file or directory
 #include <ac_nonexistent.h>
          ^~~~~~~~~~~~~~~~~~
compilation terminated.
configure:9619: $? = 1
configure: failed program was:
| /* confdefs.h */
| #define PACKAGE_NAME "RHYPTON Core"
| #define PACKAGE_TARNAME "rhyptoncore"
| #define PACKAGE_VERSION "1.0.0"
| #define PACKAGE_STRING "RHYPTON Core 1.0.0"
| #define PACKAGE_BUGREPORT "https://github.com/rhyptonpay/rhypton/issues"
| #define PACKAGE_URL "https://rhypton.org/"
| #define HAVE_CXX14 1
| /* end confdefs.h.  */
| #include <ac_nonexistent.h>
configure:9648: checking for ANSI C header files
configure:9668: gcc -m64 -c -pipe -O2  -I/home/administrator/walletbuilders/build_environment/dash/0.14.0.2/depends/x86_64-w64-linux/share/../include/  conftest.c >&5
configure:9668: $? = 0
configure:9741: gcc -m64 -o conftest -pipe -O2  -I/home/administrator/walletbuilders/build_environment/dash/0.14.0.2/depends/x86_64-w64-linux/share/../include/  -L/home/administrator/walletbuilders/build_environment/dash/0.14.0.2/depends/x86_64-w64-linux/share/../lib  conftest.c  >&5
configure:9741: $? = 0
configure:9741: ./conftest
configure:9741: $? = 0
configure:9752: result: yes
configure:9765: checking for sys/types.h
configure:9765: gcc -m64 -c -pipe -O2  -I/home/administrator/walletbuilders/build_environment/dash/0.14.0.2/depends/x86_64-w64-linux/share/../include/  conftest.c >&5
configure:9765: $? = 0
configure:9765: result: yes
configure:9765: checking for sys/stat.h
configure:9765: gcc -m64 -c -pipe -O2  -I/home/administrator/walletbuilders/build_environment/dash/0.14.0.2/depends/x86_64-w64-linux/share/../include/  conftest.c >&5
configure:9765: $? = 0
configure:9765: result: yes
configure:9765: checking for stdlib.h
configure:9765: gcc -m64 -c -pipe -O2  -I/home/administrator/walletbuilders/build_environment/dash/0.14.0.2/depends/x86_64-w64-linux/share/../include/  conftest.c >&5
configure:9765: $? = 0
configure:9765: result: yes
configure:9765: checking for string.h
configure:9765: gcc -m64 -c -pipe -O2  -I/home/administrator/walletbuilders/build_environment/dash/0.14.0.2/depends/x86_64-w64-linux/share/../include/  conftest.c >&5
configure:9765: $? = 0
configure:9765: result: yes
configure:9765: checking for memory.h
configure:9765: gcc -m64 -c -pipe -O2  -I/home/administrator/walletbuilders/build_environment/dash/0.14.0.2/depends/x86_64-w64-linux/share/../include/  conftest.c >&5
configure:9765: $? = 0
configure:9765: result: yes
configure:9765: checking for strings.h
configure:9765: gcc -m64 -c -pipe -O2  -I/home/administrator/walletbuilders/build_environment/dash/0.14.0.2/depends/x86_64-w64-linux/share/../include/  conftest.c >&5
configure:9765: $? = 0
configure:9765: result: yes
configure:9765: checking for inttypes.h
configure:9765: gcc -m64 -c -pipe -O2  -I/home/administrator/walletbuilders/build_environment/dash/0.14.0.2/depends/x86_64-w64-linux/share/../include/  conftest.c >&5
configure:9765: $? = 0
configure:9765: result: yes
configure:9765: checking for stdint.h
configure:9765: gcc -m64 -c -pipe -O2  -I/home/administrator/walletbuilders/build_environment/dash/0.14.0.2/depends/x86_64-w64-linux/share/../include/  conftest.c >&5
configure:9765: $? = 0
configure:9765: result: yes
configure:9765: checking for unistd.h
configure:9765: gcc -m64 -c -pipe -O2  -I/home/administrator/walletbuilders/build_environment/dash/0.14.0.2/depends/x86_64-w64-linux/share/../include/  conftest.c >&5
configure:9765: $? = 0
configure:9765: result: yes
configure:9779: checking for dlfcn.h
configure:9779: gcc -m64 -c -pipe -O2  -I/home/administrator/walletbuilders/build_environment/dash/0.14.0.2/depends/x86_64-w64-linux/share/../include/  conftest.c >&5
configure:9779: $? = 0
configure:9779: result: yes
configure:10044: checking for objdir
configure:10059: result: .libs
configure:10323: checking if gcc -m64 supports -fno-rtti -fno-exceptions
configure:10341: gcc -m64 -c -pipe -O2  -I/home/administrator/walletbuilders/build_environment/dash/0.14.0.2/depends/x86_64-w64-linux/share/../include/  -fno-rtti -fno-exceptions conftest.c >&5
cc1: warning: command line option '-fno-rtti' is valid for C++/ObjC++ but not for C
configure:10345: $? = 0
configure:10358: result: no
configure:10716: checking for gcc -m64 option to produce PIC
configure:10723: result: -fPIC -DPIC
configure:10731: checking if gcc -m64 PIC flag -fPIC -DPIC works
configure:10749: gcc -m64 -c -pipe -O2  -I/home/administrator/walletbuilders/build_environment/dash/0.14.0.2/depends/x86_64-w64-linux/share/../include/  -fPIC -DPIC -DPIC conftest.c >&5
configure:10753: $? = 0
configure:10766: result: yes
configure:10795: checking if gcc -m64 static flag -static works
configure:10823: result: yes
configure:10838: checking if gcc -m64 supports -c -o file.o
configure:10859: gcc -m64 -c -pipe -O2  -I/home/administrator/walletbuilders/build_environment/dash/0.14.0.2/depends/x86_64-w64-linux/share/../include/  -o out/conftest2.o conftest.c >&5
configure:10863: $? = 0
configure:10885: result: yes
configure:10893: checking if gcc -m64 supports -c -o file.o
configure:10940: result: yes
configure:10973: checking whether the gcc -m64 linker (/usr/bin/ld -m elf_x86_64) supports shared libraries
configure:12236: result: yes
configure:12273: checking whether -lc should be explicitly linked in
configure:12281: gcc -m64 -c -pipe -O2  -I/home/administrator/walletbuilders/build_environment/dash/0.14.0.2/depends/x86_64-w64-linux/share/../include/  conftest.c >&5
configure:12284: $? = 0
configure:12299: gcc -m64 -shared  -fPIC -DPIC conftest.o  -v -Wl,-soname -Wl,conftest -o conftest 2\>\&1 \| /bin/grep  -lc  \>/dev/null 2\>\&1
configure:12302: $? = 0
configure:12316: result: no
configure:12476: checking dynamic linker characteristics
configure:13057: gcc -m64 -o conftest -pipe -O2  -I/home/administrator/walletbuilders/build_environment/dash/0.14.0.2/depends/x86_64-w64-linux/share/../include/  -L/home/administrator/walletbuilders/build_environment/dash/0.14.0.2/depends/x86_64-w64-linux/share/../lib  -Wl,-rpath -Wl,/foo conftest.c  >&5
configure:13057: $? = 0
configure:13306: result: GNU/Linux ld.so
configure:13428: checking how to hardcode library paths into programs
configure:13453: result: immediate
configure:14001: checking whether stripping libraries is possible
configure:14006: result: yes
configure:14041: checking if libtool supports shared libraries
configure:14043: result: yes
configure:14046: checking whether to build shared libraries
configure:14071: result: yes
configure:14074: checking whether to build static libraries
configure:14078: result: yes
configure:14101: checking how to run the C++ preprocessor
configure:14128: g++ -m64 -std=c++14 -E -I/home/administrator/walletbuilders/build_environment/dash/0.14.0.2/depends/x86_64-w64-linux/share/../include/  conftest.cpp
configure:14128: $? = 0
configure:14142: g++ -m64 -std=c++14 -E -I/home/administrator/walletbuilders/build_environment/dash/0.14.0.2/depends/x86_64-w64-linux/share/../include/  conftest.cpp
conftest.cpp:22:10: fatal error: ac_nonexistent.h: No such file or directory
 #include <ac_nonexistent.h>
          ^~~~~~~~~~~~~~~~~~
compilation terminated.
configure:14142: $? = 1
configure: failed program was:
| /* confdefs.h */
| #define PACKAGE_NAME "RHYPTON Core"
| #define PACKAGE_TARNAME "rhyptoncore"
| #define PACKAGE_VERSION "1.0.0"
| #define PACKAGE_STRING "RHYPTON Core 1.0.0"
| #define PACKAGE_BUGREPORT "https://github.com/rhyptonpay/rhypton/issues"
| #define PACKAGE_URL "https://rhypton.org/"
| #define HAVE_CXX14 1
| #define STDC_HEADERS 1
| #define HAVE_SYS_TYPES_H 1
| #define HAVE_SYS_STAT_H 1
| #define HAVE_STDLIB_H 1
| #define HAVE_STRING_H 1
| #define HAVE_MEMORY_H 1
| #define HAVE_STRINGS_H 1
| #define HAVE_INTTYPES_H 1
| #define HAVE_STDINT_H 1
| #define HAVE_UNISTD_H 1
| #define HAVE_DLFCN_H 1
| #define LT_OBJDIR ".libs/"
| /* end confdefs.h.  */
| #include <ac_nonexistent.h>
configure:14167: result: g++ -m64 -std=c++14 -E
configure:14187: g++ -m64 -std=c++14 -E -I/home/administrator/walletbuilders/build_environment/dash/0.14.0.2/depends/x86_64-w64-linux/share/../include/  conftest.cpp
configure:14187: $? = 0
configure:14201: g++ -m64 -std=c++14 -E -I/home/administrator/walletbuilders/build_environment/dash/0.14.0.2/depends/x86_64-w64-linux/share/../include/  conftest.cpp
conftest.cpp:22:10: fatal error: ac_nonexistent.h: No such file or directory
 #include <ac_nonexistent.h>
          ^~~~~~~~~~~~~~~~~~
compilation terminated.
configure:14201: $? = 1
configure: failed program was:
| /* confdefs.h */
| #define PACKAGE_NAME "RHYPTON Core"
| #define PACKAGE_TARNAME "rhyptoncore"
| #define PACKAGE_VERSION "1.0.0"
| #define PACKAGE_STRING "RHYPTON Core 1.0.0"
| #define PACKAGE_BUGREPORT "https://github.com/rhyptonpay/rhypton/issues"
| #define PACKAGE_URL "https://rhypton.org/"
| #define HAVE_CXX14 1
| #define STDC_HEADERS 1
| #define HAVE_SYS_TYPES_H 1
| #define HAVE_SYS_STAT_H 1
| #define HAVE_STDLIB_H 1
| #define HAVE_STRING_H 1
| #define HAVE_MEMORY_H 1
| #define HAVE_STRINGS_H 1
| #define HAVE_INTTYPES_H 1
| #define HAVE_STDINT_H 1
| #define HAVE_UNISTD_H 1
| #define HAVE_DLFCN_H 1
| #define LT_OBJDIR ".libs/"
| /* end confdefs.h.  */
| #include <ac_nonexistent.h>
configure:14363: checking for ld used by g++ -m64 -std=c++14
configure:14430: result: /usr/bin/ld -m elf_x86_64
configure:14437: checking if the linker (/usr/bin/ld -m elf_x86_64) is GNU ld
configure:14452: result: yes
configure:14507: checking whether the g++ -m64 -std=c++14 linker (/usr/bin/ld -m elf_x86_64) supports shared libraries
configure:15580: result: yes
configure:15616: g++ -m64 -std=c++14 -c -pipe -static-libstdc++ -O2  -I/home/administrator/walletbuilders/build_environment/dash/0.14.0.2/depends/x86_64-w64-linux/share/../include/  conftest.cpp >&5
configure:15619: $? = 0
configure:16100: checking for g++ -m64 -std=c++14 option to produce PIC
configure:16107: result: -fPIC -DPIC
configure:16115: checking if g++ -m64 -std=c++14 PIC flag -fPIC -DPIC works
configure:16133: g++ -m64 -std=c++14 -c -pipe -static-libstdc++ -O2  -I/home/administrator/walletbuilders/build_environment/dash/0.14.0.2/depends/x86_64-w64-linux/share/../include/  -fPIC -DPIC -DPIC conftest.cpp >&5
configure:16137: $? = 0
configure:16150: result: yes
configure:16173: checking if g++ -m64 -std=c++14 static flag -static works
configure:16201: result: yes
configure:16213: checking if g++ -m64 -std=c++14 supports -c -o file.o
configure:16234: g++ -m64 -std=c++14 -c -pipe -static-libstdc++ -O2  -I/home/administrator/walletbuilders/build_environment/dash/0.14.0.2/depends/x86_64-w64-linux/share/../include/  -o out/conftest2.o conftest.cpp >&5
configure:16238: $? = 0
configure:16260: result: yes
configure:16265: checking if g++ -m64 -std=c++14 supports -c -o file.o
configure:16312: result: yes
configure:16342: checking whether the g++ -m64 -std=c++14 linker (/usr/bin/ld -m elf_x86_64) supports shared libraries
configure:16385: result: yes
configure:16526: checking dynamic linker characteristics
configure:17283: result: GNU/Linux ld.so
configure:17348: checking how to hardcode library paths into programs
configure:17373: result: immediate
configure:17438: checking for x86_64-w64-linux-ar
configure:17471: result: no
configure:17481: checking for ar
configure:17511: result: ar
configure:17536: checking for x86_64-w64-linux-ranlib
configure:17569: result: no
configure:17579: checking for ranlib
configure:17609: result: ranlib
configure:17634: checking for x86_64-w64-linux-strip
configure:17667: result: no
configure:17677: checking for strip
configure:17695: found /usr/bin/strip
configure:17707: result: /usr/bin/strip
configure:17732: checking for x86_64-w64-linux-gcov
configure:17765: result: no
configure:17775: checking for gcov
configure:17793: found /usr/bin/gcov
configure:17805: result: /usr/bin/gcov
configure:17829: checking for lcov
configure:17862: result: no
configure:17871: checking for python3.6
configure:17889: found /usr/bin/python3.6
configure:17901: result: /usr/bin/python3.6
configure:17914: checking for genhtml
configure:17947: result: no
configure:17954: checking for git
configure:17972: found /usr/bin/git
configure:17984: result: /usr/bin/git
configure:17994: checking for ccache
configure:18024: result: /home/administrator/walletbuilders/build_environment/dash/0.14.0.2/depends/x86_64-w64-linux/share/../native/bin/ccache
configure:18034: checking for xgettext
configure:18067: result: no
configure:18074: checking for hexdump
configure:18092: found /usr/bin/hexdump
configure:18104: result: /usr/bin/hexdump
configure:18115: checking for x86_64-w64-linux-readelf
configure:18148: result: no
configure:18158: checking for readelf
configure:18176: found /usr/bin/readelf
configure:18188: result: /usr/bin/readelf
configure:18213: checking for x86_64-w64-linux-c++filt
configure:18246: result: no
configure:18256: checking for c++filt
configure:18274: found /usr/bin/c++filt
configure:18286: result: /usr/bin/c++filt
configure:18311: checking for x86_64-w64-linux-objcopy
configure:18344: result: no
configure:18354: checking for objcopy
configure:18372: found /usr/bin/objcopy
configure:18384: result: /usr/bin/objcopy
configure:18611: checking whether C++ compiler accepts -Werror
configure:18630: g++ -m64 -std=c++14 -c -pipe -static-libstdc++ -O2   -Werror -I/home/administrator/walletbuilders/build_environment/dash/0.14.0.2/depends/x86_64-w64-linux/share/../include/  conftest.cpp >&5
configure:18630: $? = 0
configure:18638: result: yes
configure:18681: checking whether the linker accepts -Wl,-wrap=__cxa_allocate_exception
configure:18700: g++ -m64 -std=c++14 -o conftest -pipe -static-libstdc++ -O2  -I/home/administrator/walletbuilders/build_environment/dash/0.14.0.2/depends/x86_64-w64-linux/share/../include/  -L/home/administrator/walletbuilders/build_environment/dash/0.14.0.2/depends/x86_64-w64-linux/share/../lib   -Wl,-wrap=__cxa_allocate_exception conftest.cpp  >&5
configure:18700: $? = 0
configure:18709: result: yes
configure:18717: checking whether C++ compiler accepts -rdynamic
configure:18736: g++ -m64 -std=c++14 -c -pipe -static-libstdc++ -O2   -rdynamic -I/home/administrator/walletbuilders/build_environment/dash/0.14.0.2/depends/x86_64-w64-linux/share/../include/  conftest.cpp >&5
configure:18736: $? = 0
configure:18744: result: yes
configure:18776: checking whether C++ compiler accepts -Wa,-mbig-obj
configure:18795: g++ -m64 -std=c++14 -c -pipe -static-libstdc++ -O2   -Wa,-mbig-obj -I/home/administrator/walletbuilders/build_environment/dash/0.14.0.2/depends/x86_64-w64-linux/share/../include/  conftest.cpp >&5
as: unrecognized option '-mbig-obj'
conftest.cpp:31:1: fatal error: error closing -: Broken pipe
 }
 ^
compilation terminated.
configure:18795: $? = 1
configure: failed program was:
| /* confdefs.h */
| #define PACKAGE_NAME "RHYPTON Core"
| #define PACKAGE_TARNAME "rhyptoncore"
| #define PACKAGE_VERSION "1.0.0"
| #define PACKAGE_STRING "RHYPTON Core 1.0.0"
| #define PACKAGE_BUGREPORT "https://github.com/rhyptonpay/rhypton/issues"
| #define PACKAGE_URL "https://rhypton.org/"
| #define HAVE_CXX14 1
| #define STDC_HEADERS 1
| #define HAVE_SYS_TYPES_H 1
| #define HAVE_SYS_STAT_H 1
| #define HAVE_STDLIB_H 1
| #define HAVE_STRING_H 1
| #define HAVE_MEMORY_H 1
| #define HAVE_STRINGS_H 1
| #define HAVE_INTTYPES_H 1
| #define HAVE_STDINT_H 1
| #define HAVE_UNISTD_H 1
| #define HAVE_DLFCN_H 1
| #define LT_OBJDIR ".libs/"
| #define ENABLE_MINER 1
| #define STACKTRACE_WRAPPED_CXX_ABI 1
| /* end confdefs.h.  */
| 
| int
| main ()
| {
| 
|   ;
|   return 0;
| }
configure:18803: result: no
configure:20904: checking for x86_64-w64-linux-pkg-config
configure:20934: result: /usr/bin/pkg-config --static
configure:21002: checking pkg-config is at least version 0.9.0
configure:21005: result: yes
configure:21111: checking whether byte ordering is bigendian
configure:21126: g++ -m64 -std=c++14 -c -pipe -static-libstdc++ -O2  -I/home/administrator/walletbuilders/build_environment/dash/0.14.0.2/depends/x86_64-w64-linux/share/../include/  -DHAVE_BUILD_INFO -D__STDC_FORMAT_MACROS conftest.cpp >&5
conftest.cpp:25:9: error: expected unqualified-id before 'not' token
         not a universal capable compiler
         ^~~
configure:21126: $? = 1
configure: failed program was:
| /* confdefs.h */
| #define PACKAGE_NAME "RHYPTON Core"
| #define PACKAGE_TARNAME "rhyptoncore"
| #define PACKAGE_VERSION "1.0.0"
| #define PACKAGE_STRING "RHYPTON Core 1.0.0"
| #define PACKAGE_BUGREPORT "https://github.com/rhyptonpay/rhypton/issues"
| #define PACKAGE_URL "https://rhypton.org/"
| #define HAVE_CXX14 1
| #define STDC_HEADERS 1
| #define HAVE_SYS_TYPES_H 1
| #define HAVE_SYS_STAT_H 1
| #define HAVE_STDLIB_H 1
| #define HAVE_STRING_H 1
| #define HAVE_MEMORY_H 1
| #define HAVE_STRINGS_H 1
| #define HAVE_INTTYPES_H 1
| #define HAVE_STDINT_H 1
| #define HAVE_UNISTD_H 1
| #define HAVE_DLFCN_H 1
| #define LT_OBJDIR ".libs/"
| #define ENABLE_MINER 1
| #define STACKTRACE_WRAPPED_CXX_ABI 1
| /* end confdefs.h.  */
| #ifndef __APPLE_CC__
| 	       not a universal capable compiler
| 	     #endif
| 	     typedef int dummy;
| 
configure:21171: g++ -m64 -std=c++14 -c -pipe -static-libstdc++ -O2  -I/home/administrator/walletbuilders/build_environment/dash/0.14.0.2/depends/x86_64-w64-linux/share/../include/  -DHAVE_BUILD_INFO -D__STDC_FORMAT_MACROS conftest.cpp >&5
configure:21171: $? = 0
configure:21189: g++ -m64 -std=c++14 -c -pipe -static-libstdc++ -O2  -I/home/administrator/walletbuilders/build_environment/dash/0.14.0.2/depends/x86_64-w64-linux/share/../include/  -DHAVE_BUILD_INFO -D__STDC_FORMAT_MACROS conftest.cpp >&5
conftest.cpp: In function 'int main()':
conftest.cpp:31:8: error: 'big' was not declared in this scope
    not big endian
        ^~~
configure:21189: $? = 1
configure: failed program was:
| /* confdefs.h */
| #define PACKAGE_NAME "RHYPTON Core"
| #define PACKAGE_TARNAME "rhyptoncore"
| #define PACKAGE_VERSION "1.0.0"
| #define PACKAGE_STRING "RHYPTON Core 1.0.0"
| #define PACKAGE_BUGREPORT "https://github.com/rhyptonpay/rhypton/issues"
| #define PACKAGE_URL "https://rhypton.org/"
| #define HAVE_CXX14 1
| #define STDC_HEADERS 1
| #define HAVE_SYS_TYPES_H 1
| #define HAVE_SYS_STAT_H 1
| #define HAVE_STDLIB_H 1
| #define HAVE_STRING_H 1
| #define HAVE_MEMORY_H 1
| #define HAVE_STRINGS_H 1
| #define HAVE_INTTYPES_H 1
| #define HAVE_STDINT_H 1
| #define HAVE_UNISTD_H 1
| #define HAVE_DLFCN_H 1
| #define LT_OBJDIR ".libs/"
| #define ENABLE_MINER 1
| #define STACKTRACE_WRAPPED_CXX_ABI 1
| /* end confdefs.h.  */
| #include <sys/types.h>
| 		#include <sys/param.h>
| 
| int
| main ()
| {
| #if BYTE_ORDER != BIG_ENDIAN
| 		 not big endian
| 		#endif
| 
|   ;
|   return 0;
| }
configure:21317: result: no
configure:21519: checking whether gcc -m64 is Clang
configure:21544: result: no
configure:21667: checking whether pthreads work with -pthread
configure:21761: gcc -m64 -o conftest -pipe -O2  -pthread -I/home/administrator/walletbuilders/build_environment/dash/0.14.0.2/depends/x86_64-w64-linux/share/../include/  -DHAVE_BUILD_INFO -D__STDC_FORMAT_MACROS -L/home/administrator/walletbuilders/build_environment/dash/0.14.0.2/depends/x86_64-w64-linux/share/../lib  conftest.c   >&5
configure:21761: $? = 0
configure:21770: result: yes
configure:21789: checking for joinable pthread attribute
configure:21807: gcc -m64 -o conftest -pipe -O2  -pthread -I/home/administrator/walletbuilders/build_environment/dash/0.14.0.2/depends/x86_64-w64-linux/share/../include/  -DHAVE_BUILD_INFO -D__STDC_FORMAT_MACROS -L/home/administrator/walletbuilders/build_environment/dash/0.14.0.2/depends/x86_64-w64-linux/share/../lib  conftest.c   >&5
configure:21807: $? = 0
configure:21815: result: PTHREAD_CREATE_JOINABLE
configure:21829: checking whether more special flags are required for pthreads
configure:21842: result: no
configure:21850: checking for PTHREAD_PRIO_INHERIT
configure:21866: gcc -m64 -o conftest -pipe -O2  -pthread -I/home/administrator/walletbuilders/build_environment/dash/0.14.0.2/depends/x86_64-w64-linux/share/../include/  -DHAVE_BUILD_INFO -D__STDC_FORMAT_MACROS -L/home/administrator/walletbuilders/build_environment/dash/0.14.0.2/depends/x86_64-w64-linux/share/../lib  conftest.c   >&5
configure:21866: $? = 0
configure:21875: result: yes
configure:21988: checking for special C compiler options needed for large files
configure:22033: result: no
configure:22039: checking for _FILE_OFFSET_BITS value needed for large files
configure:22064: g++ -m64 -std=c++14 -c -pipe -static-libstdc++ -O2  -I/home/administrator/walletbuilders/build_environment/dash/0.14.0.2/depends/x86_64-w64-linux/share/../include/  -DHAVE_BUILD_INFO -D__STDC_FORMAT_MACROS conftest.cpp >&5
configure:22064: $? = 0
configure:22096: result: no
configure:22182: checking whether strerror_r is declared
configure:22182: g++ -m64 -std=c++14 -c -pipe -static-libstdc++ -O2  -I/home/administrator/walletbuilders/build_environment/dash/0.14.0.2/depends/x86_64-w64-linux/share/../include/  -DHAVE_BUILD_INFO -D__STDC_FORMAT_MACROS conftest.cpp >&5
configure:22182: $? = 0
configure:22182: result: yes
configure:22195: checking for strerror_r
configure:22195: g++ -m64 -std=c++14 -o conftest -pipe -static-libstdc++ -O2  -I/home/administrator/walletbuilders/build_environment/dash/0.14.0.2/depends/x86_64-w64-linux/share/../include/  -DHAVE_BUILD_INFO -D__STDC_FORMAT_MACROS -L/home/administrator/walletbuilders/build_environment/dash/0.14.0.2/depends/x86_64-w64-linux/share/../lib  conftest.cpp  >&5
configure:22195: $? = 0
configure:22195: result: yes
configure:22204: checking whether strerror_r returns char *
configure:22228: g++ -m64 -std=c++14 -c -pipe -static-libstdc++ -O2  -I/home/administrator/walletbuilders/build_environment/dash/0.14.0.2/depends/x86_64-w64-linux/share/../include/  -DHAVE_BUILD_INFO -D__STDC_FORMAT_MACROS conftest.cpp >&5
configure:22228: $? = 0
configure:22266: result: yes
configure:22287: checking whether the linker accepts -Wl,--large-address-aware
configure:22306: g++ -m64 -std=c++14 -o conftest -pipe -static-libstdc++ -O2  -I/home/administrator/walletbuilders/build_environment/dash/0.14.0.2/depends/x86_64-w64-linux/share/../include/  -DHAVE_BUILD_INFO -D__STDC_FORMAT_MACROS -L/home/administrator/walletbuilders/build_environment/dash/0.14.0.2/depends/x86_64-w64-linux/share/../lib   -Wl,--large-address-aware conftest.cpp  >&5
/usr/bin/ld: unrecognized option '--large-address-aware'
/usr/bin/ld: use the --help option for usage information
collect2: error: ld returned 1 exit status
configure:22306: $? = 1
configure: failed program was:
| /* confdefs.h */
| #define PACKAGE_NAME "RHYPTON Core"
| #define PACKAGE_TARNAME "rhyptoncore"
| #define PACKAGE_VERSION "1.0.0"
| #define PACKAGE_STRING "RHYPTON Core 1.0.0"
| #define PACKAGE_BUGREPORT "https://github.com/rhyptonpay/rhypton/issues"
| #define PACKAGE_URL "https://rhypton.org/"
| #define HAVE_CXX14 1
| #define STDC_HEADERS 1
| #define HAVE_SYS_TYPES_H 1
| #define HAVE_SYS_STAT_H 1
| #define HAVE_STDLIB_H 1
| #define HAVE_STRING_H 1
| #define HAVE_MEMORY_H 1
| #define HAVE_STRINGS_H 1
| #define HAVE_INTTYPES_H 1
| #define HAVE_STDINT_H 1
| #define HAVE_UNISTD_H 1
| #define HAVE_DLFCN_H 1
| #define LT_OBJDIR ".libs/"
| #define ENABLE_MINER 1
| #define STACKTRACE_WRAPPED_CXX_ABI 1
| #define HAVE_PTHREAD_PRIO_INHERIT 1
| #define HAVE_PTHREAD 1
| #define HAVE_DECL_STRERROR_R 1
| #define HAVE_STRERROR_R 1
| #define STRERROR_R_CHAR_P 1
| /* end confdefs.h.  */
| 
| int
| main ()
| {
| 
|   ;
|   return 0;
| }
configure:22315: result: no
configure:22327: checking for __attribute__((visibility))
configure:22351: g++ -m64 -std=c++14 -o conftest -pipe -static-libstdc++ -O2  -I/home/administrator/walletbuilders/build_environment/dash/0.14.0.2/depends/x86_64-w64-linux/share/../include/  -DHAVE_BUILD_INFO -D__STDC_FORMAT_MACROS -L/home/administrator/walletbuilders/build_environment/dash/0.14.0.2/depends/x86_64-w64-linux/share/../lib  conftest.cpp  >&5
configure:22351: $? = 0
configure:22364: result: yes
configure:22380: checking for __attribute__((dllexport))
configure:22401: g++ -m64 -std=c++14 -o conftest -pipe -static-libstdc++ -O2  -I/home/administrator/walletbuilders/build_environment/dash/0.14.0.2/depends/x86_64-w64-linux/share/../include/  -DHAVE_BUILD_INFO -D__STDC_FORMAT_MACROS -L/home/administrator/walletbuilders/build_environment/dash/0.14.0.2/depends/x86_64-w64-linux/share/../lib  conftest.cpp  >&5
conftest.cpp:32:62: warning: 'dllexport' attribute directive ignored [-Wattributes]
                     __attribute__((dllexport)) int foo( void ) { return 0; }
                                                              ^
configure:22401: $? = 0
configure:22414: result: no
configure:22430: checking for __attribute__((dllimport))
configure:22451: g++ -m64 -std=c++14 -o conftest -pipe -static-libstdc++ -O2  -I/home/administrator/walletbuilders/build_environment/dash/0.14.0.2/depends/x86_64-w64-linux/share/../include/  -DHAVE_BUILD_INFO -D__STDC_FORMAT_MACROS -L/home/administrator/walletbuilders/build_environment/dash/0.14.0.2/depends/x86_64-w64-linux/share/../lib  conftest.cpp  >&5
conftest.cpp:32:62: warning: 'dllimport' attribute directive ignored [-Wattributes]
                     int foo( void ) __attribute__((dllimport));
                                                              ^
configure:22451: $? = 0
configure:22464: result: no
configure:22564: checking for library containing clock_gettime
configure:22595: g++ -m64 -std=c++14 -o conftest -pipe -static-libstdc++ -O2  -I/home/administrator/walletbuilders/build_environment/dash/0.14.0.2/depends/x86_64-w64-linux/share/../include/  -DHAVE_BUILD_INFO -D__STDC_FORMAT_MACROS -L/home/administrator/walletbuilders/build_environment/dash/0.14.0.2/depends/x86_64-w64-linux/share/../lib  conftest.cpp  >&5
configure:22595: $? = 0
configure:22612: result: none required
configure:22624: checking whether C++ compiler accepts -fPIC
configure:22643: g++ -m64 -std=c++14 -c -pipe -static-libstdc++ -O2   -fPIC -I/home/administrator/walletbuilders/build_environment/dash/0.14.0.2/depends/x86_64-w64-linux/share/../include/  -DHAVE_BUILD_INFO -D__STDC_FORMAT_MACROS conftest.cpp >&5
configure:22643: $? = 0
configure:22651: result: yes
configure:22662: checking whether C++ compiler accepts -Wstack-protector
configure:22681: g++ -m64 -std=c++14 -c -pipe -static-libstdc++ -O2   -Wstack-protector -I/home/administrator/walletbuilders/build_environment/dash/0.14.0.2/depends/x86_64-w64-linux/share/../include/  -DHAVE_BUILD_INFO -D__STDC_FORMAT_MACROS conftest.cpp >&5
configure:22681: $? = 0
configure:22689: result: yes
configure:22697: checking whether C++ compiler accepts -fstack-protector-all
configure:22716: g++ -m64 -std=c++14 -c -pipe -static-libstdc++ -O2   -fstack-protector-all -I/home/administrator/walletbuilders/build_environment/dash/0.14.0.2/depends/x86_64-w64-linux/share/../include/  -DHAVE_BUILD_INFO -D__STDC_FORMAT_MACROS conftest.cpp >&5
configure:22716: $? = 0
configure:22724: result: yes
configure:22734: checking whether C++ preprocessor accepts -D_FORTIFY_SOURCE=2
configure:22753: g++ -m64 -std=c++14 -E -I/home/administrator/walletbuilders/build_environment/dash/0.14.0.2/depends/x86_64-w64-linux/share/../include/  -DHAVE_BUILD_INFO -D__STDC_FORMAT_MACROS  -D_FORTIFY_SOURCE=2 conftest.cpp
configure:22753: $? = 0
configure:22761: result: yes
configure:22765: checking whether C++ preprocessor accepts -U_FORTIFY_SOURCE
configure:22784: g++ -m64 -std=c++14 -E -I/home/administrator/walletbuilders/build_environment/dash/0.14.0.2/depends/x86_64-w64-linux/share/../include/  -DHAVE_BUILD_INFO -D__STDC_FORMAT_MACROS  -U_FORTIFY_SOURCE conftest.cpp
configure:22784: $? = 0
configure:22792: result: yes
configure:22809: checking whether the linker accepts -Wl,--dynamicbase
configure:22828: g++ -m64 -std=c++14 -o conftest -pipe -static-libstdc++ -O2  -I/home/administrator/walletbuilders/build_environment/dash/0.14.0.2/depends/x86_64-w64-linux/share/../include/  -DHAVE_BUILD_INFO -D__STDC_FORMAT_MACROS -L/home/administrator/walletbuilders/build_environment/dash/0.14.0.2/depends/x86_64-w64-linux/share/../lib   -Wl,--dynamicbase conftest.cpp  >&5
/usr/bin/ld: unrecognized option '--dynamicbase'
/usr/bin/ld: use the --help option for usage information
collect2: error: ld returned 1 exit status
configure:22828: $? = 1
configure: failed program was:
| /* confdefs.h */
| #define PACKAGE_NAME "RHYPTON Core"
| #define PACKAGE_TARNAME "rhyptoncore"
| #define PACKAGE_VERSION "1.0.0"
| #define PACKAGE_STRING "RHYPTON Core 1.0.0"
| #define PACKAGE_BUGREPORT "https://github.com/rhyptonpay/rhypton/issues"
| #define PACKAGE_URL "https://rhypton.org/"
| #define HAVE_CXX14 1
| #define STDC_HEADERS 1
| #define HAVE_SYS_TYPES_H 1
| #define HAVE_SYS_STAT_H 1
| #define HAVE_STDLIB_H 1
| #define HAVE_STRING_H 1
| #define HAVE_MEMORY_H 1
| #define HAVE_STRINGS_H 1
| #define HAVE_INTTYPES_H 1
| #define HAVE_STDINT_H 1
| #define HAVE_UNISTD_H 1
| #define HAVE_DLFCN_H 1
| #define LT_OBJDIR ".libs/"
| #define ENABLE_MINER 1
| #define STACKTRACE_WRAPPED_CXX_ABI 1
| #define HAVE_PTHREAD_PRIO_INHERIT 1
| #define HAVE_PTHREAD 1
| #define HAVE_DECL_STRERROR_R 1
| #define HAVE_STRERROR_R 1
| #define STRERROR_R_CHAR_P 1
| #define HAVE_FUNC_ATTRIBUTE_VISIBILITY 1
| /* end confdefs.h.  */
| 
| int
| main ()
| {
| 
|   ;
|   return 0;
| }
configure:22837: result: no
configure:22845: checking whether the linker accepts -Wl,--nxcompat
configure:22864: g++ -m64 -std=c++14 -o conftest -pipe -static-libstdc++ -O2  -I/home/administrator/walletbuilders/build_environment/dash/0.14.0.2/depends/x86_64-w64-linux/share/../include/  -DHAVE_BUILD_INFO -D__STDC_FORMAT_MACROS -L/home/administrator/walletbuilders/build_environment/dash/0.14.0.2/depends/x86_64-w64-linux/share/../lib   -Wl,--nxcompat conftest.cpp  >&5
/usr/bin/ld: unrecognized option '--nxcompat'
/usr/bin/ld: use the --help option for usage information
collect2: error: ld returned 1 exit status
configure:22864: $? = 1
configure: failed program was:
| /* confdefs.h */
| #define PACKAGE_NAME "RHYPTON Core"
| #define PACKAGE_TARNAME "rhyptoncore"
| #define PACKAGE_VERSION "1.0.0"
| #define PACKAGE_STRING "RHYPTON Core 1.0.0"
| #define PACKAGE_BUGREPORT "https://github.com/rhyptonpay/rhypton/issues"
| #define PACKAGE_URL "https://rhypton.org/"
| #define HAVE_CXX14 1
| #define STDC_HEADERS 1
| #define HAVE_SYS_TYPES_H 1
| #define HAVE_SYS_STAT_H 1
| #define HAVE_STDLIB_H 1
| #define HAVE_STRING_H 1
| #define HAVE_MEMORY_H 1
| #define HAVE_STRINGS_H 1
| #define HAVE_INTTYPES_H 1
| #define HAVE_STDINT_H 1
| #define HAVE_UNISTD_H 1
| #define HAVE_DLFCN_H 1
| #define LT_OBJDIR ".libs/"
| #define ENABLE_MINER 1
| #define STACKTRACE_WRAPPED_CXX_ABI 1
| #define HAVE_PTHREAD_PRIO_INHERIT 1
| #define HAVE_PTHREAD 1
| #define HAVE_DECL_STRERROR_R 1
| #define HAVE_STRERROR_R 1
| #define STRERROR_R_CHAR_P 1
| #define HAVE_FUNC_ATTRIBUTE_VISIBILITY 1
| /* end confdefs.h.  */
| 
| int
| main ()
| {
| 
|   ;
|   return 0;
| }
configure:22873: result: no
configure:22881: checking whether the linker accepts -Wl,--high-entropy-va
configure:22900: g++ -m64 -std=c++14 -o conftest -pipe -static-libstdc++ -O2  -I/home/administrator/walletbuilders/build_environment/dash/0.14.0.2/depends/x86_64-w64-linux/share/../include/  -DHAVE_BUILD_INFO -D__STDC_FORMAT_MACROS -L/home/administrator/walletbuilders/build_environment/dash/0.14.0.2/depends/x86_64-w64-linux/share/../lib   -Wl,--high-entropy-va conftest.cpp  >&5
/usr/bin/ld: unrecognized option '--high-entropy-va'
/usr/bin/ld: use the --help option for usage information
collect2: error: ld returned 1 exit status
configure:22900: $? = 1
configure: failed program was:
| /* confdefs.h */
| #define PACKAGE_NAME "RHYPTON Core"
| #define PACKAGE_TARNAME "rhyptoncore"
| #define PACKAGE_VERSION "1.0.0"
| #define PACKAGE_STRING "RHYPTON Core 1.0.0"
| #define PACKAGE_BUGREPORT "https://github.com/rhyptonpay/rhypton/issues"
| #define PACKAGE_URL "https://rhypton.org/"
| #define HAVE_CXX14 1
| #define STDC_HEADERS 1
| #define HAVE_SYS_TYPES_H 1
| #define HAVE_SYS_STAT_H 1
| #define HAVE_STDLIB_H 1
| #define HAVE_STRING_H 1
| #define HAVE_MEMORY_H 1
| #define HAVE_STRINGS_H 1
| #define HAVE_INTTYPES_H 1
| #define HAVE_STDINT_H 1
| #define HAVE_UNISTD_H 1
| #define HAVE_DLFCN_H 1
| #define LT_OBJDIR ".libs/"
| #define ENABLE_MINER 1
| #define STACKTRACE_WRAPPED_CXX_ABI 1
| #define HAVE_PTHREAD_PRIO_INHERIT 1
| #define HAVE_PTHREAD 1
| #define HAVE_DECL_STRERROR_R 1
| #define HAVE_STRERROR_R 1
| #define STRERROR_R_CHAR_P 1
| #define HAVE_FUNC_ATTRIBUTE_VISIBILITY 1
| /* end confdefs.h.  */
| 
| int
| main ()
| {
| 
|   ;
|   return 0;
| }
configure:22909: result: no
configure:22917: checking whether the linker accepts -Wl,-z,relro
configure:22936: g++ -m64 -std=c++14 -o conftest -pipe -static-libstdc++ -O2  -I/home/administrator/walletbuilders/build_environment/dash/0.14.0.2/depends/x86_64-w64-linux/share/../include/  -DHAVE_BUILD_INFO -D__STDC_FORMAT_MACROS -L/home/administrator/walletbuilders/build_environment/dash/0.14.0.2/depends/x86_64-w64-linux/share/../lib   -Wl,-z,relro conftest.cpp  >&5
configure:22936: $? = 0
configure:22945: result: yes
configure:22953: checking whether the linker accepts -Wl,-z,now
configure:22972: g++ -m64 -std=c++14 -o conftest -pipe -static-libstdc++ -O2  -I/home/administrator/walletbuilders/build_environment/dash/0.14.0.2/depends/x86_64-w64-linux/share/../include/  -DHAVE_BUILD_INFO -D__STDC_FORMAT_MACROS -L/home/administrator/walletbuilders/build_environment/dash/0.14.0.2/depends/x86_64-w64-linux/share/../lib   -Wl,-z,now conftest.cpp  >&5
configure:22972: $? = 0
configure:22981: result: yes
configure:22991: checking whether C++ compiler accepts -fPIE
configure:23010: g++ -m64 -std=c++14 -c -pipe -static-libstdc++ -O2   -fPIE -I/home/administrator/walletbuilders/build_environment/dash/0.14.0.2/depends/x86_64-w64-linux/share/../include/  -DHAVE_BUILD_INFO -D__STDC_FORMAT_MACROS conftest.cpp >&5
configure:23010: $? = 0
configure:23018: result: yes
configure:23026: checking whether the linker accepts -pie
configure:23045: g++ -m64 -std=c++14 -o conftest -pipe -static-libstdc++ -O2  -I/home/administrator/walletbuilders/build_environment/dash/0.14.0.2/depends/x86_64-w64-linux/share/../include/  -DHAVE_BUILD_INFO -D__STDC_FORMAT_MACROS -L/home/administrator/walletbuilders/build_environment/dash/0.14.0.2/depends/x86_64-w64-linux/share/../lib   -pie conftest.cpp  >&5
configure:23045: $? = 0
configure:23054: result: yes
configure:23153: checking endian.h usability
configure:23153: g++ -m64 -std=c++14 -c -pipe -static-libstdc++ -O2  -I/home/administrator/walletbuilders/build_environment/dash/0.14.0.2/depends/x86_64-w64-linux/share/../include/  -DHAVE_BUILD_INFO -D__STDC_FORMAT_MACROS conftest.cpp >&5
configure:23153: $? = 0
configure:23153: result: yes
configure:23153: checking endian.h presence
configure:23153: g++ -m64 -std=c++14 -E -I/home/administrator/walletbuilders/build_environment/dash/0.14.0.2/depends/x86_64-w64-linux/share/../include/  -DHAVE_BUILD_INFO -D__STDC_FORMAT_MACROS conftest.cpp
configure:23153: $? = 0
configure:23153: result: yes
configure:23153: checking for endian.h
configure:23153: result: yes
configure:23153: checking sys/endian.h usability
configure:23153: g++ -m64 -std=c++14 -c -pipe -static-libstdc++ -O2  -I/home/administrator/walletbuilders/build_environment/dash/0.14.0.2/depends/x86_64-w64-linux/share/../include/  -DHAVE_BUILD_INFO -D__STDC_FORMAT_MACROS conftest.cpp >&5
conftest.cpp:64:10: fatal error: sys/endian.h: No such file or directory
 #include <sys/endian.h>
          ^~~~~~~~~~~~~~
compilation terminated.
configure:23153: $? = 1
configure: failed program was:
| /* confdefs.h */
| #define PACKAGE_NAME "RHYPTON Core"
| #define PACKAGE_TARNAME "rhyptoncore"
| #define PACKAGE_VERSION "1.0.0"
| #define PACKAGE_STRING "RHYPTON Core 1.0.0"
| #define PACKAGE_BUGREPORT "https://github.com/rhyptonpay/rhypton/issues"
| #define PACKAGE_URL "https://rhypton.org/"
| #define HAVE_CXX14 1
| #define STDC_HEADERS 1
| #define HAVE_SYS_TYPES_H 1
| #define HAVE_SYS_STAT_H 1
| #define HAVE_STDLIB_H 1
| #define HAVE_STRING_H 1
| #define HAVE_MEMORY_H 1
| #define HAVE_STRINGS_H 1
| #define HAVE_INTTYPES_H 1
| #define HAVE_STDINT_H 1
| #define HAVE_UNISTD_H 1
| #define HAVE_DLFCN_H 1
| #define LT_OBJDIR ".libs/"
| #define ENABLE_MINER 1
| #define STACKTRACE_WRAPPED_CXX_ABI 1
| #define HAVE_PTHREAD_PRIO_INHERIT 1
| #define HAVE_PTHREAD 1
| #define HAVE_DECL_STRERROR_R 1
| #define HAVE_STRERROR_R 1
| #define STRERROR_R_CHAR_P 1
| #define HAVE_FUNC_ATTRIBUTE_VISIBILITY 1
| #define HAVE_ENDIAN_H 1
| /* end confdefs.h.  */
| #include <stdio.h>
| #ifdef HAVE_SYS_TYPES_H
| # include <sys/types.h>
| #endif
| #ifdef HAVE_SYS_STAT_H
| # include <sys/stat.h>
| #endif
| #ifdef STDC_HEADERS
| # include <stdlib.h>
| # include <stddef.h>
| #else
| # ifdef HAVE_STDLIB_H
| #  include <stdlib.h>
| # endif
| #endif
| #ifdef HAVE_STRING_H
| # if !defined STDC_HEADERS && defined HAVE_MEMORY_H
| #  include <memory.h>
| # endif
| # include <string.h>
| #endif
| #ifdef HAVE_STRINGS_H
| # include <strings.h>
| #endif
| #ifdef HAVE_INTTYPES_H
| # include <inttypes.h>
| #endif
| #ifdef HAVE_STDINT_H
| # include <stdint.h>
| #endif
| #ifdef HAVE_UNISTD_H
| # include <unistd.h>
| #endif
| #include <sys/endian.h>
configure:23153: result: no
configure:23153: checking sys/endian.h presence
configure:23153: g++ -m64 -std=c++14 -E -I/home/administrator/walletbuilders/build_environment/dash/0.14.0.2/depends/x86_64-w64-linux/share/../include/  -DHAVE_BUILD_INFO -D__STDC_FORMAT_MACROS conftest.cpp
conftest.cpp:31:10: fatal error: sys/endian.h: No such file or directory
 #include <sys/endian.h>
          ^~~~~~~~~~~~~~
compilation terminated.
configure:23153: $? = 1
configure: failed program was:
| /* confdefs.h */
| #define PACKAGE_NAME "RHYPTON Core"
| #define PACKAGE_TARNAME "rhyptoncore"
| #define PACKAGE_VERSION "1.0.0"
| #define PACKAGE_STRING "RHYPTON Core 1.0.0"
| #define PACKAGE_BUGREPORT "https://github.com/rhyptonpay/rhypton/issues"
| #define PACKAGE_URL "https://rhypton.org/"
| #define HAVE_CXX14 1
| #define STDC_HEADERS 1
| #define HAVE_SYS_TYPES_H 1
| #define HAVE_SYS_STAT_H 1
| #define HAVE_STDLIB_H 1
| #define HAVE_STRING_H 1
| #define HAVE_MEMORY_H 1
| #define HAVE_STRINGS_H 1
| #define HAVE_INTTYPES_H 1
| #define HAVE_STDINT_H 1
| #define HAVE_UNISTD_H 1
| #define HAVE_DLFCN_H 1
| #define LT_OBJDIR ".libs/"
| #define ENABLE_MINER 1
| #define STACKTRACE_WRAPPED_CXX_ABI 1
| #define HAVE_PTHREAD_PRIO_INHERIT 1
| #define HAVE_PTHREAD 1
| #define HAVE_DECL_STRERROR_R 1
| #define HAVE_STRERROR_R 1
| #define STRERROR_R_CHAR_P 1
| #define HAVE_FUNC_ATTRIBUTE_VISIBILITY 1
| #define HAVE_ENDIAN_H 1
| /* end confdefs.h.  */
| #include <sys/endian.h>
configure:23153: result: no
configure:23153: checking for sys/endian.h
configure:23153: result: no
configure:23153: checking byteswap.h usability
configure:23153: g++ -m64 -std=c++14 -c -pipe -static-libstdc++ -O2  -I/home/administrator/walletbuilders/build_environment/dash/0.14.0.2/depends/x86_64-w64-linux/share/../include/  -DHAVE_BUILD_INFO -D__STDC_FORMAT_MACROS conftest.cpp >&5
configure:23153: $? = 0
configure:23153: result: yes
configure:23153: checking byteswap.h presence
configure:23153: g++ -m64 -std=c++14 -E -I/home/administrator/walletbuilders/build_environment/dash/0.14.0.2/depends/x86_64-w64-linux/share/../include/  -DHAVE_BUILD_INFO -D__STDC_FORMAT_MACROS conftest.cpp
configure:23153: $? = 0
configure:23153: result: yes
configure:23153: checking for byteswap.h
configure:23153: result: yes
configure:23153: checking stdio.h usability
configure:23153: g++ -m64 -std=c++14 -c -pipe -static-libstdc++ -O2  -I/home/administrator/walletbuilders/build_environment/dash/0.14.0.2/depends/x86_64-w64-linux/share/../include/  -DHAVE_BUILD_INFO -D__STDC_FORMAT_MACROS conftest.cpp >&5
configure:23153: $? = 0
configure:23153: result: yes
configure:23153: checking stdio.h presence
configure:23153: g++ -m64 -std=c++14 -E -I/home/administrator/walletbuilders/build_environment/dash/0.14.0.2/depends/x86_64-w64-linux/share/../include/  -DHAVE_BUILD_INFO -D__STDC_FORMAT_MACROS conftest.cpp
configure:23153: $? = 0
configure:23153: result: yes
configure:23153: checking for stdio.h
configure:23153: result: yes
configure:23153: checking for stdlib.h
configure:23153: result: yes
configure:23153: checking for unistd.h
configure:23153: result: yes
configure:23153: checking for strings.h
configure:23153: result: yes
configure:23153: checking for sys/types.h
configure:23153: result: yes
configure:23153: checking for sys/stat.h
configure:23153: result: yes
configure:23153: checking sys/select.h usability
configure:23153: g++ -m64 -std=c++14 -c -pipe -static-libstdc++ -O2  -I/home/administrator/walletbuilders/build_environment/dash/0.14.0.2/depends/x86_64-w64-linux/share/../include/  -DHAVE_BUILD_INFO -D__STDC_FORMAT_MACROS conftest.cpp >&5
configure:23153: $? = 0
configure:23153: result: yes
configure:23153: checking sys/select.h presence
configure:23153: g++ -m64 -std=c++14 -E -I/home/administrator/walletbuilders/build_environment/dash/0.14.0.2/depends/x86_64-w64-linux/share/../include/  -DHAVE_BUILD_INFO -D__STDC_FORMAT_MACROS conftest.cpp
configure:23153: $? = 0
configure:23153: result: yes
configure:23153: checking for sys/select.h
configure:23153: result: yes
configure:23153: checking sys/prctl.h usability
configure:23153: g++ -m64 -std=c++14 -c -pipe -static-libstdc++ -O2  -I/home/administrator/walletbuilders/build_environment/dash/0.14.0.2/depends/x86_64-w64-linux/share/../include/  -DHAVE_BUILD_INFO -D__STDC_FORMAT_MACROS conftest.cpp >&5
configure:23153: $? = 0
configure:23153: result: yes
configure:23153: checking sys/prctl.h presence
configure:23153: g++ -m64 -std=c++14 -E -I/home/administrator/walletbuilders/build_environment/dash/0.14.0.2/depends/x86_64-w64-linux/share/../include/  -DHAVE_BUILD_INFO -D__STDC_FORMAT_MACROS conftest.cpp
configure:23153: $? = 0
configure:23153: result: yes
configure:23153: checking for sys/prctl.h
configure:23153: result: yes
configure:23164: checking whether strnlen is declared
configure:23164: g++ -m64 -std=c++14 -c -pipe -static-libstdc++ -O2  -I/home/administrator/walletbuilders/build_environment/dash/0.14.0.2/depends/x86_64-w64-linux/share/../include/  -DHAVE_BUILD_INFO -D__STDC_FORMAT_MACROS conftest.cpp >&5
configure:23164: $? = 0
configure:23164: result: yes
configure:23177: checking whether daemon is declared
configure:23177: g++ -m64 -std=c++14 -c -pipe -static-libstdc++ -O2  -I/home/administrator/walletbuilders/build_environment/dash/0.14.0.2/depends/x86_64-w64-linux/share/../include/  -DHAVE_BUILD_INFO -D__STDC_FORMAT_MACROS conftest.cpp >&5
configure:23177: $? = 0
configure:23177: result: yes
configure:23189: checking whether le16toh is declared
configure:23189: g++ -m64 -std=c++14 -c -pipe -static-libstdc++ -O2  -I/home/administrator/walletbuilders/build_environment/dash/0.14.0.2/depends/x86_64-w64-linux/share/../include/  -DHAVE_BUILD_INFO -D__STDC_FORMAT_MACROS conftest.cpp >&5
configure:23189: $? = 0
configure:23189: result: yes
configure:23204: checking whether le32toh is declared
configure:23204: g++ -m64 -std=c++14 -c -pipe -static-libstdc++ -O2  -I/home/administrator/walletbuilders/build_environment/dash/0.14.0.2/depends/x86_64-w64-linux/share/../include/  -DHAVE_BUILD_INFO -D__STDC_FORMAT_MACROS conftest.cpp >&5
configure:23204: $? = 0
configure:23204: result: yes
configure:23219: checking whether le64toh is declared
configure:23219: g++ -m64 -std=c++14 -c -pipe -static-libstdc++ -O2  -I/home/administrator/walletbuilders/build_environment/dash/0.14.0.2/depends/x86_64-w64-linux/share/../include/  -DHAVE_BUILD_INFO -D__STDC_FORMAT_MACROS conftest.cpp >&5
configure:23219: $? = 0
configure:23219: result: yes
configure:23234: checking whether htole16 is declared
configure:23234: g++ -m64 -std=c++14 -c -pipe -static-libstdc++ -O2  -I/home/administrator/walletbuilders/build_environment/dash/0.14.0.2/depends/x86_64-w64-linux/share/../include/  -DHAVE_BUILD_INFO -D__STDC_FORMAT_MACROS conftest.cpp >&5
configure:23234: $? = 0
configure:23234: result: yes
configure:23249: checking whether htole32 is declared
configure:23249: g++ -m64 -std=c++14 -c -pipe -static-libstdc++ -O2  -I/home/administrator/walletbuilders/build_environment/dash/0.14.0.2/depends/x86_64-w64-linux/share/../include/  -DHAVE_BUILD_INFO -D__STDC_FORMAT_MACROS conftest.cpp >&5
configure:23249: $? = 0
configure:23249: result: yes
configure:23264: checking whether htole64 is declared
configure:23264: g++ -m64 -std=c++14 -c -pipe -static-libstdc++ -O2  -I/home/administrator/walletbuilders/build_environment/dash/0.14.0.2/depends/x86_64-w64-linux/share/../include/  -DHAVE_BUILD_INFO -D__STDC_FORMAT_MACROS conftest.cpp >&5
configure:23264: $? = 0
configure:23264: result: yes
configure:23279: checking whether be16toh is declared
configure:23279: g++ -m64 -std=c++14 -c -pipe -static-libstdc++ -O2  -I/home/administrator/walletbuilders/build_environment/dash/0.14.0.2/depends/x86_64-w64-linux/share/../include/  -DHAVE_BUILD_INFO -D__STDC_FORMAT_MACROS conftest.cpp >&5
configure:23279: $? = 0
configure:23279: result: yes
configure:23294: checking whether be32toh is declared
configure:23294: g++ -m64 -std=c++14 -c -pipe -static-libstdc++ -O2  -I/home/administrator/walletbuilders/build_environment/dash/0.14.0.2/depends/x86_64-w64-linux/share/../include/  -DHAVE_BUILD_INFO -D__STDC_FORMAT_MACROS conftest.cpp >&5
configure:23294: $? = 0
configure:23294: result: yes
configure:23309: checking whether be64toh is declared
configure:23309: g++ -m64 -std=c++14 -c -pipe -static-libstdc++ -O2  -I/home/administrator/walletbuilders/build_environment/dash/0.14.0.2/depends/x86_64-w64-linux/share/../include/  -DHAVE_BUILD_INFO -D__STDC_FORMAT_MACROS conftest.cpp >&5
configure:23309: $? = 0
configure:23309: result: yes
configure:23324: checking whether htobe16 is declared
configure:23324: g++ -m64 -std=c++14 -c -pipe -static-libstdc++ -O2  -I/home/administrator/walletbuilders/build_environment/dash/0.14.0.2/depends/x86_64-w64-linux/share/../include/  -DHAVE_BUILD_INFO -D__STDC_FORMAT_MACROS conftest.cpp >&5
configure:23324: $? = 0
configure:23324: result: yes
configure:23339: checking whether htobe32 is declared
configure:23339: g++ -m64 -std=c++14 -c -pipe -static-libstdc++ -O2  -I/home/administrator/walletbuilders/build_environment/dash/0.14.0.2/depends/x86_64-w64-linux/share/../include/  -DHAVE_BUILD_INFO -D__STDC_FORMAT_MACROS conftest.cpp >&5
configure:23339: $? = 0
configure:23339: result: yes
configure:23354: checking whether htobe64 is declared
configure:23354: g++ -m64 -std=c++14 -c -pipe -static-libstdc++ -O2  -I/home/administrator/walletbuilders/build_environment/dash/0.14.0.2/depends/x86_64-w64-linux/share/../include/  -DHAVE_BUILD_INFO -D__STDC_FORMAT_MACROS conftest.cpp >&5
configure:23354: $? = 0
configure:23354: result: yes
configure:23371: checking whether bswap_16 is declared
configure:23371: g++ -m64 -std=c++14 -c -pipe -static-libstdc++ -O2  -I/home/administrator/walletbuilders/build_environment/dash/0.14.0.2/depends/x86_64-w64-linux/share/../include/  -DHAVE_BUILD_INFO -D__STDC_FORMAT_MACROS conftest.cpp >&5
configure:23371: $? = 0
configure:23371: result: yes
configure:23384: checking whether bswap_32 is declared
configure:23384: g++ -m64 -std=c++14 -c -pipe -static-libstdc++ -O2  -I/home/administrator/walletbuilders/build_environment/dash/0.14.0.2/depends/x86_64-w64-linux/share/../include/  -DHAVE_BUILD_INFO -D__STDC_FORMAT_MACROS conftest.cpp >&5
configure:23384: $? = 0
configure:23384: result: yes
configure:23397: checking whether bswap_64 is declared
configure:23397: g++ -m64 -std=c++14 -c -pipe -static-libstdc++ -O2  -I/home/administrator/walletbuilders/build_environment/dash/0.14.0.2/depends/x86_64-w64-linux/share/../include/  -DHAVE_BUILD_INFO -D__STDC_FORMAT_MACROS conftest.cpp >&5
configure:23397: $? = 0
configure:23397: result: yes
configure:23412: checking for MSG_NOSIGNAL
configure:23425: g++ -m64 -std=c++14 -c -pipe -static-libstdc++ -O2  -I/home/administrator/walletbuilders/build_environment/dash/0.14.0.2/depends/x86_64-w64-linux/share/../include/  -DHAVE_BUILD_INFO -D__STDC_FORMAT_MACROS conftest.cpp >&5
configure:23425: $? = 0
configure:23426: result: yes
configure:23437: checking for mallopt M_ARENA_MAX
configure:23450: g++ -m64 -std=c++14 -c -pipe -static-libstdc++ -O2  -I/home/administrator/walletbuilders/build_environment/dash/0.14.0.2/depends/x86_64-w64-linux/share/../include/  -DHAVE_BUILD_INFO -D__STDC_FORMAT_MACROS conftest.cpp >&5
configure:23450: $? = 0
configure:23451: result: yes
configure:23462: checking for visibility attribute
configure:23471: g++ -m64 -std=c++14 -o conftest -pipe -static-libstdc++ -O2  -I/home/administrator/walletbuilders/build_environment/dash/0.14.0.2/depends/x86_64-w64-linux/share/../include/  -DHAVE_BUILD_INFO -D__STDC_FORMAT_MACROS -L/home/administrator/walletbuilders/build_environment/dash/0.14.0.2/depends/x86_64-w64-linux/share/../lib  conftest.cpp  >&5
configure:23471: $? = 0
configure:23476: result: yes
configure:23493: checking for Linux getrandom syscall
configure:23508: g++ -m64 -std=c++14 -c -pipe -static-libstdc++ -O2  -I/home/administrator/walletbuilders/build_environment/dash/0.14.0.2/depends/x86_64-w64-linux/share/../include/  -DHAVE_BUILD_INFO -D__STDC_FORMAT_MACROS conftest.cpp >&5
configure:23508: $? = 0
configure:23509: result: yes
configure:23520: checking for getentropy
configure:23533: g++ -m64 -std=c++14 -c -pipe -static-libstdc++ -O2  -I/home/administrator/walletbuilders/build_environment/dash/0.14.0.2/depends/x86_64-w64-linux/share/../include/  -DHAVE_BUILD_INFO -D__STDC_FORMAT_MACROS conftest.cpp >&5
conftest.cpp: In function 'int main()':
conftest.cpp:65:12: warning: ignoring return value of 'int getentropy(void*, size_t)', declared with attribute warn_unused_result [-Wunused-result]
  getentropy(nullptr, 32)
  ~~~~~~~~~~^~~~~~~~~~~~~
configure:23533: $? = 0
configure:23534: result: yes
configure:23545: checking for sysctl KERN_ARND
configure:23560: g++ -m64 -std=c++14 -c -pipe -static-libstdc++ -O2  -I/home/administrator/walletbuilders/build_environment/dash/0.14.0.2/depends/x86_64-w64-linux/share/../include/  -DHAVE_BUILD_INFO -D__STDC_FORMAT_MACROS conftest.cpp >&5
conftest.cpp: In function 'int main()':
conftest.cpp:67:40: error: 'KERN_ARND' was not declared in this scope
  static const int name[2] = {CTL_KERN, KERN_ARND};
                                        ^~~~~~~~~
conftest.cpp:67:40: note: suggested alternative: 'KERN_ACCT'
  static const int name[2] = {CTL_KERN, KERN_ARND};
                                        ^~~~~~~~~
                                        KERN_ACCT
conftest.cpp:68:49: error: invalid conversion from 'const int*' to 'int*' [-fpermissive]
     sysctl(name, 2, nullptr, nullptr, nullptr, 0);
                                                 ^
In file included from conftest.cpp:63:0:
/usr/include/x86_64-linux-gnu/sys/sysctl.h:68:12: note:   initializing argument 1 of 'int sysctl(int*, int, void*, size_t*, void*, size_t)'
 extern int sysctl (int *__name, int __nlen, void *__oldval,
            ^~~~~~
configure:23560: $? = 1
configure: failed program was:
| /* confdefs.h */
| #define PACKAGE_NAME "RHYPTON Core"
| #define PACKAGE_TARNAME "rhyptoncore"
| #define PACKAGE_VERSION "1.0.0"
| #define PACKAGE_STRING "RHYPTON Core 1.0.0"
| #define PACKAGE_BUGREPORT "https://github.com/rhyptonpay/rhypton/issues"
| #define PACKAGE_URL "https://rhypton.org/"
| #define HAVE_CXX14 1
| #define STDC_HEADERS 1
| #define HAVE_SYS_TYPES_H 1
| #define HAVE_SYS_STAT_H 1
| #define HAVE_STDLIB_H 1
| #define HAVE_STRING_H 1
| #define HAVE_MEMORY_H 1
| #define HAVE_STRINGS_H 1
| #define HAVE_INTTYPES_H 1
| #define HAVE_STDINT_H 1
| #define HAVE_UNISTD_H 1
| #define HAVE_DLFCN_H 1
| #define LT_OBJDIR ".libs/"
| #define ENABLE_MINER 1
| #define STACKTRACE_WRAPPED_CXX_ABI 1
| #define HAVE_PTHREAD_PRIO_INHERIT 1
| #define HAVE_PTHREAD 1
| #define HAVE_DECL_STRERROR_R 1
| #define HAVE_STRERROR_R 1
| #define STRERROR_R_CHAR_P 1
| #define HAVE_FUNC_ATTRIBUTE_VISIBILITY 1
| #define HAVE_ENDIAN_H 1
| #define HAVE_BYTESWAP_H 1
| #define HAVE_STDIO_H 1
| #define HAVE_STDLIB_H 1
| #define HAVE_UNISTD_H 1
| #define HAVE_STRINGS_H 1
| #define HAVE_SYS_TYPES_H 1
| #define HAVE_SYS_STAT_H 1
| #define HAVE_SYS_SELECT_H 1
| #define HAVE_SYS_PRCTL_H 1
| #define HAVE_DECL_STRNLEN 1
| #define HAVE_DECL_DAEMON 1
| #define HAVE_DECL_LE16TOH 1
| #define HAVE_DECL_LE32TOH 1
| #define HAVE_DECL_LE64TOH 1
| #define HAVE_DECL_HTOLE16 1
| #define HAVE_DECL_HTOLE32 1
| #define HAVE_DECL_HTOLE64 1
| #define HAVE_DECL_BE16TOH 1
| #define HAVE_DECL_BE32TOH 1
| #define HAVE_DECL_BE64TOH 1
| #define HAVE_DECL_HTOBE16 1
| #define HAVE_DECL_HTOBE32 1
| #define HAVE_DECL_HTOBE64 1
| #define HAVE_DECL_BSWAP_16 1
| #define HAVE_DECL_BSWAP_32 1
| #define HAVE_DECL_BSWAP_64 1
| #define HAVE_MSG_NOSIGNAL 1
| #define HAVE_MALLOPT_ARENA_MAX 1
| #define HAVE_VISIBILITY_ATTRIBUTE 1
| #define HAVE_SYS_GETRANDOM 1
| #define HAVE_GETENTROPY 1
| /* end confdefs.h.  */
| #include <sys/types.h>
|   #include <sys/sysctl.h>
| int
| main ()
| {
|  static const int name[2] = {CTL_KERN, KERN_ARND};
|     sysctl(name, 2, nullptr, nullptr, nullptr, 0);
|   ;
|   return 0;
| }
configure:23566: result: no
configure:23632: checking for Berkeley DB C++ headers
configure:23662: g++ -m64 -std=c++14 -c -pipe -static-libstdc++ -O2  -I/home/administrator/walletbuilders/build_environment/dash/0.14.0.2/depends/x86_64-w64-linux/share/../include/  -DHAVE_BUILD_INFO -D__STDC_FORMAT_MACROS conftest.cpp >&5
conftest.cpp:63:18: fatal error: bdb4.8/db_cxx.h: No such file or directory
         #include <bdb4.8/db_cxx.h>
                  ^~~~~~~~~~~~~~~~~
compilation terminated.
configure:23662: $? = 1
configure: failed program was:
| /* confdefs.h */
| #define PACKAGE_NAME "RHYPTON Core"
| #define PACKAGE_TARNAME "rhyptoncore"
| #define PACKAGE_VERSION "1.0.0"
| #define PACKAGE_STRING "RHYPTON Core 1.0.0"
| #define PACKAGE_BUGREPORT "https://github.com/rhyptonpay/rhypton/issues"
| #define PACKAGE_URL "https://rhypton.org/"
| #define HAVE_CXX14 1
| #define STDC_HEADERS 1
| #define HAVE_SYS_TYPES_H 1
| #define HAVE_SYS_STAT_H 1
| #define HAVE_STDLIB_H 1
| #define HAVE_STRING_H 1
| #define HAVE_MEMORY_H 1
| #define HAVE_STRINGS_H 1
| #define HAVE_INTTYPES_H 1
| #define HAVE_STDINT_H 1
| #define HAVE_UNISTD_H 1
| #define HAVE_DLFCN_H 1
| #define LT_OBJDIR ".libs/"
| #define ENABLE_MINER 1
| #define STACKTRACE_WRAPPED_CXX_ABI 1
| #define HAVE_PTHREAD_PRIO_INHERIT 1
| #define HAVE_PTHREAD 1
| #define HAVE_DECL_STRERROR_R 1
| #define HAVE_STRERROR_R 1
| #define STRERROR_R_CHAR_P 1
| #define HAVE_FUNC_ATTRIBUTE_VISIBILITY 1
| #define HAVE_ENDIAN_H 1
| #define HAVE_BYTESWAP_H 1
| #define HAVE_STDIO_H 1
| #define HAVE_STDLIB_H 1
| #define HAVE_UNISTD_H 1
| #define HAVE_STRINGS_H 1
| #define HAVE_SYS_TYPES_H 1
| #define HAVE_SYS_STAT_H 1
| #define HAVE_SYS_SELECT_H 1
| #define HAVE_SYS_PRCTL_H 1
| #define HAVE_DECL_STRNLEN 1
| #define HAVE_DECL_DAEMON 1
| #define HAVE_DECL_LE16TOH 1
| #define HAVE_DECL_LE32TOH 1
| #define HAVE_DECL_LE64TOH 1
| #define HAVE_DECL_HTOLE16 1
| #define HAVE_DECL_HTOLE32 1
| #define HAVE_DECL_HTOLE64 1
| #define HAVE_DECL_BE16TOH 1
| #define HAVE_DECL_BE32TOH 1
| #define HAVE_DECL_BE64TOH 1
| #define HAVE_DECL_HTOBE16 1
| #define HAVE_DECL_HTOBE32 1
| #define HAVE_DECL_HTOBE64 1
| #define HAVE_DECL_BSWAP_16 1
| #define HAVE_DECL_BSWAP_32 1
| #define HAVE_DECL_BSWAP_64 1
| #define HAVE_MSG_NOSIGNAL 1
| #define HAVE_MALLOPT_ARENA_MAX 1
| #define HAVE_VISIBILITY_ATTRIBUTE 1
| #define HAVE_SYS_GETRANDOM 1
| #define HAVE_GETENTROPY 1
| /* end confdefs.h.  */
| 
|         #include <bdb4.8/db_cxx.h>
| 
| int
| main ()
| {
| 
|         #if !((DB_VERSION_MAJOR == 4 && DB_VERSION_MINOR >= 8) || DB_VERSION_MAJOR > 4)
|           #error "failed to find bdb 4.8+"
|         #endif
| 
|   ;
|   return 0;
| }
configure:23662: g++ -m64 -std=c++14 -c -pipe -static-libstdc++ -O2  -I/home/administrator/walletbuilders/build_environment/dash/0.14.0.2/depends/x86_64-w64-linux/share/../include/  -DHAVE_BUILD_INFO -D__STDC_FORMAT_MACROS conftest.cpp >&5
conftest.cpp:63:18: fatal error: libdb4.8/db_cxx.h: No such file or directory
         #include <libdb4.8/db_cxx.h>
                  ^~~~~~~~~~~~~~~~~~~
compilation terminated.
configure:23662: $? = 1
configure: failed program was:
| /* confdefs.h */
| #define PACKAGE_NAME "RHYPTON Core"
| #define PACKAGE_TARNAME "rhyptoncore"
| #define PACKAGE_VERSION "1.0.0"
| #define PACKAGE_STRING "RHYPTON Core 1.0.0"
| #define PACKAGE_BUGREPORT "https://github.com/rhyptonpay/rhypton/issues"
| #define PACKAGE_URL "https://rhypton.org/"
| #define HAVE_CXX14 1
| #define STDC_HEADERS 1
| #define HAVE_SYS_TYPES_H 1
| #define HAVE_SYS_STAT_H 1
| #define HAVE_STDLIB_H 1
| #define HAVE_STRING_H 1
| #define HAVE_MEMORY_H 1
| #define HAVE_STRINGS_H 1
| #define HAVE_INTTYPES_H 1
| #define HAVE_STDINT_H 1
| #define HAVE_UNISTD_H 1
| #define HAVE_DLFCN_H 1
| #define LT_OBJDIR ".libs/"
| #define ENABLE_MINER 1
| #define STACKTRACE_WRAPPED_CXX_ABI 1
| #define HAVE_PTHREAD_PRIO_INHERIT 1
| #define HAVE_PTHREAD 1
| #define HAVE_DECL_STRERROR_R 1
| #define HAVE_STRERROR_R 1
| #define STRERROR_R_CHAR_P 1
| #define HAVE_FUNC_ATTRIBUTE_VISIBILITY 1
| #define HAVE_ENDIAN_H 1
| #define HAVE_BYTESWAP_H 1
| #define HAVE_STDIO_H 1
| #define HAVE_STDLIB_H 1
| #define HAVE_UNISTD_H 1
| #define HAVE_STRINGS_H 1
| #define HAVE_SYS_TYPES_H 1
| #define HAVE_SYS_STAT_H 1
| #define HAVE_SYS_SELECT_H 1
| #define HAVE_SYS_PRCTL_H 1
| #define HAVE_DECL_STRNLEN 1
| #define HAVE_DECL_DAEMON 1
| #define HAVE_DECL_LE16TOH 1
| #define HAVE_DECL_LE32TOH 1
| #define HAVE_DECL_LE64TOH 1
| #define HAVE_DECL_HTOLE16 1
| #define HAVE_DECL_HTOLE32 1
| #define HAVE_DECL_HTOLE64 1
| #define HAVE_DECL_BE16TOH 1
| #define HAVE_DECL_BE32TOH 1
| #define HAVE_DECL_BE64TOH 1
| #define HAVE_DECL_HTOBE16 1
| #define HAVE_DECL_HTOBE32 1
| #define HAVE_DECL_HTOBE64 1
| #define HAVE_DECL_BSWAP_16 1
| #define HAVE_DECL_BSWAP_32 1
| #define HAVE_DECL_BSWAP_64 1
| #define HAVE_MSG_NOSIGNAL 1
| #define HAVE_MALLOPT_ARENA_MAX 1
| #define HAVE_VISIBILITY_ATTRIBUTE 1
| #define HAVE_SYS_GETRANDOM 1
| #define HAVE_GETENTROPY 1
| /* end confdefs.h.  */
| 
|         #include <libdb4.8/db_cxx.h>
| 
| int
| main ()
| {
| 
|         #if !((DB_VERSION_MAJOR == 4 && DB_VERSION_MINOR >= 8) || DB_VERSION_MAJOR > 4)
|           #error "failed to find bdb 4.8+"
|         #endif
| 
|   ;
|   return 0;
| }
configure:23662: g++ -m64 -std=c++14 -c -pipe -static-libstdc++ -O2  -I/home/administrator/walletbuilders/build_environment/dash/0.14.0.2/depends/x86_64-w64-linux/share/../include/  -DHAVE_BUILD_INFO -D__STDC_FORMAT_MACROS conftest.cpp >&5
conftest.cpp:63:18: fatal error: db4.8/db_cxx.h: No such file or directory
         #include <db4.8/db_cxx.h>
                  ^~~~~~~~~~~~~~~~
compilation terminated.
configure:23662: $? = 1
configure: failed program was:
| /* confdefs.h */
| #define PACKAGE_NAME "RHYPTON Core"
| #define PACKAGE_TARNAME "rhyptoncore"
| #define PACKAGE_VERSION "1.0.0"
| #define PACKAGE_STRING "RHYPTON Core 1.0.0"
| #define PACKAGE_BUGREPORT "https://github.com/rhyptonpay/rhypton/issues"
| #define PACKAGE_URL "https://rhypton.org/"
| #define HAVE_CXX14 1
| #define STDC_HEADERS 1
| #define HAVE_SYS_TYPES_H 1
| #define HAVE_SYS_STAT_H 1
| #define HAVE_STDLIB_H 1
| #define HAVE_STRING_H 1
| #define HAVE_MEMORY_H 1
| #define HAVE_STRINGS_H 1
| #define HAVE_INTTYPES_H 1
| #define HAVE_STDINT_H 1
| #define HAVE_UNISTD_H 1
| #define HAVE_DLFCN_H 1
| #define LT_OBJDIR ".libs/"
| #define ENABLE_MINER 1
| #define STACKTRACE_WRAPPED_CXX_ABI 1
| #define HAVE_PTHREAD_PRIO_INHERIT 1
| #define HAVE_PTHREAD 1
| #define HAVE_DECL_STRERROR_R 1
| #define HAVE_STRERROR_R 1
| #define STRERROR_R_CHAR_P 1
| #define HAVE_FUNC_ATTRIBUTE_VISIBILITY 1
| #define HAVE_ENDIAN_H 1
| #define HAVE_BYTESWAP_H 1
| #define HAVE_STDIO_H 1
| #define HAVE_STDLIB_H 1
| #define HAVE_UNISTD_H 1
| #define HAVE_STRINGS_H 1
| #define HAVE_SYS_TYPES_H 1
| #define HAVE_SYS_STAT_H 1
| #define HAVE_SYS_SELECT_H 1
| #define HAVE_SYS_PRCTL_H 1
| #define HAVE_DECL_STRNLEN 1
| #define HAVE_DECL_DAEMON 1
| #define HAVE_DECL_LE16TOH 1
| #define HAVE_DECL_LE32TOH 1
| #define HAVE_DECL_LE64TOH 1
| #define HAVE_DECL_HTOLE16 1
| #define HAVE_DECL_HTOLE32 1
| #define HAVE_DECL_HTOLE64 1
| #define HAVE_DECL_BE16TOH 1
| #define HAVE_DECL_BE32TOH 1
| #define HAVE_DECL_BE64TOH 1
| #define HAVE_DECL_HTOBE16 1
| #define HAVE_DECL_HTOBE32 1
| #define HAVE_DECL_HTOBE64 1
| #define HAVE_DECL_BSWAP_16 1
| #define HAVE_DECL_BSWAP_32 1
| #define HAVE_DECL_BSWAP_64 1
| #define HAVE_MSG_NOSIGNAL 1
| #define HAVE_MALLOPT_ARENA_MAX 1
| #define HAVE_VISIBILITY_ATTRIBUTE 1
| #define HAVE_SYS_GETRANDOM 1
| #define HAVE_GETENTROPY 1
| /* end confdefs.h.  */
| 
|         #include <db4.8/db_cxx.h>
| 
| int
| main ()
| {
| 
|         #if !((DB_VERSION_MAJOR == 4 && DB_VERSION_MINOR >= 8) || DB_VERSION_MAJOR > 4)
|           #error "failed to find bdb 4.8+"
|         #endif
| 
|   ;
|   return 0;
| }
configure:23662: g++ -m64 -std=c++14 -c -pipe -static-libstdc++ -O2  -I/home/administrator/walletbuilders/build_environment/dash/0.14.0.2/depends/x86_64-w64-linux/share/../include/  -DHAVE_BUILD_INFO -D__STDC_FORMAT_MACROS conftest.cpp >&5
conftest.cpp:63:18: fatal error: bdb48/db_cxx.h: No such file or directory
         #include <bdb48/db_cxx.h>
                  ^~~~~~~~~~~~~~~~
compilation terminated.
configure:23662: $? = 1
configure: failed program was:
| /* confdefs.h */
| #define PACKAGE_NAME "RHYPTON Core"
| #define PACKAGE_TARNAME "rhyptoncore"
| #define PACKAGE_VERSION "1.0.0"
| #define PACKAGE_STRING "RHYPTON Core 1.0.0"
| #define PACKAGE_BUGREPORT "https://github.com/rhyptonpay/rhypton/issues"
| #define PACKAGE_URL "https://rhypton.org/"
| #define HAVE_CXX14 1
| #define STDC_HEADERS 1
| #define HAVE_SYS_TYPES_H 1
| #define HAVE_SYS_STAT_H 1
| #define HAVE_STDLIB_H 1
| #define HAVE_STRING_H 1
| #define HAVE_MEMORY_H 1
| #define HAVE_STRINGS_H 1
| #define HAVE_INTTYPES_H 1
| #define HAVE_STDINT_H 1
| #define HAVE_UNISTD_H 1
| #define HAVE_DLFCN_H 1
| #define LT_OBJDIR ".libs/"
| #define ENABLE_MINER 1
| #define STACKTRACE_WRAPPED_CXX_ABI 1
| #define HAVE_PTHREAD_PRIO_INHERIT 1
| #define HAVE_PTHREAD 1
| #define HAVE_DECL_STRERROR_R 1
| #define HAVE_STRERROR_R 1
| #define STRERROR_R_CHAR_P 1
| #define HAVE_FUNC_ATTRIBUTE_VISIBILITY 1
| #define HAVE_ENDIAN_H 1
| #define HAVE_BYTESWAP_H 1
| #define HAVE_STDIO_H 1
| #define HAVE_STDLIB_H 1
| #define HAVE_UNISTD_H 1
| #define HAVE_STRINGS_H 1
| #define HAVE_SYS_TYPES_H 1
| #define HAVE_SYS_STAT_H 1
| #define HAVE_SYS_SELECT_H 1
| #define HAVE_SYS_PRCTL_H 1
| #define HAVE_DECL_STRNLEN 1
| #define HAVE_DECL_DAEMON 1
| #define HAVE_DECL_LE16TOH 1
| #define HAVE_DECL_LE32TOH 1
| #define HAVE_DECL_LE64TOH 1
| #define HAVE_DECL_HTOLE16 1
| #define HAVE_DECL_HTOLE32 1
| #define HAVE_DECL_HTOLE64 1
| #define HAVE_DECL_BE16TOH 1
| #define HAVE_DECL_BE32TOH 1
| #define HAVE_DECL_BE64TOH 1
| #define HAVE_DECL_HTOBE16 1
| #define HAVE_DECL_HTOBE32 1
| #define HAVE_DECL_HTOBE64 1
| #define HAVE_DECL_BSWAP_16 1
| #define HAVE_DECL_BSWAP_32 1
| #define HAVE_DECL_BSWAP_64 1
| #define HAVE_MSG_NOSIGNAL 1
| #define HAVE_MALLOPT_ARENA_MAX 1
| #define HAVE_VISIBILITY_ATTRIBUTE 1
| #define HAVE_SYS_GETRANDOM 1
| #define HAVE_GETENTROPY 1
| /* end confdefs.h.  */
| 
|         #include <bdb48/db_cxx.h>
| 
| int
| main ()
| {
| 
|         #if !((DB_VERSION_MAJOR == 4 && DB_VERSION_MINOR >= 8) || DB_VERSION_MAJOR > 4)
|           #error "failed to find bdb 4.8+"
|         #endif
| 
|   ;
|   return 0;
| }
configure:23662: g++ -m64 -std=c++14 -c -pipe -static-libstdc++ -O2  -I/home/administrator/walletbuilders/build_environment/dash/0.14.0.2/depends/x86_64-w64-linux/share/../include/  -DHAVE_BUILD_INFO -D__STDC_FORMAT_MACROS conftest.cpp >&5
conftest.cpp:63:18: fatal error: libdb48/db_cxx.h: No such file or directory
         #include <libdb48/db_cxx.h>
                  ^~~~~~~~~~~~~~~~~~
compilation terminated.
configure:23662: $? = 1
configure: failed program was:
| /* confdefs.h */
| #define PACKAGE_NAME "RHYPTON Core"
| #define PACKAGE_TARNAME "rhyptoncore"
| #define PACKAGE_VERSION "1.0.0"
| #define PACKAGE_STRING "RHYPTON Core 1.0.0"
| #define PACKAGE_BUGREPORT "https://github.com/rhyptonpay/rhypton/issues"
| #define PACKAGE_URL "https://rhypton.org/"
| #define HAVE_CXX14 1
| #define STDC_HEADERS 1
| #define HAVE_SYS_TYPES_H 1
| #define HAVE_SYS_STAT_H 1
| #define HAVE_STDLIB_H 1
| #define HAVE_STRING_H 1
| #define HAVE_MEMORY_H 1
| #define HAVE_STRINGS_H 1
| #define HAVE_INTTYPES_H 1
| #define HAVE_STDINT_H 1
| #define HAVE_UNISTD_H 1
| #define HAVE_DLFCN_H 1
| #define LT_OBJDIR ".libs/"
| #define ENABLE_MINER 1
| #define STACKTRACE_WRAPPED_CXX_ABI 1
| #define HAVE_PTHREAD_PRIO_INHERIT 1
| #define HAVE_PTHREAD 1
| #define HAVE_DECL_STRERROR_R 1
| #define HAVE_STRERROR_R 1
| #define STRERROR_R_CHAR_P 1
| #define HAVE_FUNC_ATTRIBUTE_VISIBILITY 1
| #define HAVE_ENDIAN_H 1
| #define HAVE_BYTESWAP_H 1
| #define HAVE_STDIO_H 1
| #define HAVE_STDLIB_H 1
| #define HAVE_UNISTD_H 1
| #define HAVE_STRINGS_H 1
| #define HAVE_SYS_TYPES_H 1
| #define HAVE_SYS_STAT_H 1
| #define HAVE_SYS_SELECT_H 1
| #define HAVE_SYS_PRCTL_H 1
| #define HAVE_DECL_STRNLEN 1
| #define HAVE_DECL_DAEMON 1
| #define HAVE_DECL_LE16TOH 1
| #define HAVE_DECL_LE32TOH 1
| #define HAVE_DECL_LE64TOH 1
| #define HAVE_DECL_HTOLE16 1
| #define HAVE_DECL_HTOLE32 1
| #define HAVE_DECL_HTOLE64 1
| #define HAVE_DECL_BE16TOH 1
| #define HAVE_DECL_BE32TOH 1
| #define HAVE_DECL_BE64TOH 1
| #define HAVE_DECL_HTOBE16 1
| #define HAVE_DECL_HTOBE32 1
| #define HAVE_DECL_HTOBE64 1
| #define HAVE_DECL_BSWAP_16 1
| #define HAVE_DECL_BSWAP_32 1
| #define HAVE_DECL_BSWAP_64 1
| #define HAVE_MSG_NOSIGNAL 1
| #define HAVE_MALLOPT_ARENA_MAX 1
| #define HAVE_VISIBILITY_ATTRIBUTE 1
| #define HAVE_SYS_GETRANDOM 1
| #define HAVE_GETENTROPY 1
| /* end confdefs.h.  */
| 
|         #include <libdb48/db_cxx.h>
| 
| int
| main ()
| {
| 
|         #if !((DB_VERSION_MAJOR == 4 && DB_VERSION_MINOR >= 8) || DB_VERSION_MAJOR > 4)
|           #error "failed to find bdb 4.8+"
|         #endif
| 
|   ;
|   return 0;
| }
configure:23662: g++ -m64 -std=c++14 -c -pipe -static-libstdc++ -O2  -I/home/administrator/walletbuilders/build_environment/dash/0.14.0.2/depends/x86_64-w64-linux/share/../include/  -DHAVE_BUILD_INFO -D__STDC_FORMAT_MACROS conftest.cpp >&5
conftest.cpp:63:18: fatal error: db48/db_cxx.h: No such file or directory
         #include <db48/db_cxx.h>
                  ^~~~~~~~~~~~~~~
compilation terminated.
configure:23662: $? = 1
configure: failed program was:
| /* confdefs.h */
| #define PACKAGE_NAME "RHYPTON Core"
| #define PACKAGE_TARNAME "rhyptoncore"
| #define PACKAGE_VERSION "1.0.0"
| #define PACKAGE_STRING "RHYPTON Core 1.0.0"
| #define PACKAGE_BUGREPORT "https://github.com/rhyptonpay/rhypton/issues"
| #define PACKAGE_URL "https://rhypton.org/"
| #define HAVE_CXX14 1
| #define STDC_HEADERS 1
| #define HAVE_SYS_TYPES_H 1
| #define HAVE_SYS_STAT_H 1
| #define HAVE_STDLIB_H 1
| #define HAVE_STRING_H 1
| #define HAVE_MEMORY_H 1
| #define HAVE_STRINGS_H 1
| #define HAVE_INTTYPES_H 1
| #define HAVE_STDINT_H 1
| #define HAVE_UNISTD_H 1
| #define HAVE_DLFCN_H 1
| #define LT_OBJDIR ".libs/"
| #define ENABLE_MINER 1
| #define STACKTRACE_WRAPPED_CXX_ABI 1
| #define HAVE_PTHREAD_PRIO_INHERIT 1
| #define HAVE_PTHREAD 1
| #define HAVE_DECL_STRERROR_R 1
| #define HAVE_STRERROR_R 1
| #define STRERROR_R_CHAR_P 1
| #define HAVE_FUNC_ATTRIBUTE_VISIBILITY 1
| #define HAVE_ENDIAN_H 1
| #define HAVE_BYTESWAP_H 1
| #define HAVE_STDIO_H 1
| #define HAVE_STDLIB_H 1
| #define HAVE_UNISTD_H 1
| #define HAVE_STRINGS_H 1
| #define HAVE_SYS_TYPES_H 1
| #define HAVE_SYS_STAT_H 1
| #define HAVE_SYS_SELECT_H 1
| #define HAVE_SYS_PRCTL_H 1
| #define HAVE_DECL_STRNLEN 1
| #define HAVE_DECL_DAEMON 1
| #define HAVE_DECL_LE16TOH 1
| #define HAVE_DECL_LE32TOH 1
| #define HAVE_DECL_LE64TOH 1
| #define HAVE_DECL_HTOLE16 1
| #define HAVE_DECL_HTOLE32 1
| #define HAVE_DECL_HTOLE64 1
| #define HAVE_DECL_BE16TOH 1
| #define HAVE_DECL_BE32TOH 1
| #define HAVE_DECL_BE64TOH 1
| #define HAVE_DECL_HTOBE16 1
| #define HAVE_DECL_HTOBE32 1
| #define HAVE_DECL_HTOBE64 1
| #define HAVE_DECL_BSWAP_16 1
| #define HAVE_DECL_BSWAP_32 1
| #define HAVE_DECL_BSWAP_64 1
| #define HAVE_MSG_NOSIGNAL 1
| #define HAVE_MALLOPT_ARENA_MAX 1
| #define HAVE_VISIBILITY_ATTRIBUTE 1
| #define HAVE_SYS_GETRANDOM 1
| #define HAVE_GETENTROPY 1
| /* end confdefs.h.  */
| 
|         #include <db48/db_cxx.h>
| 
| int
| main ()
| {
| 
|         #if !((DB_VERSION_MAJOR == 4 && DB_VERSION_MINOR >= 8) || DB_VERSION_MAJOR > 4)
|           #error "failed to find bdb 4.8+"
|         #endif
| 
|   ;
|   return 0;
| }
configure:23662: g++ -m64 -std=c++14 -c -pipe -static-libstdc++ -O2  -I/home/administrator/walletbuilders/build_environment/dash/0.14.0.2/depends/x86_64-w64-linux/share/../include/  -DHAVE_BUILD_INFO -D__STDC_FORMAT_MACROS conftest.cpp >&5
conftest.cpp:63:18: fatal error: bdb4/db_cxx.h: No such file or directory
         #include <bdb4/db_cxx.h>
                  ^~~~~~~~~~~~~~~
compilation terminated.
configure:23662: $? = 1
configure: failed program was:
| /* confdefs.h */
| #define PACKAGE_NAME "RHYPTON Core"
| #define PACKAGE_TARNAME "rhyptoncore"
| #define PACKAGE_VERSION "1.0.0"
| #define PACKAGE_STRING "RHYPTON Core 1.0.0"
| #define PACKAGE_BUGREPORT "https://github.com/rhyptonpay/rhypton/issues"
| #define PACKAGE_URL "https://rhypton.org/"
| #define HAVE_CXX14 1
| #define STDC_HEADERS 1
| #define HAVE_SYS_TYPES_H 1
| #define HAVE_SYS_STAT_H 1
| #define HAVE_STDLIB_H 1
| #define HAVE_STRING_H 1
| #define HAVE_MEMORY_H 1
| #define HAVE_STRINGS_H 1
| #define HAVE_INTTYPES_H 1
| #define HAVE_STDINT_H 1
| #define HAVE_UNISTD_H 1
| #define HAVE_DLFCN_H 1
| #define LT_OBJDIR ".libs/"
| #define ENABLE_MINER 1
| #define STACKTRACE_WRAPPED_CXX_ABI 1
| #define HAVE_PTHREAD_PRIO_INHERIT 1
| #define HAVE_PTHREAD 1
| #define HAVE_DECL_STRERROR_R 1
| #define HAVE_STRERROR_R 1
| #define STRERROR_R_CHAR_P 1
| #define HAVE_FUNC_ATTRIBUTE_VISIBILITY 1
| #define HAVE_ENDIAN_H 1
| #define HAVE_BYTESWAP_H 1
| #define HAVE_STDIO_H 1
| #define HAVE_STDLIB_H 1
| #define HAVE_UNISTD_H 1
| #define HAVE_STRINGS_H 1
| #define HAVE_SYS_TYPES_H 1
| #define HAVE_SYS_STAT_H 1
| #define HAVE_SYS_SELECT_H 1
| #define HAVE_SYS_PRCTL_H 1
| #define HAVE_DECL_STRNLEN 1
| #define HAVE_DECL_DAEMON 1
| #define HAVE_DECL_LE16TOH 1
| #define HAVE_DECL_LE32TOH 1
| #define HAVE_DECL_LE64TOH 1
| #define HAVE_DECL_HTOLE16 1
| #define HAVE_DECL_HTOLE32 1
| #define HAVE_DECL_HTOLE64 1
| #define HAVE_DECL_BE16TOH 1
| #define HAVE_DECL_BE32TOH 1
| #define HAVE_DECL_BE64TOH 1
| #define HAVE_DECL_HTOBE16 1
| #define HAVE_DECL_HTOBE32 1
| #define HAVE_DECL_HTOBE64 1
| #define HAVE_DECL_BSWAP_16 1
| #define HAVE_DECL_BSWAP_32 1
| #define HAVE_DECL_BSWAP_64 1
| #define HAVE_MSG_NOSIGNAL 1
| #define HAVE_MALLOPT_ARENA_MAX 1
| #define HAVE_VISIBILITY_ATTRIBUTE 1
| #define HAVE_SYS_GETRANDOM 1
| #define HAVE_GETENTROPY 1
| /* end confdefs.h.  */
| 
|         #include <bdb4/db_cxx.h>
| 
| int
| main ()
| {
| 
|         #if !((DB_VERSION_MAJOR == 4 && DB_VERSION_MINOR >= 8) || DB_VERSION_MAJOR > 4)
|           #error "failed to find bdb 4.8+"
|         #endif
| 
|   ;
|   return 0;
| }
configure:23662: g++ -m64 -std=c++14 -c -pipe -static-libstdc++ -O2  -I/home/administrator/walletbuilders/build_environment/dash/0.14.0.2/depends/x86_64-w64-linux/share/../include/  -DHAVE_BUILD_INFO -D__STDC_FORMAT_MACROS conftest.cpp >&5
conftest.cpp:63:18: fatal error: libdb4/db_cxx.h: No such file or directory
         #include <libdb4/db_cxx.h>
                  ^~~~~~~~~~~~~~~~~
compilation terminated.
configure:23662: $? = 1
configure: failed program was:
| /* confdefs.h */
| #define PACKAGE_NAME "RHYPTON Core"
| #define PACKAGE_TARNAME "rhyptoncore"
| #define PACKAGE_VERSION "1.0.0"
| #define PACKAGE_STRING "RHYPTON Core 1.0.0"
| #define PACKAGE_BUGREPORT "https://github.com/rhyptonpay/rhypton/issues"
| #define PACKAGE_URL "https://rhypton.org/"
| #define HAVE_CXX14 1
| #define STDC_HEADERS 1
| #define HAVE_SYS_TYPES_H 1
| #define HAVE_SYS_STAT_H 1
| #define HAVE_STDLIB_H 1
| #define HAVE_STRING_H 1
| #define HAVE_MEMORY_H 1
| #define HAVE_STRINGS_H 1
| #define HAVE_INTTYPES_H 1
| #define HAVE_STDINT_H 1
| #define HAVE_UNISTD_H 1
| #define HAVE_DLFCN_H 1
| #define LT_OBJDIR ".libs/"
| #define ENABLE_MINER 1
| #define STACKTRACE_WRAPPED_CXX_ABI 1
| #define HAVE_PTHREAD_PRIO_INHERIT 1
| #define HAVE_PTHREAD 1
| #define HAVE_DECL_STRERROR_R 1
| #define HAVE_STRERROR_R 1
| #define STRERROR_R_CHAR_P 1
| #define HAVE_FUNC_ATTRIBUTE_VISIBILITY 1
| #define HAVE_ENDIAN_H 1
| #define HAVE_BYTESWAP_H 1
| #define HAVE_STDIO_H 1
| #define HAVE_STDLIB_H 1
| #define HAVE_UNISTD_H 1
| #define HAVE_STRINGS_H 1
| #define HAVE_SYS_TYPES_H 1
| #define HAVE_SYS_STAT_H 1
| #define HAVE_SYS_SELECT_H 1
| #define HAVE_SYS_PRCTL_H 1
| #define HAVE_DECL_STRNLEN 1
| #define HAVE_DECL_DAEMON 1
| #define HAVE_DECL_LE16TOH 1
| #define HAVE_DECL_LE32TOH 1
| #define HAVE_DECL_LE64TOH 1
| #define HAVE_DECL_HTOLE16 1
| #define HAVE_DECL_HTOLE32 1
| #define HAVE_DECL_HTOLE64 1
| #define HAVE_DECL_BE16TOH 1
| #define HAVE_DECL_BE32TOH 1
| #define HAVE_DECL_BE64TOH 1
| #define HAVE_DECL_HTOBE16 1
| #define HAVE_DECL_HTOBE32 1
| #define HAVE_DECL_HTOBE64 1
| #define HAVE_DECL_BSWAP_16 1
| #define HAVE_DECL_BSWAP_32 1
| #define HAVE_DECL_BSWAP_64 1
| #define HAVE_MSG_NOSIGNAL 1
| #define HAVE_MALLOPT_ARENA_MAX 1
| #define HAVE_VISIBILITY_ATTRIBUTE 1
| #define HAVE_SYS_GETRANDOM 1
| #define HAVE_GETENTROPY 1
| /* end confdefs.h.  */
| 
|         #include <libdb4/db_cxx.h>
| 
| int
| main ()
| {
| 
|         #if !((DB_VERSION_MAJOR == 4 && DB_VERSION_MINOR >= 8) || DB_VERSION_MAJOR > 4)
|           #error "failed to find bdb 4.8+"
|         #endif
| 
|   ;
|   return 0;
| }
configure:23662: g++ -m64 -std=c++14 -c -pipe -static-libstdc++ -O2  -I/home/administrator/walletbuilders/build_environment/dash/0.14.0.2/depends/x86_64-w64-linux/share/../include/  -DHAVE_BUILD_INFO -D__STDC_FORMAT_MACROS conftest.cpp >&5
conftest.cpp:63:18: fatal error: db4/db_cxx.h: No such file or directory
         #include <db4/db_cxx.h>
                  ^~~~~~~~~~~~~~
compilation terminated.
configure:23662: $? = 1
configure: failed program was:
| /* confdefs.h */
| #define PACKAGE_NAME "RHYPTON Core"
| #define PACKAGE_TARNAME "rhyptoncore"
| #define PACKAGE_VERSION "1.0.0"
| #define PACKAGE_STRING "RHYPTON Core 1.0.0"
| #define PACKAGE_BUGREPORT "https://github.com/rhyptonpay/rhypton/issues"
| #define PACKAGE_URL "https://rhypton.org/"
| #define HAVE_CXX14 1
| #define STDC_HEADERS 1
| #define HAVE_SYS_TYPES_H 1
| #define HAVE_SYS_STAT_H 1
| #define HAVE_STDLIB_H 1
| #define HAVE_STRING_H 1
| #define HAVE_MEMORY_H 1
| #define HAVE_STRINGS_H 1
| #define HAVE_INTTYPES_H 1
| #define HAVE_STDINT_H 1
| #define HAVE_UNISTD_H 1
| #define HAVE_DLFCN_H 1
| #define LT_OBJDIR ".libs/"
| #define ENABLE_MINER 1
| #define STACKTRACE_WRAPPED_CXX_ABI 1
| #define HAVE_PTHREAD_PRIO_INHERIT 1
| #define HAVE_PTHREAD 1
| #define HAVE_DECL_STRERROR_R 1
| #define HAVE_STRERROR_R 1
| #define STRERROR_R_CHAR_P 1
| #define HAVE_FUNC_ATTRIBUTE_VISIBILITY 1
| #define HAVE_ENDIAN_H 1
| #define HAVE_BYTESWAP_H 1
| #define HAVE_STDIO_H 1
| #define HAVE_STDLIB_H 1
| #define HAVE_UNISTD_H 1
| #define HAVE_STRINGS_H 1
| #define HAVE_SYS_TYPES_H 1
| #define HAVE_SYS_STAT_H 1
| #define HAVE_SYS_SELECT_H 1
| #define HAVE_SYS_PRCTL_H 1
| #define HAVE_DECL_STRNLEN 1
| #define HAVE_DECL_DAEMON 1
| #define HAVE_DECL_LE16TOH 1
| #define HAVE_DECL_LE32TOH 1
| #define HAVE_DECL_LE64TOH 1
| #define HAVE_DECL_HTOLE16 1
| #define HAVE_DECL_HTOLE32 1
| #define HAVE_DECL_HTOLE64 1
| #define HAVE_DECL_BE16TOH 1
| #define HAVE_DECL_BE32TOH 1
| #define HAVE_DECL_BE64TOH 1
| #define HAVE_DECL_HTOBE16 1
| #define HAVE_DECL_HTOBE32 1
| #define HAVE_DECL_HTOBE64 1
| #define HAVE_DECL_BSWAP_16 1
| #define HAVE_DECL_BSWAP_32 1
| #define HAVE_DECL_BSWAP_64 1
| #define HAVE_MSG_NOSIGNAL 1
| #define HAVE_MALLOPT_ARENA_MAX 1
| #define HAVE_VISIBILITY_ATTRIBUTE 1
| #define HAVE_SYS_GETRANDOM 1
| #define HAVE_GETENTROPY 1
| /* end confdefs.h.  */
| 
|         #include <db4/db_cxx.h>
| 
| int
| main ()
| {
| 
|         #if !((DB_VERSION_MAJOR == 4 && DB_VERSION_MINOR >= 8) || DB_VERSION_MAJOR > 4)
|           #error "failed to find bdb 4.8+"
|         #endif
| 
|   ;
|   return 0;
| }
configure:23662: g++ -m64 -std=c++14 -c -pipe -static-libstdc++ -O2  -I/home/administrator/walletbuilders/build_environment/dash/0.14.0.2/depends/x86_64-w64-linux/share/../include/  -DHAVE_BUILD_INFO -D__STDC_FORMAT_MACROS conftest.cpp >&5
conftest.cpp:63:18: fatal error: bdb5/db_cxx.h: No such file or directory
         #include <bdb5/db_cxx.h>
                  ^~~~~~~~~~~~~~~
compilation terminated.
configure:23662: $? = 1
configure: failed program was:
| /* confdefs.h */
| #define PACKAGE_NAME "RHYPTON Core"
| #define PACKAGE_TARNAME "rhyptoncore"
| #define PACKAGE_VERSION "1.0.0"
| #define PACKAGE_STRING "RHYPTON Core 1.0.0"
| #define PACKAGE_BUGREPORT "https://github.com/rhyptonpay/rhypton/issues"
| #define PACKAGE_URL "https://rhypton.org/"
| #define HAVE_CXX14 1
| #define STDC_HEADERS 1
| #define HAVE_SYS_TYPES_H 1
| #define HAVE_SYS_STAT_H 1
| #define HAVE_STDLIB_H 1
| #define HAVE_STRING_H 1
| #define HAVE_MEMORY_H 1
| #define HAVE_STRINGS_H 1
| #define HAVE_INTTYPES_H 1
| #define HAVE_STDINT_H 1
| #define HAVE_UNISTD_H 1
| #define HAVE_DLFCN_H 1
| #define LT_OBJDIR ".libs/"
| #define ENABLE_MINER 1
| #define STACKTRACE_WRAPPED_CXX_ABI 1
| #define HAVE_PTHREAD_PRIO_INHERIT 1
| #define HAVE_PTHREAD 1
| #define HAVE_DECL_STRERROR_R 1
| #define HAVE_STRERROR_R 1
| #define STRERROR_R_CHAR_P 1
| #define HAVE_FUNC_ATTRIBUTE_VISIBILITY 1
| #define HAVE_ENDIAN_H 1
| #define HAVE_BYTESWAP_H 1
| #define HAVE_STDIO_H 1
| #define HAVE_STDLIB_H 1
| #define HAVE_UNISTD_H 1
| #define HAVE_STRINGS_H 1
| #define HAVE_SYS_TYPES_H 1
| #define HAVE_SYS_STAT_H 1
| #define HAVE_SYS_SELECT_H 1
| #define HAVE_SYS_PRCTL_H 1
| #define HAVE_DECL_STRNLEN 1
| #define HAVE_DECL_DAEMON 1
| #define HAVE_DECL_LE16TOH 1
| #define HAVE_DECL_LE32TOH 1
| #define HAVE_DECL_LE64TOH 1
| #define HAVE_DECL_HTOLE16 1
| #define HAVE_DECL_HTOLE32 1
| #define HAVE_DECL_HTOLE64 1
| #define HAVE_DECL_BE16TOH 1
| #define HAVE_DECL_BE32TOH 1
| #define HAVE_DECL_BE64TOH 1
| #define HAVE_DECL_HTOBE16 1
| #define HAVE_DECL_HTOBE32 1
| #define HAVE_DECL_HTOBE64 1
| #define HAVE_DECL_BSWAP_16 1
| #define HAVE_DECL_BSWAP_32 1
| #define HAVE_DECL_BSWAP_64 1
| #define HAVE_MSG_NOSIGNAL 1
| #define HAVE_MALLOPT_ARENA_MAX 1
| #define HAVE_VISIBILITY_ATTRIBUTE 1
| #define HAVE_SYS_GETRANDOM 1
| #define HAVE_GETENTROPY 1
| /* end confdefs.h.  */
| 
|         #include <bdb5/db_cxx.h>
| 
| int
| main ()
| {
| 
|         #if !((DB_VERSION_MAJOR == 4 && DB_VERSION_MINOR >= 8) || DB_VERSION_MAJOR > 4)
|           #error "failed to find bdb 4.8+"
|         #endif
| 
|   ;
|   return 0;
| }
configure:23662: g++ -m64 -std=c++14 -c -pipe -static-libstdc++ -O2  -I/home/administrator/walletbuilders/build_environment/dash/0.14.0.2/depends/x86_64-w64-linux/share/../include/  -DHAVE_BUILD_INFO -D__STDC_FORMAT_MACROS conftest.cpp >&5
conftest.cpp:63:18: fatal error: libdb5/db_cxx.h: No such file or directory
         #include <libdb5/db_cxx.h>
                  ^~~~~~~~~~~~~~~~~
compilation terminated.
configure:23662: $? = 1
configure: failed program was:
| /* confdefs.h */
| #define PACKAGE_NAME "RHYPTON Core"
| #define PACKAGE_TARNAME "rhyptoncore"
| #define PACKAGE_VERSION "1.0.0"
| #define PACKAGE_STRING "RHYPTON Core 1.0.0"
| #define PACKAGE_BUGREPORT "https://github.com/rhyptonpay/rhypton/issues"
| #define PACKAGE_URL "https://rhypton.org/"
| #define HAVE_CXX14 1
| #define STDC_HEADERS 1
| #define HAVE_SYS_TYPES_H 1
| #define HAVE_SYS_STAT_H 1
| #define HAVE_STDLIB_H 1
| #define HAVE_STRING_H 1
| #define HAVE_MEMORY_H 1
| #define HAVE_STRINGS_H 1
| #define HAVE_INTTYPES_H 1
| #define HAVE_STDINT_H 1
| #define HAVE_UNISTD_H 1
| #define HAVE_DLFCN_H 1
| #define LT_OBJDIR ".libs/"
| #define ENABLE_MINER 1
| #define STACKTRACE_WRAPPED_CXX_ABI 1
| #define HAVE_PTHREAD_PRIO_INHERIT 1
| #define HAVE_PTHREAD 1
| #define HAVE_DECL_STRERROR_R 1
| #define HAVE_STRERROR_R 1
| #define STRERROR_R_CHAR_P 1
| #define HAVE_FUNC_ATTRIBUTE_VISIBILITY 1
| #define HAVE_ENDIAN_H 1
| #define HAVE_BYTESWAP_H 1
| #define HAVE_STDIO_H 1
| #define HAVE_STDLIB_H 1
| #define HAVE_UNISTD_H 1
| #define HAVE_STRINGS_H 1
| #define HAVE_SYS_TYPES_H 1
| #define HAVE_SYS_STAT_H 1
| #define HAVE_SYS_SELECT_H 1
| #define HAVE_SYS_PRCTL_H 1
| #define HAVE_DECL_STRNLEN 1
| #define HAVE_DECL_DAEMON 1
| #define HAVE_DECL_LE16TOH 1
| #define HAVE_DECL_LE32TOH 1
| #define HAVE_DECL_LE64TOH 1
| #define HAVE_DECL_HTOLE16 1
| #define HAVE_DECL_HTOLE32 1
| #define HAVE_DECL_HTOLE64 1
| #define HAVE_DECL_BE16TOH 1
| #define HAVE_DECL_BE32TOH 1
| #define HAVE_DECL_BE64TOH 1
| #define HAVE_DECL_HTOBE16 1
| #define HAVE_DECL_HTOBE32 1
| #define HAVE_DECL_HTOBE64 1
| #define HAVE_DECL_BSWAP_16 1
| #define HAVE_DECL_BSWAP_32 1
| #define HAVE_DECL_BSWAP_64 1
| #define HAVE_MSG_NOSIGNAL 1
| #define HAVE_MALLOPT_ARENA_MAX 1
| #define HAVE_VISIBILITY_ATTRIBUTE 1
| #define HAVE_SYS_GETRANDOM 1
| #define HAVE_GETENTROPY 1
| /* end confdefs.h.  */
| 
|         #include <libdb5/db_cxx.h>
| 
| int
| main ()
| {
| 
|         #if !((DB_VERSION_MAJOR == 4 && DB_VERSION_MINOR >= 8) || DB_VERSION_MAJOR > 4)
|           #error "failed to find bdb 4.8+"
|         #endif
| 
|   ;
|   return 0;
| }
configure:23662: g++ -m64 -std=c++14 -c -pipe -static-libstdc++ -O2  -I/home/administrator/walletbuilders/build_environment/dash/0.14.0.2/depends/x86_64-w64-linux/share/../include/  -DHAVE_BUILD_INFO -D__STDC_FORMAT_MACROS conftest.cpp >&5
conftest.cpp:63:18: fatal error: db5/db_cxx.h: No such file or directory
         #include <db5/db_cxx.h>
                  ^~~~~~~~~~~~~~
compilation terminated.
configure:23662: $? = 1
configure: failed program was:
| /* confdefs.h */
| #define PACKAGE_NAME "RHYPTON Core"
| #define PACKAGE_TARNAME "rhyptoncore"
| #define PACKAGE_VERSION "1.0.0"
| #define PACKAGE_STRING "RHYPTON Core 1.0.0"
| #define PACKAGE_BUGREPORT "https://github.com/rhyptonpay/rhypton/issues"
| #define PACKAGE_URL "https://rhypton.org/"
| #define HAVE_CXX14 1
| #define STDC_HEADERS 1
| #define HAVE_SYS_TYPES_H 1
| #define HAVE_SYS_STAT_H 1
| #define HAVE_STDLIB_H 1
| #define HAVE_STRING_H 1
| #define HAVE_MEMORY_H 1
| #define HAVE_STRINGS_H 1
| #define HAVE_INTTYPES_H 1
| #define HAVE_STDINT_H 1
| #define HAVE_UNISTD_H 1
| #define HAVE_DLFCN_H 1
| #define LT_OBJDIR ".libs/"
| #define ENABLE_MINER 1
| #define STACKTRACE_WRAPPED_CXX_ABI 1
| #define HAVE_PTHREAD_PRIO_INHERIT 1
| #define HAVE_PTHREAD 1
| #define HAVE_DECL_STRERROR_R 1
| #define HAVE_STRERROR_R 1
| #define STRERROR_R_CHAR_P 1
| #define HAVE_FUNC_ATTRIBUTE_VISIBILITY 1
| #define HAVE_ENDIAN_H 1
| #define HAVE_BYTESWAP_H 1
| #define HAVE_STDIO_H 1
| #define HAVE_STDLIB_H 1
| #define HAVE_UNISTD_H 1
| #define HAVE_STRINGS_H 1
| #define HAVE_SYS_TYPES_H 1
| #define HAVE_SYS_STAT_H 1
| #define HAVE_SYS_SELECT_H 1
| #define HAVE_SYS_PRCTL_H 1
| #define HAVE_DECL_STRNLEN 1
| #define HAVE_DECL_DAEMON 1
| #define HAVE_DECL_LE16TOH 1
| #define HAVE_DECL_LE32TOH 1
| #define HAVE_DECL_LE64TOH 1
| #define HAVE_DECL_HTOLE16 1
| #define HAVE_DECL_HTOLE32 1
| #define HAVE_DECL_HTOLE64 1
| #define HAVE_DECL_BE16TOH 1
| #define HAVE_DECL_BE32TOH 1
| #define HAVE_DECL_BE64TOH 1
| #define HAVE_DECL_HTOBE16 1
| #define HAVE_DECL_HTOBE32 1
| #define HAVE_DECL_HTOBE64 1
| #define HAVE_DECL_BSWAP_16 1
| #define HAVE_DECL_BSWAP_32 1
| #define HAVE_DECL_BSWAP_64 1
| #define HAVE_MSG_NOSIGNAL 1
| #define HAVE_MALLOPT_ARENA_MAX 1
| #define HAVE_VISIBILITY_ATTRIBUTE 1
| #define HAVE_SYS_GETRANDOM 1
| #define HAVE_GETENTROPY 1
| /* end confdefs.h.  */
| 
|         #include <db5/db_cxx.h>
| 
| int
| main ()
| {
| 
|         #if !((DB_VERSION_MAJOR == 4 && DB_VERSION_MINOR >= 8) || DB_VERSION_MAJOR > 4)
|           #error "failed to find bdb 4.8+"
|         #endif
| 
|   ;
|   return 0;
| }
configure:23662: g++ -m64 -std=c++14 -c -pipe -static-libstdc++ -O2  -I/home/administrator/walletbuilders/build_environment/dash/0.14.0.2/depends/x86_64-w64-linux/share/../include/  -DHAVE_BUILD_INFO -D__STDC_FORMAT_MACROS conftest.cpp >&5
conftest.cpp:63:18: fatal error: bdb/db_cxx.h: No such file or directory
         #include <bdb/db_cxx.h>
                  ^~~~~~~~~~~~~~
compilation terminated.
configure:23662: $? = 1
configure: failed program was:
| /* confdefs.h */
| #define PACKAGE_NAME "RHYPTON Core"
| #define PACKAGE_TARNAME "rhyptoncore"
| #define PACKAGE_VERSION "1.0.0"
| #define PACKAGE_STRING "RHYPTON Core 1.0.0"
| #define PACKAGE_BUGREPORT "https://github.com/rhyptonpay/rhypton/issues"
| #define PACKAGE_URL "https://rhypton.org/"
| #define HAVE_CXX14 1
| #define STDC_HEADERS 1
| #define HAVE_SYS_TYPES_H 1
| #define HAVE_SYS_STAT_H 1
| #define HAVE_STDLIB_H 1
| #define HAVE_STRING_H 1
| #define HAVE_MEMORY_H 1
| #define HAVE_STRINGS_H 1
| #define HAVE_INTTYPES_H 1
| #define HAVE_STDINT_H 1
| #define HAVE_UNISTD_H 1
| #define HAVE_DLFCN_H 1
| #define LT_OBJDIR ".libs/"
| #define ENABLE_MINER 1
| #define STACKTRACE_WRAPPED_CXX_ABI 1
| #define HAVE_PTHREAD_PRIO_INHERIT 1
| #define HAVE_PTHREAD 1
| #define HAVE_DECL_STRERROR_R 1
| #define HAVE_STRERROR_R 1
| #define STRERROR_R_CHAR_P 1
| #define HAVE_FUNC_ATTRIBUTE_VISIBILITY 1
| #define HAVE_ENDIAN_H 1
| #define HAVE_BYTESWAP_H 1
| #define HAVE_STDIO_H 1
| #define HAVE_STDLIB_H 1
| #define HAVE_UNISTD_H 1
| #define HAVE_STRINGS_H 1
| #define HAVE_SYS_TYPES_H 1
| #define HAVE_SYS_STAT_H 1
| #define HAVE_SYS_SELECT_H 1
| #define HAVE_SYS_PRCTL_H 1
| #define HAVE_DECL_STRNLEN 1
| #define HAVE_DECL_DAEMON 1
| #define HAVE_DECL_LE16TOH 1
| #define HAVE_DECL_LE32TOH 1
| #define HAVE_DECL_LE64TOH 1
| #define HAVE_DECL_HTOLE16 1
| #define HAVE_DECL_HTOLE32 1
| #define HAVE_DECL_HTOLE64 1
| #define HAVE_DECL_BE16TOH 1
| #define HAVE_DECL_BE32TOH 1
| #define HAVE_DECL_BE64TOH 1
| #define HAVE_DECL_HTOBE16 1
| #define HAVE_DECL_HTOBE32 1
| #define HAVE_DECL_HTOBE64 1
| #define HAVE_DECL_BSWAP_16 1
| #define HAVE_DECL_BSWAP_32 1
| #define HAVE_DECL_BSWAP_64 1
| #define HAVE_MSG_NOSIGNAL 1
| #define HAVE_MALLOPT_ARENA_MAX 1
| #define HAVE_VISIBILITY_ATTRIBUTE 1
| #define HAVE_SYS_GETRANDOM 1
| #define HAVE_GETENTROPY 1
| /* end confdefs.h.  */
| 
|         #include <bdb/db_cxx.h>
| 
| int
| main ()
| {
| 
|         #if !((DB_VERSION_MAJOR == 4 && DB_VERSION_MINOR >= 8) || DB_VERSION_MAJOR > 4)
|           #error "failed to find bdb 4.8+"
|         #endif
| 
|   ;
|   return 0;
| }
configure:23662: g++ -m64 -std=c++14 -c -pipe -static-libstdc++ -O2  -I/home/administrator/walletbuilders/build_environment/dash/0.14.0.2/depends/x86_64-w64-linux/share/../include/  -DHAVE_BUILD_INFO -D__STDC_FORMAT_MACROS conftest.cpp >&5
conftest.cpp:63:18: fatal error: libdb/db_cxx.h: No such file or directory
         #include <libdb/db_cxx.h>
                  ^~~~~~~~~~~~~~~~
compilation terminated.
configure:23662: $? = 1
configure: failed program was:
| /* confdefs.h */
| #define PACKAGE_NAME "RHYPTON Core"
| #define PACKAGE_TARNAME "rhyptoncore"
| #define PACKAGE_VERSION "1.0.0"
| #define PACKAGE_STRING "RHYPTON Core 1.0.0"
| #define PACKAGE_BUGREPORT "https://github.com/rhyptonpay/rhypton/issues"
| #define PACKAGE_URL "https://rhypton.org/"
| #define HAVE_CXX14 1
| #define STDC_HEADERS 1
| #define HAVE_SYS_TYPES_H 1
| #define HAVE_SYS_STAT_H 1
| #define HAVE_STDLIB_H 1
| #define HAVE_STRING_H 1
| #define HAVE_MEMORY_H 1
| #define HAVE_STRINGS_H 1
| #define HAVE_INTTYPES_H 1
| #define HAVE_STDINT_H 1
| #define HAVE_UNISTD_H 1
| #define HAVE_DLFCN_H 1
| #define LT_OBJDIR ".libs/"
| #define ENABLE_MINER 1
| #define STACKTRACE_WRAPPED_CXX_ABI 1
| #define HAVE_PTHREAD_PRIO_INHERIT 1
| #define HAVE_PTHREAD 1
| #define HAVE_DECL_STRERROR_R 1
| #define HAVE_STRERROR_R 1
| #define STRERROR_R_CHAR_P 1
| #define HAVE_FUNC_ATTRIBUTE_VISIBILITY 1
| #define HAVE_ENDIAN_H 1
| #define HAVE_BYTESWAP_H 1
| #define HAVE_STDIO_H 1
| #define HAVE_STDLIB_H 1
| #define HAVE_UNISTD_H 1
| #define HAVE_STRINGS_H 1
| #define HAVE_SYS_TYPES_H 1
| #define HAVE_SYS_STAT_H 1
| #define HAVE_SYS_SELECT_H 1
| #define HAVE_SYS_PRCTL_H 1
| #define HAVE_DECL_STRNLEN 1
| #define HAVE_DECL_DAEMON 1
| #define HAVE_DECL_LE16TOH 1
| #define HAVE_DECL_LE32TOH 1
| #define HAVE_DECL_LE64TOH 1
| #define HAVE_DECL_HTOLE16 1
| #define HAVE_DECL_HTOLE32 1
| #define HAVE_DECL_HTOLE64 1
| #define HAVE_DECL_BE16TOH 1
| #define HAVE_DECL_BE32TOH 1
| #define HAVE_DECL_BE64TOH 1
| #define HAVE_DECL_HTOBE16 1
| #define HAVE_DECL_HTOBE32 1
| #define HAVE_DECL_HTOBE64 1
| #define HAVE_DECL_BSWAP_16 1
| #define HAVE_DECL_BSWAP_32 1
| #define HAVE_DECL_BSWAP_64 1
| #define HAVE_MSG_NOSIGNAL 1
| #define HAVE_MALLOPT_ARENA_MAX 1
| #define HAVE_VISIBILITY_ATTRIBUTE 1
| #define HAVE_SYS_GETRANDOM 1
| #define HAVE_GETENTROPY 1
| /* end confdefs.h.  */
| 
|         #include <libdb/db_cxx.h>
| 
| int
| main ()
| {
| 
|         #if !((DB_VERSION_MAJOR == 4 && DB_VERSION_MINOR >= 8) || DB_VERSION_MAJOR > 4)
|           #error "failed to find bdb 4.8+"
|         #endif
| 
|   ;
|   return 0;
| }
configure:23662: g++ -m64 -std=c++14 -c -pipe -static-libstdc++ -O2  -I/home/administrator/walletbuilders/build_environment/dash/0.14.0.2/depends/x86_64-w64-linux/share/../include/  -DHAVE_BUILD_INFO -D__STDC_FORMAT_MACROS conftest.cpp >&5
conftest.cpp:63:18: fatal error: db/db_cxx.h: No such file or directory
         #include <db/db_cxx.h>
                  ^~~~~~~~~~~~~
compilation terminated.
configure:23662: $? = 1
configure: failed program was:
| /* confdefs.h */
| #define PACKAGE_NAME "RHYPTON Core"
| #define PACKAGE_TARNAME "rhyptoncore"
| #define PACKAGE_VERSION "1.0.0"
| #define PACKAGE_STRING "RHYPTON Core 1.0.0"
| #define PACKAGE_BUGREPORT "https://github.com/rhyptonpay/rhypton/issues"
| #define PACKAGE_URL "https://rhypton.org/"
| #define HAVE_CXX14 1
| #define STDC_HEADERS 1
| #define HAVE_SYS_TYPES_H 1
| #define HAVE_SYS_STAT_H 1
| #define HAVE_STDLIB_H 1
| #define HAVE_STRING_H 1
| #define HAVE_MEMORY_H 1
| #define HAVE_STRINGS_H 1
| #define HAVE_INTTYPES_H 1
| #define HAVE_STDINT_H 1
| #define HAVE_UNISTD_H 1
| #define HAVE_DLFCN_H 1
| #define LT_OBJDIR ".libs/"
| #define ENABLE_MINER 1
| #define STACKTRACE_WRAPPED_CXX_ABI 1
| #define HAVE_PTHREAD_PRIO_INHERIT 1
| #define HAVE_PTHREAD 1
| #define HAVE_DECL_STRERROR_R 1
| #define HAVE_STRERROR_R 1
| #define STRERROR_R_CHAR_P 1
| #define HAVE_FUNC_ATTRIBUTE_VISIBILITY 1
| #define HAVE_ENDIAN_H 1
| #define HAVE_BYTESWAP_H 1
| #define HAVE_STDIO_H 1
| #define HAVE_STDLIB_H 1
| #define HAVE_UNISTD_H 1
| #define HAVE_STRINGS_H 1
| #define HAVE_SYS_TYPES_H 1
| #define HAVE_SYS_STAT_H 1
| #define HAVE_SYS_SELECT_H 1
| #define HAVE_SYS_PRCTL_H 1
| #define HAVE_DECL_STRNLEN 1
| #define HAVE_DECL_DAEMON 1
| #define HAVE_DECL_LE16TOH 1
| #define HAVE_DECL_LE32TOH 1
| #define HAVE_DECL_LE64TOH 1
| #define HAVE_DECL_HTOLE16 1
| #define HAVE_DECL_HTOLE32 1
| #define HAVE_DECL_HTOLE64 1
| #define HAVE_DECL_BE16TOH 1
| #define HAVE_DECL_BE32TOH 1
| #define HAVE_DECL_BE64TOH 1
| #define HAVE_DECL_HTOBE16 1
| #define HAVE_DECL_HTOBE32 1
| #define HAVE_DECL_HTOBE64 1
| #define HAVE_DECL_BSWAP_16 1
| #define HAVE_DECL_BSWAP_32 1
| #define HAVE_DECL_BSWAP_64 1
| #define HAVE_MSG_NOSIGNAL 1
| #define HAVE_MALLOPT_ARENA_MAX 1
| #define HAVE_VISIBILITY_ATTRIBUTE 1
| #define HAVE_SYS_GETRANDOM 1
| #define HAVE_GETENTROPY 1
| /* end confdefs.h.  */
| 
|         #include <db/db_cxx.h>
| 
| int
| main ()
| {
| 
|         #if !((DB_VERSION_MAJOR == 4 && DB_VERSION_MINOR >= 8) || DB_VERSION_MAJOR > 4)
|           #error "failed to find bdb 4.8+"
|         #endif
| 
|   ;
|   return 0;
| }
configure:23662: g++ -m64 -std=c++14 -c -pipe -static-libstdc++ -O2  -I/home/administrator/walletbuilders/build_environment/dash/0.14.0.2/depends/x86_64-w64-linux/share/../include/  -DHAVE_BUILD_INFO -D__STDC_FORMAT_MACROS conftest.cpp >&5
configure:23662: $? = 0
configure:23691: g++ -m64 -std=c++14 -c -pipe -static-libstdc++ -O2  -I/home/administrator/walletbuilders/build_environment/dash/0.14.0.2/depends/x86_64-w64-linux/share/../include/  -DHAVE_BUILD_INFO -D__STDC_FORMAT_MACROS conftest.cpp >&5
configure:23691: $? = 0
configure:23734: result: default
configure:23757: checking for main in -ldb_cxx-4.8
configure:23776: g++ -m64 -std=c++14 -o conftest -pipe -static-libstdc++ -O2  -I/home/administrator/walletbuilders/build_environment/dash/0.14.0.2/depends/x86_64-w64-linux/share/../include/  -DHAVE_BUILD_INFO -D__STDC_FORMAT_MACROS -L/home/administrator/walletbuilders/build_environment/dash/0.14.0.2/depends/x86_64-w64-linux/share/../lib  conftest.cpp -ldb_cxx-4.8   >&5
configure:23776: $? = 0
configure:23786: result: yes
configure:23808: checking miniupnpc/miniwget.h usability
configure:23808: g++ -m64 -std=c++14 -c -pipe -static-libstdc++ -O2  -I/home/administrator/walletbuilders/build_environment/dash/0.14.0.2/depends/x86_64-w64-linux/share/../include/  -DHAVE_BUILD_INFO -D__STDC_FORMAT_MACROS conftest.cpp >&5
configure:23808: $? = 0
configure:23808: result: yes
configure:23808: checking miniupnpc/miniwget.h presence
configure:23808: g++ -m64 -std=c++14 -E -I/home/administrator/walletbuilders/build_environment/dash/0.14.0.2/depends/x86_64-w64-linux/share/../include/  -DHAVE_BUILD_INFO -D__STDC_FORMAT_MACROS conftest.cpp
configure:23808: $? = 0
configure:23808: result: yes
configure:23808: checking for miniupnpc/miniwget.h
configure:23808: result: yes
configure:23813: checking for main in -lminiupnpc
configure:23832: g++ -m64 -std=c++14 -o conftest -pipe -static-libstdc++ -O2  -I/home/administrator/walletbuilders/build_environment/dash/0.14.0.2/depends/x86_64-w64-linux/share/../include/  -DHAVE_BUILD_INFO -D__STDC_FORMAT_MACROS -L/home/administrator/walletbuilders/build_environment/dash/0.14.0.2/depends/x86_64-w64-linux/share/../lib  conftest.cpp -lminiupnpc   >&5
configure:23832: $? = 0
configure:23841: result: yes
configure:23808: checking miniupnpc/miniupnpc.h usability
configure:23808: g++ -m64 -std=c++14 -c -pipe -static-libstdc++ -O2  -I/home/administrator/walletbuilders/build_environment/dash/0.14.0.2/depends/x86_64-w64-linux/share/../include/  -DHAVE_BUILD_INFO -D__STDC_FORMAT_MACROS conftest.cpp >&5
configure:23808: $? = 0
configure:23808: result: yes
configure:23808: checking miniupnpc/miniupnpc.h presence
configure:23808: g++ -m64 -std=c++14 -E -I/home/administrator/walletbuilders/build_environment/dash/0.14.0.2/depends/x86_64-w64-linux/share/../include/  -DHAVE_BUILD_INFO -D__STDC_FORMAT_MACROS conftest.cpp
configure:23808: $? = 0
configure:23808: result: yes
configure:23808: checking for miniupnpc/miniupnpc.h
configure:23808: result: yes
configure:23813: checking for main in -lminiupnpc
configure:23841: result: yes
configure:23808: checking miniupnpc/upnpcommands.h usability
configure:23808: g++ -m64 -std=c++14 -c -pipe -static-libstdc++ -O2  -I/home/administrator/walletbuilders/build_environment/dash/0.14.0.2/depends/x86_64-w64-linux/share/../include/  -DHAVE_BUILD_INFO -D__STDC_FORMAT_MACROS conftest.cpp >&5
configure:23808: $? = 0
configure:23808: result: yes
configure:23808: checking miniupnpc/upnpcommands.h presence
configure:23808: g++ -m64 -std=c++14 -E -I/home/administrator/walletbuilders/build_environment/dash/0.14.0.2/depends/x86_64-w64-linux/share/../include/  -DHAVE_BUILD_INFO -D__STDC_FORMAT_MACROS conftest.cpp
configure:23808: $? = 0
configure:23808: result: yes
configure:23808: checking for miniupnpc/upnpcommands.h
configure:23808: result: yes
configure:23813: checking for main in -lminiupnpc
configure:23841: result: yes
configure:23808: checking miniupnpc/upnperrors.h usability
configure:23808: g++ -m64 -std=c++14 -c -pipe -static-libstdc++ -O2  -I/home/administrator/walletbuilders/build_environment/dash/0.14.0.2/depends/x86_64-w64-linux/share/../include/  -DHAVE_BUILD_INFO -D__STDC_FORMAT_MACROS conftest.cpp >&5
configure:23808: $? = 0
configure:23808: result: yes
configure:23808: checking miniupnpc/upnperrors.h presence
configure:23808: g++ -m64 -std=c++14 -E -I/home/administrator/walletbuilders/build_environment/dash/0.14.0.2/depends/x86_64-w64-linux/share/../include/  -DHAVE_BUILD_INFO -D__STDC_FORMAT_MACROS conftest.cpp
configure:23808: $? = 0
configure:23808: result: yes
configure:23808: checking for miniupnpc/upnperrors.h
configure:23808: result: yes
configure:23813: checking for main in -lminiupnpc
configure:23841: result: yes
configure:23951: checking for QT
configure:23958: $PKG_CONFIG --exists --print-errors "$qt5_modules"
configure:23961: $? = 0
configure:23975: $PKG_CONFIG --exists --print-errors "$qt5_modules"
configure:23978: $? = 0
configure:24016: result: yes
configure:24268: checking for QT_TEST
configure:24275: $PKG_CONFIG --exists --print-errors "${QT_LIB_PREFIX}Test"
configure:24278: $? = 0
configure:24292: $PKG_CONFIG --exists --print-errors "${QT_LIB_PREFIX}Test"
configure:24295: $? = 0
configure:24333: result: yes
configure:24340: checking for QT_DBUS
configure:24347: $PKG_CONFIG --exists --print-errors "${QT_LIB_PREFIX}DBus"
configure:24350: $? = 0
configure:24364: $PKG_CONFIG --exists --print-errors "${QT_LIB_PREFIX}DBus"
configure:24367: $? = 0
configure:24405: result: yes
configure:25371: checking for static Qt
configure:25394: g++ -m64 -std=c++14 -c -fPIC -pipe -static-libstdc++ -O2  -I/home/administrator/walletbuilders/build_environment/dash/0.14.0.2/depends/x86_64-w64-linux/include/QtNetwork -I/home/administrator/walletbuilders/build_environment/dash/0.14.0.2/depends/x86_64-w64-linux/include/QtWidgets -I/home/administrator/walletbuilders/build_environment/dash/0.14.0.2/depends/x86_64-w64-linux/include/QtGui -I/home/administrator/walletbuilders/build_environment/dash/0.14.0.2/depends/x86_64-w64-linux/include/QtCore -I/home/administrator/walletbuilders/build_environment/dash/0.14.0.2/depends/x86_64-w64-linux/share/../include/  -DHAVE_BUILD_INFO -D__STDC_FORMAT_MACROS conftest.cpp >&5
configure:25394: $? = 0
configure:25402: result: yes
configure:25423: checking for QTPLATFORM
configure:25430: $PKG_CONFIG --exists --print-errors "Qt5PlatformSupport"
configure:25433: $? = 0
configure:25447: $PKG_CONFIG --exists --print-errors "Qt5PlatformSupport"
configure:25450: $? = 0
configure:25508: result: yes
configure:25515: checking for X11XCB
configure:25522: $PKG_CONFIG --exists --print-errors "x11-xcb"
configure:25525: $? = 0
configure:25539: $PKG_CONFIG --exists --print-errors "x11-xcb"
configure:25542: $? = 0
configure:25600: result: yes
configure:25607: checking for QTXCBQPA
configure:25614: $PKG_CONFIG --exists --print-errors "Qt5XcbQpa"
configure:25617: $? = 0
configure:25631: $PKG_CONFIG --exists --print-errors "Qt5XcbQpa"
configure:25634: $? = 0
configure:25692: result: yes
configure:25899: checking for Qt < 5.4
configure:25919: g++ -m64 -std=c++14 -c -fPIC -pipe -static-libstdc++ -O2  -I/home/administrator/walletbuilders/build_environment/dash/0.14.0.2/depends/x86_64-w64-linux/include/QtNetwork -I/home/administrator/walletbuilders/build_environment/dash/0.14.0.2/depends/x86_64-w64-linux/include/QtWidgets -I/home/administrator/walletbuilders/build_environment/dash/0.14.0.2/depends/x86_64-w64-linux/include/QtGui -I/home/administrator/walletbuilders/build_environment/dash/0.14.0.2/depends/x86_64-w64-linux/include/QtCore -I/home/administrator/walletbuilders/build_environment/dash/0.14.0.2/depends/x86_64-w64-linux/share/../include/  -DHAVE_BUILD_INFO -D__STDC_FORMAT_MACROS conftest.cpp >&5
conftest.cpp: In function 'int main()':
conftest.cpp:73:11: error: 'choke' was not declared in this scope
           choke;
           ^~~~~
conftest.cpp:73:11: note: suggested alternative: 'clone'
           choke;
           ^~~~~
           clone
configure:25919: $? = 1
configure: failed program was:
| /* confdefs.h */
| #define PACKAGE_NAME "RHYPTON Core"
| #define PACKAGE_TARNAME "rhyptoncore"
| #define PACKAGE_VERSION "1.0.0"
| #define PACKAGE_STRING "RHYPTON Core 1.0.0"
| #define PACKAGE_BUGREPORT "https://github.com/rhyptonpay/rhypton/issues"
| #define PACKAGE_URL "https://rhypton.org/"
| #define HAVE_CXX14 1
| #define STDC_HEADERS 1
| #define HAVE_SYS_TYPES_H 1
| #define HAVE_SYS_STAT_H 1
| #define HAVE_STDLIB_H 1
| #define HAVE_STRING_H 1
| #define HAVE_MEMORY_H 1
| #define HAVE_STRINGS_H 1
| #define HAVE_INTTYPES_H 1
| #define HAVE_STDINT_H 1
| #define HAVE_UNISTD_H 1
| #define HAVE_DLFCN_H 1
| #define LT_OBJDIR ".libs/"
| #define ENABLE_MINER 1
| #define STACKTRACE_WRAPPED_CXX_ABI 1
| #define HAVE_PTHREAD_PRIO_INHERIT 1
| #define HAVE_PTHREAD 1
| #define HAVE_DECL_STRERROR_R 1
| #define HAVE_STRERROR_R 1
| #define STRERROR_R_CHAR_P 1
| #define HAVE_FUNC_ATTRIBUTE_VISIBILITY 1
| #define HAVE_ENDIAN_H 1
| #define HAVE_BYTESWAP_H 1
| #define HAVE_STDIO_H 1
| #define HAVE_STDLIB_H 1
| #define HAVE_UNISTD_H 1
| #define HAVE_STRINGS_H 1
| #define HAVE_SYS_TYPES_H 1
| #define HAVE_SYS_STAT_H 1
| #define HAVE_SYS_SELECT_H 1
| #define HAVE_SYS_PRCTL_H 1
| #define HAVE_DECL_STRNLEN 1
| #define HAVE_DECL_DAEMON 1
| #define HAVE_DECL_LE16TOH 1
| #define HAVE_DECL_LE32TOH 1
| #define HAVE_DECL_LE64TOH 1
| #define HAVE_DECL_HTOLE16 1
| #define HAVE_DECL_HTOLE32 1
| #define HAVE_DECL_HTOLE64 1
| #define HAVE_DECL_BE16TOH 1
| #define HAVE_DECL_BE32TOH 1
| #define HAVE_DECL_BE64TOH 1
| #define HAVE_DECL_HTOBE16 1
| #define HAVE_DECL_HTOBE32 1
| #define HAVE_DECL_HTOBE64 1
| #define HAVE_DECL_BSWAP_16 1
| #define HAVE_DECL_BSWAP_32 1
| #define HAVE_DECL_BSWAP_64 1
| #define HAVE_MSG_NOSIGNAL 1
| #define HAVE_MALLOPT_ARENA_MAX 1
| #define HAVE_VISIBILITY_ATTRIBUTE 1
| #define HAVE_SYS_GETRANDOM 1
| #define HAVE_GETENTROPY 1
| #define HAVE_MINIUPNPC_MINIWGET_H 1
| #define HAVE_MINIUPNPC_MINIUPNPC_H 1
| #define HAVE_MINIUPNPC_UPNPCOMMANDS_H 1
| #define HAVE_MINIUPNPC_UPNPERRORS_H 1
| #define QT_STATICPLUGIN 1
| /* end confdefs.h.  */
| #include <QtCore>
| int
| main ()
| {
| 
|           #if QT_VERSION >= 0x050400
|           choke;
|           #endif
| 
|   ;
|   return 0;
| }
configure:25927: result: no
configure:26019: checking for static Qt plugins: -lqxcb -lxcb-static
configure:26037: g++ -m64 -std=c++14 -o conftest -fPIC -pipe -static-libstdc++ -O2  -I/home/administrator/walletbuilders/build_environment/dash/0.14.0.2/depends/x86_64-w64-linux/include/QtNetwork -I/home/administrator/walletbuilders/build_environment/dash/0.14.0.2/depends/x86_64-w64-linux/include/QtWidgets -I/home/administrator/walletbuilders/build_environment/dash/0.14.0.2/depends/x86_64-w64-linux/include/QtGui -I/home/administrator/walletbuilders/build_environment/dash/0.14.0.2/depends/x86_64-w64-linux/include/QtCore -I/home/administrator/walletbuilders/build_environment/dash/0.14.0.2/depends/x86_64-w64-linux/share/../include/  -DHAVE_BUILD_INFO -D__STDC_FORMAT_MACROS -L/home/administrator/walletbuilders/build_environment/dash/0.14.0.2/depends/x86_64-w64-linux/share/../lib  conftest.cpp -lqxcb -lxcb-static -L/home/administrator/walletbuilders/build_environment/dash/0.14.0.2/depends/x86_64-w64-linux/lib -lQt5XcbQpa -lX11 -lX11-xcb -lxcb -lxcb-static -lQt5PlatformSupport -lQt5DBus -lfontconfig -lfreetype -lQt5Gui -lqtpng -lqtharfbuzzng -lQt5Core -lz -lqtpcre -lm -ldl -lrt -lpthread -lfontconfig -lfreetype -lQt5PlatformSupport -lQt5Gui -lqtpng -lqtharfbuzzng -lQt5DBus -lQt5Core -lz -lqtpcre -lm -ldl -lrt -lpthread -lfontconfig -lfreetype -lQt5Gui -lQt5Core -lz -lqtpcre -lm -ldl -lrt -lpthread -lqtpng -lqtharfbuzzng -lz -lQt5Core -lpthread -lz -lqtpcre -lm -ldl -lrt -L/home/administrator/walletbuilders/build_environment/dash/0.14.0.2/depends/x86_64-w64-linux/lib -lX11-xcb -lX11 -lpthread -lxcb -lXau -L/home/administrator/walletbuilders/build_environment/dash/0.14.0.2/depends/x86_64-w64-linux/lib -lQt5PlatformSupport -lQt5Gui -lqtpng -lqtharfbuzzng -lQt5DBus -lQt5Core -lz -lqtpcre -lm -ldl -lrt -lpthread -lfontconfig -lfreetype -lQt5Gui -lQt5Core -lz -lqtpcre -lm -ldl -lrt -lpthread -lqtpng -lqtharfbuzzng -lz -lQt5Core -lpthread -lz -lqtpcre -lm -ldl -lrt -L/home/administrator/walletbuilders/build_environment/dash/0.14.0.2/depends/x86_64-w64-linux/lib -lQt5Network -lQt5Core -lz -lqtpcre -lm -ldl -lrt -lpthread -lz -lssl -lcrypto -lQt5Widgets -lQt5Gui -lqtpng -lqtharfbuzzng -lQt5Core -lz -lqtpcre -lm -ldl -lrt -lpthread -lQt5Gui -lQt5Core -lz -lqtpcre -lm -ldl -lrt -lpthread -lqtpng -lqtharfbuzzng -lz -lQt5Core -lpthread -lz -lqtpcre -lm -ldl -lrt -L/home/administrator/walletbuilders/build_environment/dash/0.14.0.2/depends/x86_64-w64-linux/share/../plugins/platforms  >&5
conftest.cpp:68:0: warning: "QT_STATICPLUGIN" redefined
     #define QT_STATICPLUGIN
 
conftest.cpp:65:0: note: this is the location of the previous definition
 #define QT_STATICPLUGIN 1
 
configure:26037: $? = 0
configure:26038: result: yes
configure:26218: checking whether -fPIE can be used with this Qt config
configure:26239: g++ -m64 -std=c++14 -c -fPIE -pipe -static-libstdc++ -O2  -I/home/administrator/walletbuilders/build_environment/dash/0.14.0.2/depends/x86_64-w64-linux/include/QtNetwork -I/home/administrator/walletbuilders/build_environment/dash/0.14.0.2/depends/x86_64-w64-linux/include/QtWidgets -I/home/administrator/walletbuilders/build_environment/dash/0.14.0.2/depends/x86_64-w64-linux/include/QtGui -I/home/administrator/walletbuilders/build_environment/dash/0.14.0.2/depends/x86_64-w64-linux/include/QtCore -I/home/administrator/walletbuilders/build_environment/dash/0.14.0.2/depends/x86_64-w64-linux/share/../include/  -DHAVE_BUILD_INFO -D__STDC_FORMAT_MACROS conftest.cpp >&5
configure:26239: $? = 0
configure:26240: result: yes
configure:26308: checking for moc-qt5
configure:26341: result: no
configure:26308: checking for moc5
configure:26341: result: no
configure:26308: checking for moc
configure:26326: found /home/administrator/walletbuilders/build_environment/dash/0.14.0.2/depends/x86_64-w64-linux/share/../native/bin/moc
configure:26338: result: /home/administrator/walletbuilders/build_environment/dash/0.14.0.2/depends/x86_64-w64-linux/share/../native/bin/moc
configure:26427: checking for uic-qt5
configure:26460: result: no
configure:26427: checking for uic5
configure:26460: result: no
configure:26427: checking for uic
configure:26445: found /home/administrator/walletbuilders/build_environment/dash/0.14.0.2/depends/x86_64-w64-linux/share/../native/bin/uic
configure:26457: result: /home/administrator/walletbuilders/build_environment/dash/0.14.0.2/depends/x86_64-w64-linux/share/../native/bin/uic
configure:26546: checking for rcc-qt5
configure:26579: result: no
configure:26546: checking for rcc5
configure:26579: result: no
configure:26546: checking for rcc
configure:26564: found /home/administrator/walletbuilders/build_environment/dash/0.14.0.2/depends/x86_64-w64-linux/share/../native/bin/rcc
configure:26576: result: /home/administrator/walletbuilders/build_environment/dash/0.14.0.2/depends/x86_64-w64-linux/share/../native/bin/rcc
configure:26665: checking for lrelease-qt5
configure:26698: result: no
configure:26665: checking for lrelease5
configure:26698: result: no
configure:26665: checking for lrelease
configure:26683: found /home/administrator/walletbuilders/build_environment/dash/0.14.0.2/depends/x86_64-w64-linux/share/../native/bin/lrelease
configure:26695: result: /home/administrator/walletbuilders/build_environment/dash/0.14.0.2/depends/x86_64-w64-linux/share/../native/bin/lrelease
configure:26784: checking for lupdate-qt5
configure:26817: result: no
configure:26784: checking for lupdate5
configure:26817: result: no
configure:26784: checking for lupdate
configure:26802: found /home/administrator/walletbuilders/build_environment/dash/0.14.0.2/depends/x86_64-w64-linux/share/../native/bin/lupdate
configure:26814: result: /home/administrator/walletbuilders/build_environment/dash/0.14.0.2/depends/x86_64-w64-linux/share/../native/bin/lupdate
configure:26898: checking whether /home/administrator/walletbuilders/build_environment/dash/0.14.0.2/depends/x86_64-w64-linux/share/../native/bin/rcc accepts --format-version option
configure:26908: result: no
configure:27028: checking whether to build RHYPTON Core GUI
configure:27058: result: yes (Qt5)
configure:27132: checking for boostlib >= 1.47.0
configure:27217: g++ -m64 -std=c++14 -c -pipe -static-libstdc++ -O2  -I/home/administrator/walletbuilders/build_environment/dash/0.14.0.2/depends/x86_64-w64-linux/share/../include/  -DHAVE_BUILD_INFO -D__STDC_FORMAT_MACROS -I/home/administrator/walletbuilders/build_environment/dash/0.14.0.2/depends/x86_64-w64-linux/share/../include conftest.cpp >&5
configure:27217: $? = 0
configure:27219: result: yes
configure:27406: checking whether the Boost::System library is available
configure:27431: g++ -m64 -std=c++14 -c  -I/home/administrator/walletbuilders/build_environment/dash/0.14.0.2/depends/x86_64-w64-linux/share/../include/  -DHAVE_BUILD_INFO -D__STDC_FORMAT_MACROS -I/home/administrator/walletbuilders/build_environment/dash/0.14.0.2/depends/x86_64-w64-linux/share/../include conftest.cpp >&5
configure:27431: $? = 0
configure:27446: result: yes
configure:27462: checking for exit in -lboost_system-mt
configure:27487: g++ -m64 -std=c++14 -o conftest -pipe -static-libstdc++ -O2  -I/home/administrator/walletbuilders/build_environment/dash/0.14.0.2/depends/x86_64-w64-linux/share/../include/  -DHAVE_BUILD_INFO -D__STDC_FORMAT_MACROS -I/home/administrator/walletbuilders/build_environment/dash/0.14.0.2/depends/x86_64-w64-linux/share/../include -L/home/administrator/walletbuilders/build_environment/dash/0.14.0.2/depends/x86_64-w64-linux/share/../lib  -L/home/administrator/walletbuilders/build_environment/dash/0.14.0.2/depends/x86_64-w64-linux/share/../lib conftest.cpp -lboost_system-mt   >&5
conftest.cpp:77:6: warning: declaration of 'char exit()' conflicts with built-in declaration 'void exit(int)' [-Wbuiltin-declaration-mismatch]
 char exit ();
      ^~~~
configure:27487: $? = 0
configure:27497: result: yes
configure:27652: checking whether the Boost::Filesystem library is available
configure:27676: g++ -m64 -std=c++14 -c -pipe -static-libstdc++ -O2  -I/home/administrator/walletbuilders/build_environment/dash/0.14.0.2/depends/x86_64-w64-linux/share/../include/  -DHAVE_BUILD_INFO -D__STDC_FORMAT_MACROS -I/home/administrator/walletbuilders/build_environment/dash/0.14.0.2/depends/x86_64-w64-linux/share/../include conftest.cpp >&5
configure:27676: $? = 0
configure:27690: result: yes
configure:27702: checking for exit in -lboost_filesystem-mt
configure:27727: g++ -m64 -std=c++14 -o conftest -pipe -static-libstdc++ -O2  -I/home/administrator/walletbuilders/build_environment/dash/0.14.0.2/depends/x86_64-w64-linux/share/../include/  -DHAVE_BUILD_INFO -D__STDC_FORMAT_MACROS -I/home/administrator/walletbuilders/build_environment/dash/0.14.0.2/depends/x86_64-w64-linux/share/../include -L/home/administrator/walletbuilders/build_environment/dash/0.14.0.2/depends/x86_64-w64-linux/share/../lib  -L/home/administrator/walletbuilders/build_environment/dash/0.14.0.2/depends/x86_64-w64-linux/share/../lib conftest.cpp -lboost_filesystem-mt   -lboost_system-mt >&5
conftest.cpp:78:6: warning: declaration of 'char exit()' conflicts with built-in declaration 'void exit(int)' [-Wbuiltin-declaration-mismatch]
 char exit ();
      ^~~~
configure:27727: $? = 0
configure:27737: result: yes
configure:27887: checking whether the Boost::Program_Options library is available
configure:27911: g++ -m64 -std=c++14 -c -pipe -static-libstdc++ -O2  -I/home/administrator/walletbuilders/build_environment/dash/0.14.0.2/depends/x86_64-w64-linux/share/../include/  -DHAVE_BUILD_INFO -D__STDC_FORMAT_MACROS -I/home/administrator/walletbuilders/build_environment/dash/0.14.0.2/depends/x86_64-w64-linux/share/../include conftest.cpp >&5
configure:27911: $? = 0
configure:27925: result: yes
configure:27936: checking for exit in -lboost_program_options-mt
configure:27961: g++ -m64 -std=c++14 -o conftest -pipe -static-libstdc++ -O2  -I/home/administrator/walletbuilders/build_environment/dash/0.14.0.2/depends/x86_64-w64-linux/share/../include/  -DHAVE_BUILD_INFO -D__STDC_FORMAT_MACROS -I/home/administrator/walletbuilders/build_environment/dash/0.14.0.2/depends/x86_64-w64-linux/share/../include -L/home/administrator/walletbuilders/build_environment/dash/0.14.0.2/depends/x86_64-w64-linux/share/../lib  -L/home/administrator/walletbuilders/build_environment/dash/0.14.0.2/depends/x86_64-w64-linux/share/../lib conftest.cpp -lboost_program_options-mt   >&5
conftest.cpp:79:6: warning: declaration of 'char exit()' conflicts with built-in declaration 'void exit(int)' [-Wbuiltin-declaration-mismatch]
 char exit ();
      ^~~~
configure:27961: $? = 0
configure:27971: result: yes
configure:28114: checking whether the Boost::Thread library is available
configure:28146: g++ -m64 -std=c++14 -c -pthread -pipe -static-libstdc++ -O2  -I/home/administrator/walletbuilders/build_environment/dash/0.14.0.2/depends/x86_64-w64-linux/share/../include/  -DHAVE_BUILD_INFO -D__STDC_FORMAT_MACROS -I/home/administrator/walletbuilders/build_environment/dash/0.14.0.2/depends/x86_64-w64-linux/share/../include conftest.cpp >&5
configure:28146: $? = 0
configure:28161: result: yes
configure:28191: checking for exit in -lboost_thread-mt
configure:28216: g++ -m64 -std=c++14 -o conftest -pipe -static-libstdc++ -O2  -I/home/administrator/walletbuilders/build_environment/dash/0.14.0.2/depends/x86_64-w64-linux/share/../include/  -DHAVE_BUILD_INFO -D__STDC_FORMAT_MACROS -I/home/administrator/walletbuilders/build_environment/dash/0.14.0.2/depends/x86_64-w64-linux/share/../include -L/home/administrator/walletbuilders/build_environment/dash/0.14.0.2/depends/x86_64-w64-linux/share/../lib  -L/home/administrator/walletbuilders/build_environment/dash/0.14.0.2/depends/x86_64-w64-linux/share/../lib conftest.cpp -lboost_thread-mt   >&5
conftest.cpp:80:6: warning: declaration of 'char exit()' conflicts with built-in declaration 'void exit(int)' [-Wbuiltin-declaration-mismatch]
 char exit ();
      ^~~~
configure:28216: $? = 0
configure:28226: result: yes
configure:28386: checking whether the Boost::Chrono library is available
configure:28410: g++ -m64 -std=c++14 -c -pipe -static-libstdc++ -O2  -I/home/administrator/walletbuilders/build_environment/dash/0.14.0.2/depends/x86_64-w64-linux/share/../include/  -DHAVE_BUILD_INFO -D__STDC_FORMAT_MACROS -pthread -I/home/administrator/walletbuilders/build_environment/dash/0.14.0.2/depends/x86_64-w64-linux/share/../include conftest.cpp >&5
configure:28410: $? = 0
configure:28425: result: yes
configure:28441: checking for exit in -lboost_chrono-mt
configure:28466: g++ -m64 -std=c++14 -o conftest -pipe -static-libstdc++ -O2  -I/home/administrator/walletbuilders/build_environment/dash/0.14.0.2/depends/x86_64-w64-linux/share/../include/  -DHAVE_BUILD_INFO -D__STDC_FORMAT_MACROS -pthread -I/home/administrator/walletbuilders/build_environment/dash/0.14.0.2/depends/x86_64-w64-linux/share/../include -L/home/administrator/walletbuilders/build_environment/dash/0.14.0.2/depends/x86_64-w64-linux/share/../lib  -L/home/administrator/walletbuilders/build_environment/dash/0.14.0.2/depends/x86_64-w64-linux/share/../lib conftest.cpp -lboost_chrono-mt   >&5
conftest.cpp:81:6: warning: declaration of 'char exit()' conflicts with built-in declaration 'void exit(int)' [-Wbuiltin-declaration-mismatch]
 char exit ();
      ^~~~
configure:28466: $? = 0
configure:28476: result: yes
configure:28908: checking for mismatched boost c++11 scoped enums
configure:28936: g++ -m64 -std=c++14 -o conftest -pipe -static-libstdc++ -O2  -I/home/administrator/walletbuilders/build_environment/dash/0.14.0.2/depends/x86_64-w64-linux/share/../include/  -DHAVE_BUILD_INFO -D__STDC_FORMAT_MACROS -pthread -I/home/administrator/walletbuilders/build_environment/dash/0.14.0.2/depends/x86_64-w64-linux/share/../include -L/home/administrator/walletbuilders/build_environment/dash/0.14.0.2/depends/x86_64-w64-linux/share/../lib  conftest.cpp -L/home/administrator/walletbuilders/build_environment/dash/0.14.0.2/depends/x86_64-w64-linux/share/../lib -lboost_system-mt -lboost_filesystem-mt -lboost_program_options-mt -lboost_thread-mt -lboost_chrono-mt  >&5
conftest.cpp: In function 'int main()':
conftest.cpp:91:5: error: 'choke' was not declared in this scope
     choke;
     ^~~~~
conftest.cpp:91:5: note: suggested alternative: 'clone'
     choke;
     ^~~~~
     clone
configure:28936: $? = 1
configure: failed program was:
| /* confdefs.h */
| #define PACKAGE_NAME "RHYPTON Core"
| #define PACKAGE_TARNAME "rhyptoncore"
| #define PACKAGE_VERSION "1.0.0"
| #define PACKAGE_STRING "RHYPTON Core 1.0.0"
| #define PACKAGE_BUGREPORT "https://github.com/rhyptonpay/rhypton/issues"
| #define PACKAGE_URL "https://rhypton.org/"
| #define HAVE_CXX14 1
| #define STDC_HEADERS 1
| #define HAVE_SYS_TYPES_H 1
| #define HAVE_SYS_STAT_H 1
| #define HAVE_STDLIB_H 1
| #define HAVE_STRING_H 1
| #define HAVE_MEMORY_H 1
| #define HAVE_STRINGS_H 1
| #define HAVE_INTTYPES_H 1
| #define HAVE_STDINT_H 1
| #define HAVE_UNISTD_H 1
| #define HAVE_DLFCN_H 1
| #define LT_OBJDIR ".libs/"
| #define ENABLE_MINER 1
| #define STACKTRACE_WRAPPED_CXX_ABI 1
| #define HAVE_PTHREAD_PRIO_INHERIT 1
| #define HAVE_PTHREAD 1
| #define HAVE_DECL_STRERROR_R 1
| #define HAVE_STRERROR_R 1
| #define STRERROR_R_CHAR_P 1
| #define HAVE_FUNC_ATTRIBUTE_VISIBILITY 1
| #define HAVE_ENDIAN_H 1
| #define HAVE_BYTESWAP_H 1
| #define HAVE_STDIO_H 1
| #define HAVE_STDLIB_H 1
| #define HAVE_UNISTD_H 1
| #define HAVE_STRINGS_H 1
| #define HAVE_SYS_TYPES_H 1
| #define HAVE_SYS_STAT_H 1
| #define HAVE_SYS_SELECT_H 1
| #define HAVE_SYS_PRCTL_H 1
| #define HAVE_DECL_STRNLEN 1
| #define HAVE_DECL_DAEMON 1
| #define HAVE_DECL_LE16TOH 1
| #define HAVE_DECL_LE32TOH 1
| #define HAVE_DECL_LE64TOH 1
| #define HAVE_DECL_HTOLE16 1
| #define HAVE_DECL_HTOLE32 1
| #define HAVE_DECL_HTOLE64 1
| #define HAVE_DECL_BE16TOH 1
| #define HAVE_DECL_BE32TOH 1
| #define HAVE_DECL_BE64TOH 1
| #define HAVE_DECL_HTOBE16 1
| #define HAVE_DECL_HTOBE32 1
| #define HAVE_DECL_HTOBE64 1
| #define HAVE_DECL_BSWAP_16 1
| #define HAVE_DECL_BSWAP_32 1
| #define HAVE_DECL_BSWAP_64 1
| #define HAVE_MSG_NOSIGNAL 1
| #define HAVE_MALLOPT_ARENA_MAX 1
| #define HAVE_VISIBILITY_ATTRIBUTE 1
| #define HAVE_SYS_GETRANDOM 1
| #define HAVE_GETENTROPY 1
| #define HAVE_MINIUPNPC_MINIWGET_H 1
| #define HAVE_MINIUPNPC_MINIUPNPC_H 1
| #define HAVE_MINIUPNPC_UPNPCOMMANDS_H 1
| #define HAVE_MINIUPNPC_UPNPERRORS_H 1
| #define QT_STATICPLUGIN 1
| #define QT_QPA_PLATFORM_XCB 1
| #define HAVE_BOOST /**/
| #define HAVE_BOOST_SYSTEM /**/
| #define HAVE_BOOST_FILESYSTEM /**/
| #define HAVE_BOOST_PROGRAM_OPTIONS /**/
| #define HAVE_BOOST_THREAD /**/
| #define HAVE_BOOST_CHRONO /**/
| /* end confdefs.h.  */
| 
|   #include "boost/config.hpp"
|   #include "boost/version.hpp"
|   #if !defined(BOOST_NO_SCOPED_ENUMS) && !defined(BOOST_NO_CXX11_SCOPED_ENUMS) && BOOST_VERSION < 105700
|   #define BOOST_NO_SCOPED_ENUMS
|   #define BOOST_NO_CXX11_SCOPED_ENUMS
|   #define CHECK
|   #endif
|   #include "boost/filesystem.hpp"
| 
| int
| main ()
| {
| 
|   #if defined(CHECK)
|     boost::filesystem::copy_file("foo", "bar");
|   #else
|     choke;
|   #endif
| 
|   ;
|   return 0;
| }
configure:28940: result: ok
configure:28972: g++ -m64 -std=c++14 -o conftest -pipe -static-libstdc++ -O2  -I/home/administrator/walletbuilders/build_environment/dash/0.14.0.2/depends/x86_64-w64-linux/share/../include/  -DHAVE_BUILD_INFO -D__STDC_FORMAT_MACROS -pthread -I/home/administrator/walletbuilders/build_environment/dash/0.14.0.2/depends/x86_64-w64-linux/share/../include -L/home/administrator/walletbuilders/build_environment/dash/0.14.0.2/depends/x86_64-w64-linux/share/../lib  conftest.cpp -L/home/administrator/walletbuilders/build_environment/dash/0.14.0.2/depends/x86_64-w64-linux/share/../lib -lboost_system-mt -lboost_filesystem-mt -lboost_program_options-mt -lboost_thread-mt -lboost_chrono-mt  >&5
configure:28972: $? = 0
configure:29034: checking for SSL
configure:29041: $PKG_CONFIG --exists --print-errors "libssl"
configure:29044: $? = 0
configure:29058: $PKG_CONFIG --exists --print-errors "libssl"
configure:29061: $? = 0
configure:29099: result: yes
configure:29105: checking for CRYPTO
configure:29112: $PKG_CONFIG --exists --print-errors "libcrypto"
configure:29115: $? = 0
configure:29129: $PKG_CONFIG --exists --print-errors "libcrypto"
configure:29132: $? = 0
configure:29170: result: yes
configure:29179: checking for PROTOBUF
configure:29186: $PKG_CONFIG --exists --print-errors "protobuf"
configure:29189: $? = 0
configure:29203: $PKG_CONFIG --exists --print-errors "protobuf"
configure:29206: $? = 0
configure:29266: result: yes
configure:29281: checking for QR
configure:29288: $PKG_CONFIG --exists --print-errors "libqrencode"
configure:29291: $? = 0
configure:29305: $PKG_CONFIG --exists --print-errors "libqrencode"
configure:29308: $? = 0
configure:29346: result: yes
configure:29359: checking for EVENT
configure:29366: $PKG_CONFIG --exists --print-errors "libevent"
configure:29369: $? = 0
configure:29383: $PKG_CONFIG --exists --print-errors "libevent"
configure:29386: $? = 0
configure:29424: result: yes
configure:29431: checking for EVENT_PTHREADS
configure:29438: $PKG_CONFIG --exists --print-errors "libevent_pthreads"
configure:29441: $? = 0
configure:29455: $PKG_CONFIG --exists --print-errors "libevent_pthreads"
configure:29458: $? = 0
configure:29496: result: yes
configure:29506: checking for ZMQ
configure:29513: $PKG_CONFIG --exists --print-errors "libzmq >= 4"
configure:29516: $? = 0
configure:29530: $PKG_CONFIG --exists --print-errors "libzmq >= 4"
configure:29533: $? = 0
configure:29581: result: yes
configure:29974: checking whether EVP_MD_CTX_new is declared
configure:29974: g++ -m64 -std=c++14 -c -pipe -static-libstdc++ -O2  -I/home/administrator/walletbuilders/build_environment/dash/0.14.0.2/depends/x86_64-w64-linux/include -I/home/administrator/walletbuilders/build_environment/dash/0.14.0.2/depends/x86_64-w64-linux/include -I/home/administrator/walletbuilders/build_environment/dash/0.14.0.2/depends/x86_64-w64-linux/share/../include/  -DHAVE_BUILD_INFO -D__STDC_FORMAT_MACROS conftest.cpp >&5
conftest.cpp: In function 'int main()':
conftest.cpp:117:10: error: 'EVP_MD_CTX_new' was not declared in this scope
   (void) EVP_MD_CTX_new;
          ^~~~~~~~~~~~~~
conftest.cpp:117:10: note: suggested alternative: 'EVP_MD_CTX_init'
   (void) EVP_MD_CTX_new;
          ^~~~~~~~~~~~~~
          EVP_MD_CTX_init
configure:29974: $? = 1
configure: failed program was:
| /* confdefs.h */
| #define PACKAGE_NAME "RHYPTON Core"
| #define PACKAGE_TARNAME "rhyptoncore"
| #define PACKAGE_VERSION "1.0.0"
| #define PACKAGE_STRING "RHYPTON Core 1.0.0"
| #define PACKAGE_BUGREPORT "https://github.com/rhyptonpay/rhypton/issues"
| #define PACKAGE_URL "https://rhypton.org/"
| #define HAVE_CXX14 1
| #define STDC_HEADERS 1
| #define HAVE_SYS_TYPES_H 1
| #define HAVE_SYS_STAT_H 1
| #define HAVE_STDLIB_H 1
| #define HAVE_STRING_H 1
| #define HAVE_MEMORY_H 1
| #define HAVE_STRINGS_H 1
| #define HAVE_INTTYPES_H 1
| #define HAVE_STDINT_H 1
| #define HAVE_UNISTD_H 1
| #define HAVE_DLFCN_H 1
| #define LT_OBJDIR ".libs/"
| #define ENABLE_MINER 1
| #define STACKTRACE_WRAPPED_CXX_ABI 1
| #define HAVE_PTHREAD_PRIO_INHERIT 1
| #define HAVE_PTHREAD 1
| #define HAVE_DECL_STRERROR_R 1
| #define HAVE_STRERROR_R 1
| #define STRERROR_R_CHAR_P 1
| #define HAVE_FUNC_ATTRIBUTE_VISIBILITY 1
| #define HAVE_ENDIAN_H 1
| #define HAVE_BYTESWAP_H 1
| #define HAVE_STDIO_H 1
| #define HAVE_STDLIB_H 1
| #define HAVE_UNISTD_H 1
| #define HAVE_STRINGS_H 1
| #define HAVE_SYS_TYPES_H 1
| #define HAVE_SYS_STAT_H 1
| #define HAVE_SYS_SELECT_H 1
| #define HAVE_SYS_PRCTL_H 1
| #define HAVE_DECL_STRNLEN 1
| #define HAVE_DECL_DAEMON 1
| #define HAVE_DECL_LE16TOH 1
| #define HAVE_DECL_LE32TOH 1
| #define HAVE_DECL_LE64TOH 1
| #define HAVE_DECL_HTOLE16 1
| #define HAVE_DECL_HTOLE32 1
| #define HAVE_DECL_HTOLE64 1
| #define HAVE_DECL_BE16TOH 1
| #define HAVE_DECL_BE32TOH 1
| #define HAVE_DECL_BE64TOH 1
| #define HAVE_DECL_HTOBE16 1
| #define HAVE_DECL_HTOBE32 1
| #define HAVE_DECL_HTOBE64 1
| #define HAVE_DECL_BSWAP_16 1
| #define HAVE_DECL_BSWAP_32 1
| #define HAVE_DECL_BSWAP_64 1
| #define HAVE_MSG_NOSIGNAL 1
| #define HAVE_MALLOPT_ARENA_MAX 1
| #define HAVE_VISIBILITY_ATTRIBUTE 1
| #define HAVE_SYS_GETRANDOM 1
| #define HAVE_GETENTROPY 1
| #define HAVE_MINIUPNPC_MINIWGET_H 1
| #define HAVE_MINIUPNPC_MINIUPNPC_H 1
| #define HAVE_MINIUPNPC_UPNPCOMMANDS_H 1
| #define HAVE_MINIUPNPC_UPNPERRORS_H 1
| #define QT_STATICPLUGIN 1
| #define QT_QPA_PLATFORM_XCB 1
| #define HAVE_BOOST /**/
| #define HAVE_BOOST_SYSTEM /**/
| #define HAVE_BOOST_FILESYSTEM /**/
| #define HAVE_BOOST_PROGRAM_OPTIONS /**/
| #define HAVE_BOOST_THREAD /**/
| #define HAVE_BOOST_CHRONO /**/
| #define HAVE_WORKING_BOOST_SLEEP_FOR 1
| #define ENABLE_ZMQ 1
| /* end confdefs.h.  */
| #include <stdio.h>
| #ifdef HAVE_SYS_TYPES_H
| # include <sys/types.h>
| #endif
| #ifdef HAVE_SYS_STAT_H
| # include <sys/stat.h>
| #endif
| #ifdef STDC_HEADERS
| # include <stdlib.h>
| # include <stddef.h>
| #else
| # ifdef HAVE_STDLIB_H
| #  include <stdlib.h>
| # endif
| #endif
| #ifdef HAVE_STRING_H
| # if !defined STDC_HEADERS && defined HAVE_MEMORY_H
| #  include <memory.h>
| # endif
| # include <string.h>
| #endif
| #ifdef HAVE_STRINGS_H
| # include <strings.h>
| #endif
| #ifdef HAVE_INTTYPES_H
| # include <inttypes.h>
| #endif
| #ifdef HAVE_STDINT_H
| # include <stdint.h>
| #endif
| #ifdef HAVE_UNISTD_H
| # include <unistd.h>
| #endif
| #include <openssl/x509_vfy.h>
| 
| 
| int
| main ()
| {
| #ifndef EVP_MD_CTX_new
| #ifdef __cplusplus
|   (void) EVP_MD_CTX_new;
| #else
|   (void) EVP_MD_CTX_new;
| #endif
| #endif
| 
|   ;
|   return 0;
| }
configure:29974: result: no
configure:30164: checking for protoc
configure:30182: found /home/administrator/walletbuilders/build_environment/dash/0.14.0.2/depends/x86_64-w64-linux/share/../native/bin/protoc
configure:30194: result: /home/administrator/walletbuilders/build_environment/dash/0.14.0.2/depends/x86_64-w64-linux/share/../native/bin/protoc
configure:30274: checking whether to build rhyptond
configure:30284: result: yes
configure:30287: checking whether to build utils (rhypton-cli rhypton-tx)
configure:30297: result: yes
configure:30300: checking whether to build libraries
configure:30317: result: yes
configure:30328: checking if ccache should be used
configure:30341: result: yes
configure:30345: checking whether C preprocessor accepts -Qunused-arguments
configure:30364: gcc -m64 -E -I/home/administrator/walletbuilders/build_environment/dash/0.14.0.2/depends/x86_64-w64-linux/share/../include/  -DHAVE_BUILD_INFO -D__STDC_FORMAT_MACROS  -Qunused-arguments conftest.c
gcc: error: unrecognized command line option '-Qunused-arguments'; did you mean '-Wunused-parameter'?
configure:30364: $? = 1
configure: failed program was:
| /* confdefs.h */
| #define PACKAGE_NAME "RHYPTON Core"
| #define PACKAGE_TARNAME "rhyptoncore"
| #define PACKAGE_VERSION "1.0.0"
| #define PACKAGE_STRING "RHYPTON Core 1.0.0"
| #define PACKAGE_BUGREPORT "https://github.com/rhyptonpay/rhypton/issues"
| #define PACKAGE_URL "https://rhypton.org/"
| #define HAVE_CXX14 1
| #define STDC_HEADERS 1
| #define HAVE_SYS_TYPES_H 1
| #define HAVE_SYS_STAT_H 1
| #define HAVE_STDLIB_H 1
| #define HAVE_STRING_H 1
| #define HAVE_MEMORY_H 1
| #define HAVE_STRINGS_H 1
| #define HAVE_INTTYPES_H 1
| #define HAVE_STDINT_H 1
| #define HAVE_UNISTD_H 1
| #define HAVE_DLFCN_H 1
| #define LT_OBJDIR ".libs/"
| #define ENABLE_MINER 1
| #define STACKTRACE_WRAPPED_CXX_ABI 1
| #define HAVE_PTHREAD_PRIO_INHERIT 1
| #define HAVE_PTHREAD 1
| #define HAVE_DECL_STRERROR_R 1
| #define HAVE_STRERROR_R 1
| #define STRERROR_R_CHAR_P 1
| #define HAVE_FUNC_ATTRIBUTE_VISIBILITY 1
| #define HAVE_ENDIAN_H 1
| #define HAVE_BYTESWAP_H 1
| #define HAVE_STDIO_H 1
| #define HAVE_STDLIB_H 1
| #define HAVE_UNISTD_H 1
| #define HAVE_STRINGS_H 1
| #define HAVE_SYS_TYPES_H 1
| #define HAVE_SYS_STAT_H 1
| #define HAVE_SYS_SELECT_H 1
| #define HAVE_SYS_PRCTL_H 1
| #define HAVE_DECL_STRNLEN 1
| #define HAVE_DECL_DAEMON 1
| #define HAVE_DECL_LE16TOH 1
| #define HAVE_DECL_LE32TOH 1
| #define HAVE_DECL_LE64TOH 1
| #define HAVE_DECL_HTOLE16 1
| #define HAVE_DECL_HTOLE32 1
| #define HAVE_DECL_HTOLE64 1
| #define HAVE_DECL_BE16TOH 1
| #define HAVE_DECL_BE32TOH 1
| #define HAVE_DECL_BE64TOH 1
| #define HAVE_DECL_HTOBE16 1
| #define HAVE_DECL_HTOBE32 1
| #define HAVE_DECL_HTOBE64 1
| #define HAVE_DECL_BSWAP_16 1
| #define HAVE_DECL_BSWAP_32 1
| #define HAVE_DECL_BSWAP_64 1
| #define HAVE_MSG_NOSIGNAL 1
| #define HAVE_MALLOPT_ARENA_MAX 1
| #define HAVE_VISIBILITY_ATTRIBUTE 1
| #define HAVE_SYS_GETRANDOM 1
| #define HAVE_GETENTROPY 1
| #define HAVE_MINIUPNPC_MINIWGET_H 1
| #define HAVE_MINIUPNPC_MINIUPNPC_H 1
| #define HAVE_MINIUPNPC_UPNPCOMMANDS_H 1
| #define HAVE_MINIUPNPC_UPNPERRORS_H 1
| #define QT_STATICPLUGIN 1
| #define QT_QPA_PLATFORM_XCB 1
| #define HAVE_BOOST /**/
| #define HAVE_BOOST_SYSTEM /**/
| #define HAVE_BOOST_FILESYSTEM /**/
| #define HAVE_BOOST_PROGRAM_OPTIONS /**/
| #define HAVE_BOOST_THREAD /**/
| #define HAVE_BOOST_CHRONO /**/
| #define HAVE_WORKING_BOOST_SLEEP_FOR 1
| #define ENABLE_ZMQ 1
| #define HAVE_DECL_EVP_MD_CTX_NEW 0
| #define HAVE_CONSENSUS_LIB 1
| /* end confdefs.h.  */
| 
| int
| main ()
| {
| 
|   ;
|   return 0;
| }
configure:30372: result: no
configure:30382: checking if wallet should be enabled
configure:30385: result: yes
configure:30398: checking whether to build with support for UPnP
configure:30408: result: yes
configure:30410: checking whether to build with UPnP enabled by default
configure:30418: result: no
configure:30436: checking whether to build GUI with support for D-Bus
configure:30443: result: yes
configure:30446: checking whether to build GUI with support for QR codes
configure:30456: result: yes
configure:30469: WARNING: "xgettext is required to update qt translations"
configure:30473: checking whether to build test_rhypton-qt
configure:30480: result: no
configure:30494: checking whether to build test_rhypton
configure:30501: result: no
configure:30506: checking whether to reduce exports
configure:30512: result: no
configure:30839: checking that generated files are newer than configure
configure:30845: result: done
configure:30973: creating ./config.status

## ---------------------- ##
## Running config.status. ##
## ---------------------- ##

This file was extended by RHYPTON Core config.status 1.0.0, which was
generated by GNU Autoconf 2.69.  Invocation command line was

  CONFIG_FILES    = 
  CONFIG_HEADERS  = 
  CONFIG_LINKS    = 
  CONFIG_COMMANDS = 
  $ ./config.status 

on bld

config.status:1438: creating librhyptonconsensus.pc
config.status:1438: creating Makefile
config.status:1438: creating src/Makefile
config.status:1438: creating doc/man/Makefile
config.status:1438: creating share/setup.nsi
config.status:1438: creating share/qt/Info.plist
config.status:1438: creating src/test/buildenv.py
config.status:1438: creating qa/pull-tester/tests_config.ini
config.status:1438: creating contrib/devtools/split-debug.sh
config.status:1438: creating src/config/rhypton-config.h
config.status:1698: executing depfiles commands
config.status:1698: executing libtool commands
configure:33494: === configuring in src/univalue (/tmp/RHYPTON/src/univalue)
configure:33557: running /bin/bash ./configure --disable-option-checking '--prefix=/usr/local'  '--disable-tests' '--disable-bench' '--disable-shared' '--with-pic' '--with-bignum=no' '--enable-module-recovery' --cache-file=/dev/null --srcdir=.
configure:33494: === configuring in src/secp256k1 (/tmp/RHYPTON/src/secp256k1)
configure:33557: running /bin/bash ./configure --disable-option-checking '--prefix=/usr/local'  '--disable-tests' '--disable-bench' '--disable-shared' '--with-pic' '--with-bignum=no' '--enable-module-recovery' --cache-file=/dev/null --srcdir=.
configure:33576: result: Fixing libtool for -rpath problems.

## ---------------- ##
## Cache variables. ##
## ---------------- ##

ac_cv_build=x86_64-pc-linux-gnu
ac_cv_c_bigendian=no
ac_cv_c_compiler_gnu=yes
ac_cv_cxx_compiler_gnu=yes
ac_cv_env_BDB_CFLAGS_set=
ac_cv_env_BDB_CFLAGS_value=
ac_cv_env_BDB_LIBS_set=
ac_cv_env_BDB_LIBS_value=
ac_cv_env_CCC_set=
ac_cv_env_CCC_value=
ac_cv_env_CC_set=
ac_cv_env_CC_value=
ac_cv_env_CFLAGS_set=
ac_cv_env_CFLAGS_value=
ac_cv_env_CPPFLAGS_set=
ac_cv_env_CPPFLAGS_value=
ac_cv_env_CPP_set=
ac_cv_env_CPP_value=
ac_cv_env_CRYPTO_CFLAGS_set=
ac_cv_env_CRYPTO_CFLAGS_value=
ac_cv_env_CRYPTO_LIBS_set=
ac_cv_env_CRYPTO_LIBS_value=
ac_cv_env_CXXCPP_set=
ac_cv_env_CXXCPP_value=
ac_cv_env_CXXFLAGS_set=
ac_cv_env_CXXFLAGS_value=
ac_cv_env_CXX_set=
ac_cv_env_CXX_value=
ac_cv_env_EVENT_CFLAGS_set=
ac_cv_env_EVENT_CFLAGS_value=
ac_cv_env_EVENT_LIBS_set=
ac_cv_env_EVENT_LIBS_value=
ac_cv_env_EVENT_PTHREADS_CFLAGS_set=
ac_cv_env_EVENT_PTHREADS_CFLAGS_value=
ac_cv_env_EVENT_PTHREADS_LIBS_set=
ac_cv_env_EVENT_PTHREADS_LIBS_value=
ac_cv_env_LDFLAGS_set=
ac_cv_env_LDFLAGS_value=
ac_cv_env_LIBS_set=
ac_cv_env_LIBS_value=
ac_cv_env_LT_SYS_LIBRARY_PATH_set=
ac_cv_env_LT_SYS_LIBRARY_PATH_value=
ac_cv_env_OBJCXXFLAGS_set=
ac_cv_env_OBJCXXFLAGS_value=
ac_cv_env_OBJCXX_set=
ac_cv_env_OBJCXX_value=
ac_cv_env_PKG_CONFIG_LIBDIR_set=
ac_cv_env_PKG_CONFIG_LIBDIR_value=
ac_cv_env_PKG_CONFIG_PATH_set=
ac_cv_env_PKG_CONFIG_PATH_value=
ac_cv_env_PKG_CONFIG_set=
ac_cv_env_PKG_CONFIG_value=
ac_cv_env_PROTOBUF_CFLAGS_set=
ac_cv_env_PROTOBUF_CFLAGS_value=
ac_cv_env_PROTOBUF_LIBS_set=
ac_cv_env_PROTOBUF_LIBS_value=
ac_cv_env_PYTHONPATH_set=
ac_cv_env_PYTHONPATH_value=
ac_cv_env_QR_CFLAGS_set=
ac_cv_env_QR_CFLAGS_value=
ac_cv_env_QR_LIBS_set=
ac_cv_env_QR_LIBS_value=
ac_cv_env_QTPLATFORM_CFLAGS_set=
ac_cv_env_QTPLATFORM_CFLAGS_value=
ac_cv_env_QTPLATFORM_LIBS_set=
ac_cv_env_QTPLATFORM_LIBS_value=
ac_cv_env_QTPRINT_CFLAGS_set=
ac_cv_env_QTPRINT_CFLAGS_value=
ac_cv_env_QTPRINT_LIBS_set=
ac_cv_env_QTPRINT_LIBS_value=
ac_cv_env_QTXCBQPA_CFLAGS_set=
ac_cv_env_QTXCBQPA_CFLAGS_value=
ac_cv_env_QTXCBQPA_LIBS_set=
ac_cv_env_QTXCBQPA_LIBS_value=
ac_cv_env_QT_CFLAGS_set=
ac_cv_env_QT_CFLAGS_value=
ac_cv_env_QT_DBUS_CFLAGS_set=
ac_cv_env_QT_DBUS_CFLAGS_value=
ac_cv_env_QT_DBUS_LIBS_set=
ac_cv_env_QT_DBUS_LIBS_value=
ac_cv_env_QT_LIBS_set=
ac_cv_env_QT_LIBS_value=
ac_cv_env_QT_TEST_CFLAGS_set=
ac_cv_env_QT_TEST_CFLAGS_value=
ac_cv_env_QT_TEST_LIBS_set=
ac_cv_env_QT_TEST_LIBS_value=
ac_cv_env_SSL_CFLAGS_set=
ac_cv_env_SSL_CFLAGS_value=
ac_cv_env_SSL_LIBS_set=
ac_cv_env_SSL_LIBS_value=
ac_cv_env_UNIVALUE_CFLAGS_set=
ac_cv_env_UNIVALUE_CFLAGS_value=
ac_cv_env_UNIVALUE_LIBS_set=
ac_cv_env_UNIVALUE_LIBS_value=
ac_cv_env_X11XCB_CFLAGS_set=
ac_cv_env_X11XCB_CFLAGS_value=
ac_cv_env_X11XCB_LIBS_set=
ac_cv_env_X11XCB_LIBS_value=
ac_cv_env_ZMQ_CFLAGS_set=
ac_cv_env_ZMQ_CFLAGS_value=
ac_cv_env_ZMQ_LIBS_set=
ac_cv_env_ZMQ_LIBS_value=
ac_cv_env_build_alias_set=
ac_cv_env_build_alias_value=
ac_cv_env_host_alias_set=
ac_cv_env_host_alias_value=
ac_cv_env_target_alias_set=
ac_cv_env_target_alias_value=
ac_cv_func_strerror_r=yes
ac_cv_func_strerror_r_char_p=yes
ac_cv_have_decl_EVP_MD_CTX_new=no
ac_cv_have_decl_be16toh=yes
ac_cv_have_decl_be32toh=yes
ac_cv_have_decl_be64toh=yes
ac_cv_have_decl_bswap_16=yes
ac_cv_have_decl_bswap_32=yes
ac_cv_have_decl_bswap_64=yes
ac_cv_have_decl_daemon=yes
ac_cv_have_decl_htobe16=yes
ac_cv_have_decl_htobe32=yes
ac_cv_have_decl_htobe64=yes
ac_cv_have_decl_htole16=yes
ac_cv_have_decl_htole32=yes
ac_cv_have_decl_htole64=yes
ac_cv_have_decl_le16toh=yes
ac_cv_have_decl_le32toh=yes
ac_cv_have_decl_le64toh=yes
ac_cv_have_decl_strerror_r=yes
ac_cv_have_decl_strnlen=yes
ac_cv_header_byteswap_h=yes
ac_cv_header_dlfcn_h=yes
ac_cv_header_endian_h=yes
ac_cv_header_inttypes_h=yes
ac_cv_header_memory_h=yes
ac_cv_header_miniupnpc_miniupnpc_h=yes
ac_cv_header_miniupnpc_miniwget_h=yes
ac_cv_header_miniupnpc_upnpcommands_h=yes
ac_cv_header_miniupnpc_upnperrors_h=yes
ac_cv_header_stdc=yes
ac_cv_header_stdint_h=yes
ac_cv_header_stdio_h=yes
ac_cv_header_stdlib_h=yes
ac_cv_header_string_h=yes
ac_cv_header_strings_h=yes
ac_cv_header_sys_endian_h=no
ac_cv_header_sys_prctl_h=yes
ac_cv_header_sys_select_h=yes
ac_cv_header_sys_stat_h=yes
ac_cv_header_sys_types_h=yes
ac_cv_header_unistd_h=yes
ac_cv_host=x86_64-w64-linux-gnu
ac_cv_lib_boost_chrono_mt___exit=yes
ac_cv_lib_boost_filesystem_mt___exit=yes
ac_cv_lib_boost_program_options_mt___exit=yes
ac_cv_lib_boost_system_mt___exit=yes
ac_cv_lib_boost_thread_mt___exit=yes
ac_cv_lib_db_cxx_4_8___main=yes
ac_cv_lib_miniupnpc_main=yes
ac_cv_objcxx_compiler_gnu=no
ac_cv_objext=o
ac_cv_path_CCACHE=/home/administrator/walletbuilders/build_environment/dash/0.14.0.2/depends/x86_64-w64-linux/share/../native/bin/ccache
ac_cv_path_EGREP='/bin/grep -E'
ac_cv_path_FGREP='/bin/grep -F'
ac_cv_path_GIT=/usr/bin/git
ac_cv_path_GREP=/bin/grep
ac_cv_path_HEXDUMP=/usr/bin/hexdump
ac_cv_path_LRELEASE=/home/administrator/walletbuilders/build_environment/dash/0.14.0.2/depends/x86_64-w64-linux/share/../native/bin/lrelease
ac_cv_path_LUPDATE=/home/administrator/walletbuilders/build_environment/dash/0.14.0.2/depends/x86_64-w64-linux/share/../native/bin/lupdate
ac_cv_path_MOC=/home/administrator/walletbuilders/build_environment/dash/0.14.0.2/depends/x86_64-w64-linux/share/../native/bin/moc
ac_cv_path_PKG_CONFIG='/usr/bin/pkg-config --static'
ac_cv_path_PROTOC=/home/administrator/walletbuilders/build_environment/dash/0.14.0.2/depends/x86_64-w64-linux/share/../native/bin/protoc
ac_cv_path_PYTHON=/usr/bin/python3.6
ac_cv_path_RCC=/home/administrator/walletbuilders/build_environment/dash/0.14.0.2/depends/x86_64-w64-linux/share/../native/bin/rcc
ac_cv_path_SED=/bin/sed
ac_cv_path_UIC=/home/administrator/walletbuilders/build_environment/dash/0.14.0.2/depends/x86_64-w64-linux/share/../native/bin/uic
ac_cv_path_ac_pt_AR=ar
ac_cv_path_ac_pt_CPPFILT=/usr/bin/c++filt
ac_cv_path_ac_pt_GCOV=/usr/bin/gcov
ac_cv_path_ac_pt_NM=nm
ac_cv_path_ac_pt_OBJCOPY=/usr/bin/objcopy
ac_cv_path_ac_pt_RANLIB=ranlib
ac_cv_path_ac_pt_READELF=/usr/bin/readelf
ac_cv_path_ac_pt_STRIP=/usr/bin/strip
ac_cv_path_install='/usr/bin/install -c'
ac_cv_path_lt_DD=/bin/dd
ac_cv_path_mkdir=/bin/mkdir
ac_cv_prog_AR=ar
ac_cv_prog_AWK=gawk
ac_cv_prog_CC='gcc -m64'
ac_cv_prog_CPP='gcc -m64 -E'
ac_cv_prog_CXXCPP='g++ -m64 -std=c++14 -E'
ac_cv_prog_OBJCXX='g++ -m64 -std=c++14'
ac_cv_prog_RANLIB=ranlib
ac_cv_prog_STRIP=strip
ac_cv_prog_ac_ct_MANIFEST_TOOL=mt
ac_cv_prog_ac_ct_OBJDUMP=objdump
ac_cv_prog_ac_ct_STRIP=strip
ac_cv_prog_cc_c89=
ac_cv_prog_cc_g=yes
ac_cv_prog_cxx_g=yes
ac_cv_prog_make_make_set=yes
ac_cv_prog_objcxx_g=no
ac_cv_prog_rcc_accepts_format_version=no
ac_cv_search_clock_gettime='none required'
ac_cv_sys_file_offset_bits=no
ac_cv_sys_largefile_CC=no
am_cv_CC_dependencies_compiler_type=gcc3
am_cv_CXX_dependencies_compiler_type=gcc3
am_cv_OBJCXX_dependencies_compiler_type=gcc3
am_cv_make_support_nested_variables=yes
am_cv_prog_cc_c_o=yes
ax_cv_PTHREAD_CLANG=no
ax_cv_PTHREAD_JOINABLE_ATTR=PTHREAD_CREATE_JOINABLE
ax_cv_PTHREAD_PRIO_INHERIT=yes
ax_cv_PTHREAD_SPECIAL_FLAGS=no
ax_cv_boost_chrono=yes
ax_cv_boost_filesystem=yes
ax_cv_boost_program_options=yes
ax_cv_boost_system=yes
ax_cv_boost_thread=yes
ax_cv_check_ccppflags___Qunused_arguments=no
ax_cv_check_cxxcppflags___D_FORTIFY_SOURCE_2=yes
ax_cv_check_cxxcppflags___U_FORTIFY_SOURCE=yes
ax_cv_check_cxxflags___Wa__mbig_obj=no
ax_cv_check_cxxflags___Werror=yes
ax_cv_check_cxxflags___Wstack_protector=yes
ax_cv_check_cxxflags___fPIC=yes
ax_cv_check_cxxflags___fPIE=yes
ax_cv_check_cxxflags___fstack_protector_all=yes
ax_cv_check_cxxflags___rdynamic=yes
ax_cv_check_ldflags___Wl___dynamicbase=no
ax_cv_check_ldflags___Wl___high_entropy_va=no
ax_cv_check_ldflags___Wl___large_address_aware=no
ax_cv_check_ldflags___Wl___nxcompat=no
ax_cv_check_ldflags___Wl__wrap___cxa_allocate_exception=yes
ax_cv_check_ldflags___Wl__z_now=yes
ax_cv_check_ldflags___Wl__z_relro=yes
ax_cv_check_ldflags___pie=yes
ax_cv_cxx_compile_cxx14__std_cpp14=yes
ax_cv_have_func_attribute_dllexport=no
ax_cv_have_func_attribute_dllimport=no
ax_cv_have_func_attribute_visibility=yes
bitcoin_cv_need_acc_widget=no
bitcoin_cv_static_qt=yes
lt_cv_ar_at_file=@
lt_cv_archive_cmds_need_lc=no
lt_cv_deplibs_check_method=pass_all
lt_cv_file_magic_cmd='$MAGIC_CMD'
lt_cv_file_magic_test_file=
lt_cv_ld_reload_flag=-r
lt_cv_nm_interface='BSD nm'
lt_cv_objdir=.libs
lt_cv_path_LD=/usr/bin/ld
lt_cv_path_LDCXX='/usr/bin/ld -m elf_x86_64'
lt_cv_path_NM=nm
lt_cv_path_mainfest_tool=no
lt_cv_prog_compiler_c_o=yes
lt_cv_prog_compiler_c_o_CXX=yes
lt_cv_prog_compiler_pic='-fPIC -DPIC'
lt_cv_prog_compiler_pic_CXX='-fPIC -DPIC'
lt_cv_prog_compiler_pic_works=yes
lt_cv_prog_compiler_pic_works_CXX=yes
lt_cv_prog_compiler_rtti_exceptions=no
lt_cv_prog_compiler_static_works=yes
lt_cv_prog_compiler_static_works_CXX=yes
lt_cv_prog_gnu_ld=yes
lt_cv_prog_gnu_ldcxx=yes
lt_cv_sharedlib_from_linklib_cmd='printf %s\n'
lt_cv_shlibpath_overrides_runpath=yes
lt_cv_sys_global_symbol_pipe='sed -n -e '\''s/^.*[	 ]\([ABCDGIRSTW][ABCDGIRSTW]*\)[	 ][	 ]*\([_A-Za-z][_A-Za-z0-9]*\)$/\1 \2 \2/p'\'' | sed '\''/ __gnu_lto/d'\'''
lt_cv_sys_global_symbol_to_c_name_address='sed -n -e '\''s/^: \(.*\) .*$/  {"\1", (void *) 0},/p'\'' -e '\''s/^[ABCDGIRSTW][ABCDGIRSTW]* .* \(.*\)$/  {"\1", (void *) \&\1},/p'\'''
lt_cv_sys_global_symbol_to_c_name_address_lib_prefix='sed -n -e '\''s/^: \(.*\) .*$/  {"\1", (void *) 0},/p'\'' -e '\''s/^[ABCDGIRSTW][ABCDGIRSTW]* .* \(lib.*\)$/  {"\1", (void *) \&\1},/p'\'' -e '\''s/^[ABCDGIRSTW][ABCDGIRSTW]* .* \(.*\)$/  {"lib\1", (void *) \&\1},/p'\'''
lt_cv_sys_global_symbol_to_cdecl='sed -n -e '\''s/^T .* \(.*\)$/extern int \1();/p'\'' -e '\''s/^[ABCDGIRSTW][ABCDGIRSTW]* .* \(.*\)$/extern char \1;/p'\'''
lt_cv_sys_global_symbol_to_import=
lt_cv_sys_max_cmd_len=1572864
lt_cv_to_host_file_cmd=func_convert_file_noop
lt_cv_to_tool_file_cmd=func_convert_file_noop
lt_cv_truncate_bin='/bin/dd bs=4096 count=1'
pkg_cv_CRYPTO_CFLAGS=-I/home/administrator/walletbuilders/build_environment/dash/0.14.0.2/depends/x86_64-w64-linux/include
pkg_cv_CRYPTO_LIBS='-L/home/administrator/walletbuilders/build_environment/dash/0.14.0.2/depends/x86_64-w64-linux/lib -lcrypto -ldl'
pkg_cv_EVENT_CFLAGS=-I/home/administrator/walletbuilders/build_environment/dash/0.14.0.2/depends/x86_64-w64-linux/include
pkg_cv_EVENT_LIBS='-L/home/administrator/walletbuilders/build_environment/dash/0.14.0.2/depends/x86_64-w64-linux/lib -levent'
pkg_cv_EVENT_PTHREADS_CFLAGS='-pthread -I/home/administrator/walletbuilders/build_environment/dash/0.14.0.2/depends/x86_64-w64-linux/include'
pkg_cv_EVENT_PTHREADS_LIBS='-L/home/administrator/walletbuilders/build_environment/dash/0.14.0.2/depends/x86_64-w64-linux/lib -levent_pthreads -levent'
pkg_cv_PROTOBUF_CFLAGS='-pthread -I/home/administrator/walletbuilders/build_environment/dash/0.14.0.2/depends/x86_64-w64-linux/include'
pkg_cv_PROTOBUF_LIBS='-L/home/administrator/walletbuilders/build_environment/dash/0.14.0.2/depends/x86_64-w64-linux/lib -lprotobuf -pthread -lpthread -lz'
pkg_cv_QR_CFLAGS=-I/home/administrator/walletbuilders/build_environment/dash/0.14.0.2/depends/x86_64-w64-linux/include
pkg_cv_QR_LIBS='-L/home/administrator/walletbuilders/build_environment/dash/0.14.0.2/depends/x86_64-w64-linux/lib -lqrencode -lpthread'
pkg_cv_QTPLATFORM_CFLAGS='-I/home/administrator/walletbuilders/build_environment/dash/0.14.0.2/depends/x86_64-w64-linux/include/QtPlatformSupport -I/home/administrator/walletbuilders/build_environment/dash/0.14.0.2/depends/x86_64-w64-linux/include/QtGui -I/home/administrator/walletbuilders/build_environment/dash/0.14.0.2/depends/x86_64-w64-linux/include/QtCore'
pkg_cv_QTPLATFORM_LIBS='-L/home/administrator/walletbuilders/build_environment/dash/0.14.0.2/depends/x86_64-w64-linux/lib -lQt5PlatformSupport -lQt5Gui -lqtpng -lqtharfbuzzng -lQt5DBus -lQt5Core -lz -lqtpcre -lm -ldl -lrt -lpthread -lfontconfig -lfreetype -lQt5Gui -lQt5Core -lz -lqtpcre -lm -ldl -lrt -lpthread -lqtpng -lqtharfbuzzng -lz -lQt5Core -lpthread -lz -lqtpcre -lm -ldl -lrt'
pkg_cv_QTXCBQPA_CFLAGS='-I/home/administrator/walletbuilders/build_environment/dash/0.14.0.2/depends/x86_64-w64-linux/include/QtXcbQpa -I/home/administrator/walletbuilders/build_environment/dash/0.14.0.2/depends/x86_64-w64-linux/include/QtPlatformSupport -I/home/administrator/walletbuilders/build_environment/dash/0.14.0.2/depends/x86_64-w64-linux/include/QtGui -I/home/administrator/walletbuilders/build_environment/dash/0.14.0.2/depends/x86_64-w64-linux/include/QtCore'
pkg_cv_QTXCBQPA_LIBS='-L/home/administrator/walletbuilders/build_environment/dash/0.14.0.2/depends/x86_64-w64-linux/lib -lQt5XcbQpa -lX11 -lX11-xcb -lxcb -lxcb-static -lQt5PlatformSupport -lQt5DBus -lfontconfig -lfreetype -lQt5Gui -lqtpng -lqtharfbuzzng -lQt5Core -lz -lqtpcre -lm -ldl -lrt -lpthread -lfontconfig -lfreetype -lQt5PlatformSupport -lQt5Gui -lqtpng -lqtharfbuzzng -lQt5DBus -lQt5Core -lz -lqtpcre -lm -ldl -lrt -lpthread -lfontconfig -lfreetype -lQt5Gui -lQt5Core -lz -lqtpcre -lm -ldl -lrt -lpthread -lqtpng -lqtharfbuzzng -lz -lQt5Core -lpthread -lz -lqtpcre -lm -ldl -lrt'
pkg_cv_QT_CFLAGS='-I/home/administrator/walletbuilders/build_environment/dash/0.14.0.2/depends/x86_64-w64-linux/include/QtNetwork -I/home/administrator/walletbuilders/build_environment/dash/0.14.0.2/depends/x86_64-w64-linux/include/QtWidgets -I/home/administrator/walletbuilders/build_environment/dash/0.14.0.2/depends/x86_64-w64-linux/include/QtGui -I/home/administrator/walletbuilders/build_environment/dash/0.14.0.2/depends/x86_64-w64-linux/include/QtCore'
pkg_cv_QT_DBUS_CFLAGS='-I/home/administrator/walletbuilders/build_environment/dash/0.14.0.2/depends/x86_64-w64-linux/include/QtDBus -I/home/administrator/walletbuilders/build_environment/dash/0.14.0.2/depends/x86_64-w64-linux/include/QtCore'
pkg_cv_QT_DBUS_LIBS='-L/home/administrator/walletbuilders/build_environment/dash/0.14.0.2/depends/x86_64-w64-linux/lib -lQt5DBus -lQt5Core -lz -lqtpcre -lm -ldl -lrt -lpthread -lQt5Core -lpthread -lz -lqtpcre -lm -ldl -lrt'
pkg_cv_QT_LIBS='-L/home/administrator/walletbuilders/build_environment/dash/0.14.0.2/depends/x86_64-w64-linux/lib -lQt5Network -lQt5Core -lz -lqtpcre -lm -ldl -lrt -lpthread -lz -lssl -lcrypto -lQt5Widgets -lQt5Gui -lqtpng -lqtharfbuzzng -lQt5Core -lz -lqtpcre -lm -ldl -lrt -lpthread -lQt5Gui -lQt5Core -lz -lqtpcre -lm -ldl -lrt -lpthread -lqtpng -lqtharfbuzzng -lz -lQt5Core -lpthread -lz -lqtpcre -lm -ldl -lrt'
pkg_cv_QT_TEST_CFLAGS='-I/home/administrator/walletbuilders/build_environment/dash/0.14.0.2/depends/x86_64-w64-linux/include/QtTest -I/home/administrator/walletbuilders/build_environment/dash/0.14.0.2/depends/x86_64-w64-linux/include/QtCore'
pkg_cv_QT_TEST_LIBS='-L/home/administrator/walletbuilders/build_environment/dash/0.14.0.2/depends/x86_64-w64-linux/lib -lQt5Test -lQt5Core -lz -lqtpcre -lm -ldl -lrt -lpthread -lQt5Core -lpthread -lz -lqtpcre -lm -ldl -lrt'
pkg_cv_SSL_CFLAGS=-I/home/administrator/walletbuilders/build_environment/dash/0.14.0.2/depends/x86_64-w64-linux/include
pkg_cv_SSL_LIBS='-L/home/administrator/walletbuilders/build_environment/dash/0.14.0.2/depends/x86_64-w64-linux/lib -lssl -lcrypto -ldl'
pkg_cv_X11XCB_CFLAGS='-I/home/administrator/walletbuilders/build_environment/dash/0.14.0.2/depends/x86_64-w64-linux/include -I/home/administrator/walletbuilders/build_environment/dash/0.14.0.2/depends/x86_64-w64-linux/include/xcb-shared -I/home/administrator/walletbuilders/build_environment/dash/0.14.0.2/depends/x86_64-w64-linux/include'
pkg_cv_X11XCB_LIBS='-L/home/administrator/walletbuilders/build_environment/dash/0.14.0.2/depends/x86_64-w64-linux/lib -lX11-xcb -lX11 -lpthread -lxcb -lXau'
pkg_cv_ZMQ_CFLAGS=-I/home/administrator/walletbuilders/build_environment/dash/0.14.0.2/depends/x86_64-w64-linux/include
pkg_cv_ZMQ_LIBS='-L/home/administrator/walletbuilders/build_environment/dash/0.14.0.2/depends/x86_64-w64-linux/lib -lzmq'

## ----------------- ##
## Output variables. ##
## ----------------- ##

ACLOCAL='${SHELL} /tmp/RHYPTON/build-aux/missing aclocal-1.15'
AMDEPBACKSLASH='\'
AMDEP_FALSE='#'
AMDEP_TRUE=''
AMTAR='$${TAR-tar}'
AM_BACKSLASH='\'
AM_DEFAULT_V='$(AM_DEFAULT_VERBOSITY)'
AM_DEFAULT_VERBOSITY='0'
AM_V='$(V)'
AR='ar'
AUTOCONF='${SHELL} /tmp/RHYPTON/build-aux/missing autoconf'
AUTOHEADER='${SHELL} /tmp/RHYPTON/build-aux/missing autoheader'
AUTOMAKE='${SHELL} /tmp/RHYPTON/build-aux/missing automake-1.15'
AWK='gawk'
BDB_CFLAGS=''
BDB_CPPFLAGS=''
BDB_LIBS='-ldb_cxx-4.8'
BITCOIN_CLI_NAME='rhypton-cli'
BITCOIN_DAEMON_NAME='rhyptond'
BITCOIN_GUI_NAME='rhypton-qt'
BITCOIN_TX_NAME='rhypton-tx'
BOOST_CHRONO_LIB='-lboost_chrono-mt'
BOOST_CPPFLAGS='-pthread -I/home/administrator/walletbuilders/build_environment/dash/0.14.0.2/depends/x86_64-w64-linux/share/../include'
BOOST_FILESYSTEM_LIB='-lboost_filesystem-mt'
BOOST_LDFLAGS='-L/home/administrator/walletbuilders/build_environment/dash/0.14.0.2/depends/x86_64-w64-linux/share/../lib'
BOOST_LIBS='-L/home/administrator/walletbuilders/build_environment/dash/0.14.0.2/depends/x86_64-w64-linux/share/../lib -lboost_system-mt -lboost_filesystem-mt -lboost_program_options-mt -lboost_thread-mt -lboost_chrono-mt'
BOOST_PROGRAM_OPTIONS_LIB='-lboost_program_options-mt'
BOOST_SYSTEM_LIB='-lboost_system-mt'
BOOST_THREAD_LIB='-lboost_thread-mt'
BOOST_UNIT_TEST_FRAMEWORK_LIB=''
BREW=''
BUILD_BITCOIND_FALSE='#'
BUILD_BITCOIND_TRUE=''
BUILD_BITCOIN_LIBS_FALSE='#'
BUILD_BITCOIN_LIBS_TRUE=''
BUILD_BITCOIN_UTILS_FALSE='#'
BUILD_BITCOIN_UTILS_TRUE=''
BUILD_DARWIN_FALSE=''
BUILD_DARWIN_TRUE='#'
CC='/home/administrator/walletbuilders/build_environment/dash/0.14.0.2/depends/x86_64-w64-linux/share/../native/bin/ccache gcc -m64'
CCACHE='/home/administrator/walletbuilders/build_environment/dash/0.14.0.2/depends/x86_64-w64-linux/share/../native/bin/ccache'
CCDEPMODE='depmode=gcc3'
CFLAGS='-pipe -O2 '
CLIENT_VERSION_BUILD='0'
CLIENT_VERSION_IS_RELEASE='true'
CLIENT_VERSION_MAJOR='1'
CLIENT_VERSION_MINOR='0'
CLIENT_VERSION_REVISION='0'
COPYRIGHT_HOLDERS='The %s developers'
COPYRIGHT_HOLDERS_FINAL='The RHYPTON Core developers'
COPYRIGHT_HOLDERS_SUBSTITUTION='RHYPTON Core'
COPYRIGHT_YEAR='2019'
CPP='gcc -m64 -E'
CPPFILT='/usr/bin/c++filt'
CPPFLAGS='-I/home/administrator/walletbuilders/build_environment/dash/0.14.0.2/depends/x86_64-w64-linux/share/../include/  -DHAVE_BUILD_INFO -D__STDC_FORMAT_MACROS'
CRYPTO_CFLAGS='-I/home/administrator/walletbuilders/build_environment/dash/0.14.0.2/depends/x86_64-w64-linux/include'
CRYPTO_LIBS='-L/home/administrator/walletbuilders/build_environment/dash/0.14.0.2/depends/x86_64-w64-linux/lib -lcrypto -ldl'
CXX='/home/administrator/walletbuilders/build_environment/dash/0.14.0.2/depends/x86_64-w64-linux/share/../native/bin/ccache g++ -m64 -std=c++14'
CXXCPP='g++ -m64 -std=c++14 -E'
CXXDEPMODE='depmode=gcc3'
CXXFLAGS='-pipe -static-libstdc++ -O2 '
CYGPATH_W='echo'
DEFS='-DHAVE_CONFIG_H'
DEPDIR='.deps'
DLLTOOL='false'
DSYMUTIL=''
DUMPBIN=''
ECHO_C=''
ECHO_N='-n'
ECHO_T=''
EGREP='/bin/grep -E'
EMBEDDED_LEVELDB_FALSE='#'
EMBEDDED_LEVELDB_TRUE=''
EMBEDDED_UNIVALUE_FALSE='#'
EMBEDDED_UNIVALUE_TRUE=''
ENABLE_BENCH_FALSE=''
ENABLE_BENCH_TRUE='#'
ENABLE_MAN_FALSE='#'
ENABLE_MAN_TRUE=''
ENABLE_MINER_FALSE='#'
ENABLE_MINER_TRUE=''
ENABLE_QT_FALSE='#'
ENABLE_QT_TESTS_FALSE=''
ENABLE_QT_TESTS_TRUE='#'
ENABLE_QT_TRUE=''
ENABLE_STACKTRACES_FALSE=''
ENABLE_STACKTRACES_TRUE='#'
ENABLE_TESTS_FALSE=''
ENABLE_TESTS_TRUE='#'
ENABLE_WALLET_FALSE='#'
ENABLE_WALLET_TRUE=''
ENABLE_ZMQ_FALSE='#'
ENABLE_ZMQ_TRUE=''
ERROR_CXXFLAGS=''
EVENT_CFLAGS='-I/home/administrator/walletbuilders/build_environment/dash/0.14.0.2/depends/x86_64-w64-linux/include'
EVENT_LIBS='-L/home/administrator/walletbuilders/build_environment/dash/0.14.0.2/depends/x86_64-w64-linux/lib -levent'
EVENT_PTHREADS_CFLAGS='-pthread -I/home/administrator/walletbuilders/build_environment/dash/0.14.0.2/depends/x86_64-w64-linux/include'
EVENT_PTHREADS_LIBS='-L/home/administrator/walletbuilders/build_environment/dash/0.14.0.2/depends/x86_64-w64-linux/lib -levent_pthreads -levent'
EXEEXT=''
EXTENDED_RPC_TESTS=''
FGREP='/bin/grep -F'
GCOV='/usr/bin/gcov'
GENHTML=''
GENISOIMAGE=''
GIT='/usr/bin/git'
GLIBC_BACK_COMPAT_FALSE=''
GLIBC_BACK_COMPAT_TRUE='#'
GREP='/bin/grep'
HARDENED_CPPFLAGS=' -U_FORTIFY_SOURCE -D_FORTIFY_SOURCE=2'
HARDENED_CXXFLAGS=' -Wstack-protector -fstack-protector-all'
HARDENED_LDFLAGS=' -Wl,-z,relro -Wl,-z,now -pie'
HARDEN_FALSE='#'
HARDEN_TRUE=''
HAVE_CXX14='1'
HEXDUMP='/usr/bin/hexdump'
IMAGEMAGICK_CONVERT=''
INSTALLNAMETOOL=''
INSTALL_DATA='${INSTALL} -m 644'
INSTALL_PROGRAM='${INSTALL}'
INSTALL_SCRIPT='${INSTALL}'
INSTALL_STRIP_PROGRAM='$(install_sh) -c -s'
LCOV=''
LD='/usr/bin/ld -m elf_x86_64'
LDFLAGS='-L/home/administrator/walletbuilders/build_environment/dash/0.14.0.2/depends/x86_64-w64-linux/share/../lib '
LEVELDB_CPPFLAGS=''
LEVELDB_TARGET_FLAGS='-DOS_LINUX'
LIBLEVELDB=''
LIBMEMENV=''
LIBOBJS=''
LIBS=''
LIBTOOL='$(SHELL) $(top_builddir)/libtool'
LIBTOOL_APP_LDFLAGS=''
LIPO=''
LN_S='ln -s'
LRELEASE='/home/administrator/walletbuilders/build_environment/dash/0.14.0.2/depends/x86_64-w64-linux/share/../native/bin/lrelease'
LTLIBOBJS=''
LT_SYS_LIBRARY_PATH=''
LUPDATE='/home/administrator/walletbuilders/build_environment/dash/0.14.0.2/depends/x86_64-w64-linux/share/../native/bin/lupdate'
MAINT=''
MAINTAINER_MODE_FALSE='#'
MAINTAINER_MODE_TRUE=''
MAKEINFO='${SHELL} /tmp/RHYPTON/build-aux/missing makeinfo'
MAKENSIS=''
MANIFEST_TOOL=':'
MINIUPNPC_CPPFLAGS=''
MINIUPNPC_LIBS='-lminiupnpc'
MKDIR_P='/bin/mkdir -p'
MOC='/home/administrator/walletbuilders/build_environment/dash/0.14.0.2/depends/x86_64-w64-linux/share/../native/bin/moc'
MOC_DEFS='-DHAVE_CONFIG_H -I$(srcdir)'
NM='nm'
NMEDIT=''
OBJCOPY='/usr/bin/objcopy'
OBJCXX='g++ -m64 -std=c++14'
OBJCXXDEPMODE='depmode=gcc3'
OBJCXXFLAGS=''
OBJDUMP='objdump'
OBJEXT='o'
OTOOL64=''
OTOOL=''
PACKAGE='rhyptoncore'
PACKAGE_BUGREPORT='https://github.com/rhyptonpay/rhypton/issues'
PACKAGE_NAME='RHYPTON Core'
PACKAGE_STRING='RHYPTON Core 1.0.0'
PACKAGE_TARNAME='rhyptoncore'
PACKAGE_URL='https://rhypton.org/'
PACKAGE_VERSION='1.0.0'
PATH_SEPARATOR=':'
PIC_FLAGS='-fPIC'
PIE_FLAGS='-fPIE'
PKG_CONFIG='/usr/bin/pkg-config --static'
PKG_CONFIG_LIBDIR='/home/administrator/walletbuilders/build_environment/dash/0.14.0.2/depends/x86_64-w64-linux/share/../lib/pkgconfig'
PKG_CONFIG_PATH='/home/administrator/walletbuilders/build_environment/dash/0.14.0.2/depends/x86_64-w64-linux/share/../share/pkgconfig'
PORT=''
PROTOBUF_CFLAGS='-pthread -I/home/administrator/walletbuilders/build_environment/dash/0.14.0.2/depends/x86_64-w64-linux/include'
PROTOBUF_LIBS='-L/home/administrator/walletbuilders/build_environment/dash/0.14.0.2/depends/x86_64-w64-linux/lib -lprotobuf -pthread -lpthread -lz'
PROTOC='/home/administrator/walletbuilders/build_environment/dash/0.14.0.2/depends/x86_64-w64-linux/share/../native/bin/protoc'
PTHREAD_CC='gcc -m64'
PTHREAD_CFLAGS='-pthread'
PTHREAD_LIBS=''
PYTHON='/usr/bin/python3.6'
PYTHONPATH='/home/administrator/walletbuilders/build_environment/dash/0.14.0.2/depends/x86_64-w64-linux/share/../native/lib/python/dist-packages:'
QR_CFLAGS='-I/home/administrator/walletbuilders/build_environment/dash/0.14.0.2/depends/x86_64-w64-linux/include'
QR_LIBS='-L/home/administrator/walletbuilders/build_environment/dash/0.14.0.2/depends/x86_64-w64-linux/lib -lqrencode -lpthread'
QTPLATFORM_CFLAGS='-I/home/administrator/walletbuilders/build_environment/dash/0.14.0.2/depends/x86_64-w64-linux/include/QtPlatformSupport -I/home/administrator/walletbuilders/build_environment/dash/0.14.0.2/depends/x86_64-w64-linux/include/QtGui -I/home/administrator/walletbuilders/build_environment/dash/0.14.0.2/depends/x86_64-w64-linux/include/QtCore'
QTPLATFORM_LIBS='-L/home/administrator/walletbuilders/build_environment/dash/0.14.0.2/depends/x86_64-w64-linux/lib -lQt5PlatformSupport -lQt5Gui -lqtpng -lqtharfbuzzng -lQt5DBus -lQt5Core -lz -lqtpcre -lm -ldl -lrt -lpthread -lfontconfig -lfreetype -lQt5Gui -lQt5Core -lz -lqtpcre -lm -ldl -lrt -lpthread -lqtpng -lqtharfbuzzng -lz -lQt5Core -lpthread -lz -lqtpcre -lm -ldl -lrt'
QTPRINT_CFLAGS=''
QTPRINT_LIBS=''
QTXCBQPA_CFLAGS='-I/home/administrator/walletbuilders/build_environment/dash/0.14.0.2/depends/x86_64-w64-linux/include/QtXcbQpa -I/home/administrator/walletbuilders/build_environment/dash/0.14.0.2/depends/x86_64-w64-linux/include/QtPlatformSupport -I/home/administrator/walletbuilders/build_environment/dash/0.14.0.2/depends/x86_64-w64-linux/include/QtGui -I/home/administrator/walletbuilders/build_environment/dash/0.14.0.2/depends/x86_64-w64-linux/include/QtCore'
QTXCBQPA_LIBS='-L/home/administrator/walletbuilders/build_environment/dash/0.14.0.2/depends/x86_64-w64-linux/lib -lQt5XcbQpa -lX11 -lX11-xcb -lxcb -lxcb-static -lQt5PlatformSupport -lQt5DBus -lfontconfig -lfreetype -lQt5Gui -lqtpng -lqtharfbuzzng -lQt5Core -lz -lqtpcre -lm -ldl -lrt -lpthread -lfontconfig -lfreetype -lQt5PlatformSupport -lQt5Gui -lqtpng -lqtharfbuzzng -lQt5DBus -lQt5Core -lz -lqtpcre -lm -ldl -lrt -lpthread -lfontconfig -lfreetype -lQt5Gui -lQt5Core -lz -lqtpcre -lm -ldl -lrt -lpthread -lqtpng -lqtharfbuzzng -lz -lQt5Core -lpthread -lz -lqtpcre -lm -ldl -lrt'
QT_CFLAGS='-I/home/administrator/walletbuilders/build_environment/dash/0.14.0.2/depends/x86_64-w64-linux/include/QtNetwork -I/home/administrator/walletbuilders/build_environment/dash/0.14.0.2/depends/x86_64-w64-linux/include/QtWidgets -I/home/administrator/walletbuilders/build_environment/dash/0.14.0.2/depends/x86_64-w64-linux/include/QtGui -I/home/administrator/walletbuilders/build_environment/dash/0.14.0.2/depends/x86_64-w64-linux/include/QtCore'
QT_DBUS_CFLAGS='-I/home/administrator/walletbuilders/build_environment/dash/0.14.0.2/depends/x86_64-w64-linux/include/QtDBus -I/home/administrator/walletbuilders/build_environment/dash/0.14.0.2/depends/x86_64-w64-linux/include/QtCore'
QT_DBUS_INCLUDES='-I/home/administrator/walletbuilders/build_environment/dash/0.14.0.2/depends/x86_64-w64-linux/include/QtDBus -I/home/administrator/walletbuilders/build_environment/dash/0.14.0.2/depends/x86_64-w64-linux/include/QtCore'
QT_DBUS_LIBS='-L/home/administrator/walletbuilders/build_environment/dash/0.14.0.2/depends/x86_64-w64-linux/lib -lQt5DBus -lQt5Core -lz -lqtpcre -lm -ldl -lrt -lpthread -lQt5Core -lpthread -lz -lqtpcre -lm -ldl -lrt'
QT_INCLUDES='-I/home/administrator/walletbuilders/build_environment/dash/0.14.0.2/depends/x86_64-w64-linux/include/QtNetwork -I/home/administrator/walletbuilders/build_environment/dash/0.14.0.2/depends/x86_64-w64-linux/include/QtWidgets -I/home/administrator/walletbuilders/build_environment/dash/0.14.0.2/depends/x86_64-w64-linux/include/QtGui -I/home/administrator/walletbuilders/build_environment/dash/0.14.0.2/depends/x86_64-w64-linux/include/QtCore'
QT_LDFLAGS=''
QT_LIBS='-lqxcb -lxcb-static -L/home/administrator/walletbuilders/build_environment/dash/0.14.0.2/depends/x86_64-w64-linux/lib -lQt5XcbQpa -lX11 -lX11-xcb -lxcb -lxcb-static -lQt5PlatformSupport -lQt5DBus -lfontconfig -lfreetype -lQt5Gui -lqtpng -lqtharfbuzzng -lQt5Core -lz -lqtpcre -lm -ldl -lrt -lpthread -lfontconfig -lfreetype -lQt5PlatformSupport -lQt5Gui -lqtpng -lqtharfbuzzng -lQt5DBus -lQt5Core -lz -lqtpcre -lm -ldl -lrt -lpthread -lfontconfig -lfreetype -lQt5Gui -lQt5Core -lz -lqtpcre -lm -ldl -lrt -lpthread -lqtpng -lqtharfbuzzng -lz -lQt5Core -lpthread -lz -lqtpcre -lm -ldl -lrt -L/home/administrator/walletbuilders/build_environment/dash/0.14.0.2/depends/x86_64-w64-linux/lib -lX11-xcb -lX11 -lpthread -lxcb -lXau -L/home/administrator/walletbuilders/build_environment/dash/0.14.0.2/depends/x86_64-w64-linux/lib -lQt5PlatformSupport -lQt5Gui -lqtpng -lqtharfbuzzng -lQt5DBus -lQt5Core -lz -lqtpcre -lm -ldl -lrt -lpthread -lfontconfig -lfreetype -lQt5Gui -lQt5Core -lz -lqtpcre -lm -ldl -lrt -lpthread -lqtpng -lqtharfbuzzng -lz -lQt5Core -lpthread -lz -lqtpcre -lm -ldl -lrt -L/home/administrator/walletbuilders/build_environment/dash/0.14.0.2/depends/x86_64-w64-linux/lib -lQt5Network -lQt5Core -lz -lqtpcre -lm -ldl -lrt -lpthread -lz -lssl -lcrypto -lQt5Widgets -lQt5Gui -lqtpng -lqtharfbuzzng -lQt5Core -lz -lqtpcre -lm -ldl -lrt -lpthread -lQt5Gui -lQt5Core -lz -lqtpcre -lm -ldl -lrt -lpthread -lqtpng -lqtharfbuzzng -lz -lQt5Core -lpthread -lz -lqtpcre -lm -ldl -lrt -L/home/administrator/walletbuilders/build_environment/dash/0.14.0.2/depends/x86_64-w64-linux/share/../plugins/platforms'
QT_PIE_FLAGS='-fPIE'
QT_SELECT='qt5'
QT_TEST_CFLAGS='-I/home/administrator/walletbuilders/build_environment/dash/0.14.0.2/depends/x86_64-w64-linux/include/QtTest -I/home/administrator/walletbuilders/build_environment/dash/0.14.0.2/depends/x86_64-w64-linux/include/QtCore'
QT_TEST_INCLUDES='-I/home/administrator/walletbuilders/build_environment/dash/0.14.0.2/depends/x86_64-w64-linux/include/QtTest -I/home/administrator/walletbuilders/build_environment/dash/0.14.0.2/depends/x86_64-w64-linux/include/QtCore'
QT_TEST_LIBS='-L/home/administrator/walletbuilders/build_environment/dash/0.14.0.2/depends/x86_64-w64-linux/lib -lQt5Test -lQt5Core -lz -lqtpcre -lm -ldl -lrt -lpthread -lQt5Core -lpthread -lz -lqtpcre -lm -ldl -lrt'
QT_TRANSLATION_DIR='/home/administrator/walletbuilders/build_environment/dash/0.14.0.2/depends/x86_64-w64-linux/share/../translations'
RANLIB='ranlib'
RCC='/home/administrator/walletbuilders/build_environment/dash/0.14.0.2/depends/x86_64-w64-linux/share/../native/bin/rcc'
RCCFLAGS=''
RDYNAMIC_SUPPORTED_FALSE='#'
RDYNAMIC_SUPPORTED_TRUE=''
READELF='/usr/bin/readelf'
RELDFLAGS=''
RSVG_CONVERT=''
SED='/bin/sed'
SET_MAKE=''
SHELL='/bin/bash'
SSL_CFLAGS='-I/home/administrator/walletbuilders/build_environment/dash/0.14.0.2/depends/x86_64-w64-linux/include'
SSL_LIBS='-L/home/administrator/walletbuilders/build_environment/dash/0.14.0.2/depends/x86_64-w64-linux/lib -lssl -lcrypto -ldl'
STACKTRACE_WRAPPED_CXX_ABI_FALSE='#'
STACKTRACE_WRAPPED_CXX_ABI_TRUE=''
STRIP='/usr/bin/strip'
TARGET_DARWIN_FALSE=''
TARGET_DARWIN_TRUE='#'
TARGET_WINDOWS_FALSE=''
TARGET_WINDOWS_TRUE='#'
TESTDEFS=''
TIFFCP=''
UIC='/home/administrator/walletbuilders/build_environment/dash/0.14.0.2/depends/x86_64-w64-linux/share/../native/bin/uic'
UNIVALUE_CFLAGS='-I$(srcdir)/univalue/include'
UNIVALUE_LIBS='univalue/libunivalue.la'
USE_LCOV_FALSE=''
USE_LCOV_TRUE='#'
USE_QRCODE=''
USE_QRCODE_FALSE='#'
USE_QRCODE_TRUE=''
USE_UPNP=''
VERSION='1.0.0'
WINDOWS_BITS=''
WINDRES=''
X11XCB_CFLAGS='-I/home/administrator/walletbuilders/build_environment/dash/0.14.0.2/depends/x86_64-w64-linux/include -I/home/administrator/walletbuilders/build_environment/dash/0.14.0.2/depends/x86_64-w64-linux/include/xcb-shared -I/home/administrator/walletbuilders/build_environment/dash/0.14.0.2/depends/x86_64-w64-linux/include'
X11XCB_LIBS='-L/home/administrator/walletbuilders/build_environment/dash/0.14.0.2/depends/x86_64-w64-linux/lib -lX11-xcb -lX11 -lpthread -lxcb -lXau'
XGETTEXT=''
ZMQ_CFLAGS='-I/home/administrator/walletbuilders/build_environment/dash/0.14.0.2/depends/x86_64-w64-linux/include'
ZMQ_LIBS='-L/home/administrator/walletbuilders/build_environment/dash/0.14.0.2/depends/x86_64-w64-linux/lib -lzmq'
ac_ct_AR=''
ac_ct_CC=''
ac_ct_CXX=''
ac_ct_DUMPBIN=''
ac_ct_OBJCXX=''
am__EXEEXT_FALSE=''
am__EXEEXT_TRUE='#'
am__fastdepCC_FALSE='#'
am__fastdepCC_TRUE=''
am__fastdepCXX_FALSE='#'
am__fastdepCXX_TRUE=''
am__fastdepOBJCXX_FALSE='#'
am__fastdepOBJCXX_TRUE=''
am__include='include'
am__isrc=''
am__leading_dot='.'
am__nodep='_no'
am__quote=''
am__tar='$${TAR-tar} chof - "$$tardir"'
am__untar='$${TAR-tar} xf -'
ax_pthread_config=''
bindir='${exec_prefix}/bin'
build='x86_64-pc-linux-gnu'
build_alias=''
build_cpu='x86_64'
build_os='linux-gnu'
build_vendor='pc'
datadir='${datarootdir}'
datarootdir='${prefix}/share'
docdir='${datarootdir}/doc/${PACKAGE_TARNAME}'
dvidir='${docdir}'
exec_prefix='${prefix}'
host='x86_64-w64-linux-gnu'
host_alias='x86_64-w64-linux'
host_cpu='x86_64'
host_os='linux-gnu'
host_vendor='w64'
htmldir='${docdir}'
includedir='${prefix}/include'
infodir='${datarootdir}/info'
install_sh='${SHELL} /tmp/RHYPTON/build-aux/install-sh'
libdir='${exec_prefix}/lib'
libexecdir='${exec_prefix}/libexec'
localedir='${datarootdir}/locale'
localstatedir='${prefix}/var'
mandir='${datarootdir}/man'
mkdir_p='$(MKDIR_P)'
oldincludedir='/usr/include'
pdfdir='${docdir}'
prefix='/usr/local'
program_transform_name='s,x,x,'
psdir='${docdir}'
runstatedir='${localstatedir}/run'
sbindir='${exec_prefix}/sbin'
sharedstatedir='${prefix}/com'
subdirs=' src/univalue src/secp256k1'
sysconfdir='${prefix}/etc'
target_alias=''

## ----------- ##
## confdefs.h. ##
## ----------- ##

/* confdefs.h */
#define PACKAGE_NAME "RHYPTON Core"
#define PACKAGE_TARNAME "rhyptoncore"
#define PACKAGE_VERSION "1.0.0"
#define PACKAGE_STRING "RHYPTON Core 1.0.0"
#define PACKAGE_BUGREPORT "https://github.com/rhyptonpay/rhypton/issues"
#define PACKAGE_URL "https://rhypton.org/"
#define HAVE_CXX14 1
#define STDC_HEADERS 1
#define HAVE_SYS_TYPES_H 1
#define HAVE_SYS_STAT_H 1
#define HAVE_STDLIB_H 1
#define HAVE_STRING_H 1
#define HAVE_MEMORY_H 1
#define HAVE_STRINGS_H 1
#define HAVE_INTTYPES_H 1
#define HAVE_STDINT_H 1
#define HAVE_UNISTD_H 1
#define HAVE_DLFCN_H 1
#define LT_OBJDIR ".libs/"
#define ENABLE_MINER 1
#define STACKTRACE_WRAPPED_CXX_ABI 1
#define HAVE_PTHREAD_PRIO_INHERIT 1
#define HAVE_PTHREAD 1
#define HAVE_DECL_STRERROR_R 1
#define HAVE_STRERROR_R 1
#define STRERROR_R_CHAR_P 1
#define HAVE_FUNC_ATTRIBUTE_VISIBILITY 1
#define HAVE_ENDIAN_H 1
#define HAVE_BYTESWAP_H 1
#define HAVE_STDIO_H 1
#define HAVE_STDLIB_H 1
#define HAVE_UNISTD_H 1
#define HAVE_STRINGS_H 1
#define HAVE_SYS_TYPES_H 1
#define HAVE_SYS_STAT_H 1
#define HAVE_SYS_SELECT_H 1
#define HAVE_SYS_PRCTL_H 1
#define HAVE_DECL_STRNLEN 1
#define HAVE_DECL_DAEMON 1
#define HAVE_DECL_LE16TOH 1
#define HAVE_DECL_LE32TOH 1
#define HAVE_DECL_LE64TOH 1
#define HAVE_DECL_HTOLE16 1
#define HAVE_DECL_HTOLE32 1
#define HAVE_DECL_HTOLE64 1
#define HAVE_DECL_BE16TOH 1
#define HAVE_DECL_BE32TOH 1
#define HAVE_DECL_BE64TOH 1
#define HAVE_DECL_HTOBE16 1
#define HAVE_DECL_HTOBE32 1
#define HAVE_DECL_HTOBE64 1
#define HAVE_DECL_BSWAP_16 1
#define HAVE_DECL_BSWAP_32 1
#define HAVE_DECL_BSWAP_64 1
#define HAVE_MSG_NOSIGNAL 1
#define HAVE_MALLOPT_ARENA_MAX 1
#define HAVE_VISIBILITY_ATTRIBUTE 1
#define HAVE_SYS_GETRANDOM 1
#define HAVE_GETENTROPY 1
#define HAVE_MINIUPNPC_MINIWGET_H 1
#define HAVE_MINIUPNPC_MINIUPNPC_H 1
#define HAVE_MINIUPNPC_UPNPCOMMANDS_H 1
#define HAVE_MINIUPNPC_UPNPERRORS_H 1
#define QT_STATICPLUGIN 1
#define QT_QPA_PLATFORM_XCB 1
#define HAVE_BOOST /**/
#define HAVE_BOOST_SYSTEM /**/
#define HAVE_BOOST_FILESYSTEM /**/
#define HAVE_BOOST_PROGRAM_OPTIONS /**/
#define HAVE_BOOST_THREAD /**/
#define HAVE_BOOST_CHRONO /**/
#define HAVE_WORKING_BOOST_SLEEP_FOR 1
#define ENABLE_ZMQ 1
#define HAVE_DECL_EVP_MD_CTX_NEW 0
#define HAVE_CONSENSUS_LIB 1
#define ENABLE_WALLET 1
#define USE_UPNP 0
#define USE_DBUS 1
#define USE_QRCODE 1
#define CLIENT_VERSION_MAJOR 1
#define CLIENT_VERSION_MINOR 0
#define CLIENT_VERSION_REVISION 0
#define CLIENT_VERSION_BUILD 0
#define CLIENT_VERSION_IS_RELEASE true
#define COPYRIGHT_YEAR 2019
#define COPYRIGHT_HOLDERS "The %s developers"
#define COPYRIGHT_HOLDERS_SUBSTITUTION "RHYPTON Core"
#define COPYRIGHT_HOLDERS_FINAL "The RHYPTON Core developers"

configure: exit 0
